#
# A fatal error has been detected by the Java Runtime Environment:
#
#  SIGSEGV (0xb) at pc=0x0000000111d75436, pid=2402, tid=0x0000000000009003
#
# JRE version: OpenJDK Runtime Environment (8.0_262-b10) (build 1.8.0_262-internal-b10)
# Java VM: OpenJDK 64-Bit Server VM (25.262-b10 mixed mode bsd-amd64 compressed oops)
# Problematic frame:
# V  [libjvm.dylib+0x575436]  Unsafe_SetByte+0xd2
#
# Failed to write core dump. Core dumps have been disabled. To enable core dumping, try "ulimit -c unlimited" before starting Java again
#
# If you would like to submit a bug report, please visit:
#   http://bugreport.java.com/bugreport/crash.jsp
#

---------------  T H R E A D  ---------------

Current thread (0x00007fefbe8cd800):  JavaThread "reactor-http-nio-5" daemon [_thread_in_vm, id=36867, stack(0x000070000ce5d000,0x000070000cf5d000)]

siginfo: si_signo: 11 (SIGSEGV), si_code: 1 (SEGV_MAPERR), si_addr: 0x0000000000000000

Registers:
RAX=0x0000000111f101c0, RBX=0x00007fefbe8cd800, RCX=0x00007fefc9800004, RDX=0x0000000000000000
RSP=0x000070000cf5be60, RBP=0x000070000cf5be90, RSI=0x000070000cf5bf48, RDI=0x00007fefbe8cda50
R8 =0x000000000000002f, R9 =0x0000000111ede608, R10=0x00000001144cb3db, R11=0x0000000111cec5d5
R12=0x0000000000000000, R13=0x0000000113bb8e60, R14=0x000000000000002f, R15=0x00007fefc9800004
RIP=0x0000000111d75436, EFLAGS=0x0000000000010246, ERR=0x0000000000000004
  TRAPNO=0x000000000000000e

Top of Stack: (sp=0x000070000cf5be60)
0x000070000cf5be60:   00007fefbe8cd800 00007fefbe8cd800
0x000070000cf5be70:   0000000113bb8e60 0000000000000000
0x000070000cf5be80:   000070000cf5bf48 00007fefbe8cd800
0x000070000cf5be90:   000070000cf5bf08 00000001144cb407
0x000070000cf5bea0:   0000000113bb8e60 000070000cf5bf48
0x000070000cf5beb0:   000070000cf5bf08 00000001144cb167
0x000070000cf5bec0:   00000001144cb122 000070000cf5bec8
0x000070000cf5bed0:   0000000113bb8e60 000070000cf5bf48
0x000070000cf5bee0:   0000000113be89c8 0000000000000000
0x000070000cf5bef0:   0000000113bb8e60 0000000000000000
0x000070000cf5bf00:   000070000cf5bf28 000070000cf5bf90
0x000070000cf5bf10:   00000001144baffd 0000000000000000
0x000070000cf5bf20:   00000001144c4a58 000000000000002f
0x000070000cf5bf30:   00007fefc9800004 00000001144c64f9
0x000070000cf5bf40:   0000000000000000 00000006c000cc78
0x000070000cf5bf50:   000070000cf5bf50 000000012e8c7a1e
0x000070000cf5bf60:   000070000cf5bfb8 000000012e8ca4f8
0x000070000cf5bf70:   0000000000000000 000000012e8c7a50
0x000070000cf5bf80:   000070000cf5bf28 000070000cf5bfa0
0x000070000cf5bf90:   000070000cf5c000 00000001144baffd
0x000070000cf5bfa0:   000000000000002f 00007fefc9800004
0x000070000cf5bfb0:   0000000000000000 0000000000000000
0x000070000cf5bfc0:   000070000cf5bfc0 000000012e87e39b
0x000070000cf5bfd0:   000070000cf5c028 000000012e8b7008
0x000070000cf5bfe0:   0000000000000000 000000012e87e3d0
0x000070000cf5bff0:   000070000cf5bfa0 000070000cf5c010
0x000070000cf5c000:   000070000cf5c070 00000001144baffd
0x000070000cf5c010:   000000000000002f 00007fefc9800004
0x000070000cf5c020:   0000000000000000 0000000000000000
0x000070000cf5c030:   000070000cf5c030 000000012f6fa9a1
0x000070000cf5c040:   000070000cf5c0f0 000000012f6fed58
0x000070000cf5c050:   0000000000000000 000000012f6fabc8 

Instructions: (pc=0x0000000111d75436)
0x0000000111d75416:   00 30 74 08 48 89 df e8 02 96 fe ff c7 83 c8 02
0x0000000111d75426:   00 00 06 00 00 00 48 89 5d d8 41 f6 c4 01 75 06
0x0000000111d75436:   49 8b 04 24 eb 08 4c 89 e7 e8 06 f5 db ff 46 88
0x0000000111d75446:   34 38 48 8d 7d d8 e8 cb 79 de ff 48 8d 7d d0 e8 

Register to memory mapping:

RAX=0x0000000111f101c0: _ZN20SafepointSynchronize6_stateE+0 in /Library/Java/JavaVirtualMachines/openlogic-openjdk-8.jdk/Contents/Home/jre/lib/server/libjvm.dylib at 0x0000000111800000
RBX=0x00007fefbe8cd800 is a thread
RCX=0x00007fefc9800004 is an unknown value
RDX=0x0000000000000000 is an unknown value
RSP=0x000070000cf5be60 is pointing into the stack for thread: 0x00007fefbe8cd800
RBP=0x000070000cf5be90 is pointing into the stack for thread: 0x00007fefbe8cd800
RSI=0x000070000cf5bf48 is pointing into the stack for thread: 0x00007fefbe8cd800
RDI=0x00007fefbe8cda50 is an unknown value
R8 =0x000000000000002f is an unknown value
R9 =0x0000000111ede608: _ZTV24external_word_Relocation+0x10 in /Library/Java/JavaVirtualMachines/openlogic-openjdk-8.jdk/Contents/Home/jre/lib/server/libjvm.dylib at 0x0000000111800000
R10=0x00000001144cb3db is at code_begin+859 in an Interpreter codelet
method entry point (kind = native)  [0x00000001144cb080, 0x00000001144cba00]  2432 bytes
R11=0x0000000111cec5d5: throw_unsatisfied_link_error+0 in /Library/Java/JavaVirtualMachines/openlogic-openjdk-8.jdk/Contents/Home/jre/lib/server/libjvm.dylib at 0x0000000111800000
R12=0x0000000000000000 is an unknown value
R13={method} {0x0000000113bb8e60} 'putByte' '(Ljava/lang/Object;JB)V' in 'sun/misc/Unsafe'
R14=0x000000000000002f is an unknown value
R15=0x00007fefc9800004 is an unknown value


Stack: [0x000070000ce5d000,0x000070000cf5d000],  sp=0x000070000cf5be60,  free space=1019k
Native frames: (J=compiled Java code, j=interpreted, Vv=VM code, C=native code)
V  [libjvm.dylib+0x575436]  Unsafe_SetByte+0xd2
j  sun.misc.Unsafe.putByte(Ljava/lang/Object;JB)V+0
j  io.netty.util.internal.PlatformDependent0.putByte(Ljava/lang/Object;JB)V+6
j  io.netty.util.internal.PlatformDependent.putByte(Ljava/lang/Object;JB)V+3
j  io.netty.buffer.ByteBufUtil.unsafeWriteUtf8([BJILjava/lang/CharSequence;II)I+73
j  io.netty.buffer.ByteBufUtil.writeUtf8(Lio/netty/buffer/AbstractByteBuf;IILjava/lang/CharSequence;II)I+79
j  io.netty.buffer.ByteBufUtil.writeUtf8(Lio/netty/buffer/AbstractByteBuf;IILjava/lang/CharSequence;I)I+7
j  io.netty.buffer.AbstractByteBuf.setCharSequence0(ILjava/lang/CharSequence;Ljava/nio/charset/Charset;Z)I+55
j  io.netty.buffer.AbstractByteBuf.writeCharSequence(Ljava/lang/CharSequence;Ljava/nio/charset/Charset;)I+8
j  io.netty.handler.codec.http.HttpRequestEncoder.encodeInitialLine(Lio/netty/buffer/ByteBuf;Lio/netty/handler/codec/http/HttpRequest;)V+144
j  io.netty.handler.codec.http.HttpRequestEncoder.encodeInitialLine(Lio/netty/buffer/ByteBuf;Lio/netty/handler/codec/http/HttpMessage;)V+6
j  io.netty.handler.codec.http.HttpObjectEncoder.encode(Lio/netty/channel/ChannelHandlerContext;Ljava/lang/Object;Ljava/util/List;)V+88
j  io.netty.handler.codec.http.HttpClientCodec$Encoder.encode(Lio/netty/channel/ChannelHandlerContext;Ljava/lang/Object;Ljava/util/List;)V+52
j  io.netty.handler.codec.MessageToMessageEncoder.write(Lio/netty/channel/ChannelHandlerContext;Ljava/lang/Object;Lio/netty/channel/ChannelPromise;)V+25
j  io.netty.channel.CombinedChannelDuplexHandler.write(Lio/netty/channel/ChannelHandlerContext;Ljava/lang/Object;Lio/netty/channel/ChannelPromise;)V+45
j  io.netty.channel.AbstractChannelHandlerContext.invokeWrite0(Ljava/lang/Object;Lio/netty/channel/ChannelPromise;)V+10
j  io.netty.channel.AbstractChannelHandlerContext.invokeWriteAndFlush(Ljava/lang/Object;Lio/netty/channel/ChannelPromise;)V+10
j  io.netty.channel.AbstractChannelHandlerContext$WriteTask.run()V+41
j  io.netty.util.concurrent.AbstractEventExecutor.safeExecute(Ljava/lang/Runnable;)V+1
j  io.netty.util.concurrent.SingleThreadEventExecutor.runAllTasks(J)Z+41
j  io.netty.channel.nio.NioEventLoop.run()V+329
j  io.netty.util.concurrent.SingleThreadEventExecutor$4.run()V+44
j  io.netty.util.internal.ThreadExecutorMap$2.run()V+11
j  io.netty.util.concurrent.FastThreadLocalRunnable.run()V+4
j  java.lang.Thread.run()V+11
v  ~StubRoutines::call_stub
V  [libjvm.dylib+0x2cd743]  JavaCalls::call_helper(JavaValue*, methodHandle*, JavaCallArguments*, Thread*)+0x771
V  [libjvm.dylib+0x2cc40e]  JavaCalls::call_virtual(JavaValue*, KlassHandle, Symbol*, Symbol*, JavaCallArguments*, Thread*)+0x14a
V  [libjvm.dylib+0x2cc629]  JavaCalls::call_virtual(JavaValue*, Handle, KlassHandle, Symbol*, Symbol*, Thread*)+0x57
V  [libjvm.dylib+0x343eaf]  thread_entry(JavaThread*, Thread*)+0x78
V  [libjvm.dylib+0x55d526]  JavaThread::thread_main_inner()+0x82
V  [libjvm.dylib+0x55d3eb]  JavaThread::run()+0x169
V  [libjvm.dylib+0x48a4a9]  java_start(Thread*)+0xfa
C  [libsystem_pthread.dylib+0x6950]  _pthread_start+0xe0
C  [libsystem_pthread.dylib+0x247b]  thread_start+0xf
C  0x0000000000000000

Java frames: (J=compiled Java code, j=interpreted, Vv=VM code)
j  sun.misc.Unsafe.putByte(Ljava/lang/Object;JB)V+0
j  io.netty.util.internal.PlatformDependent0.putByte(Ljava/lang/Object;JB)V+6
j  io.netty.util.internal.PlatformDependent.putByte(Ljava/lang/Object;JB)V+3
j  io.netty.buffer.ByteBufUtil.unsafeWriteUtf8([BJILjava/lang/CharSequence;II)I+73
j  io.netty.buffer.ByteBufUtil.writeUtf8(Lio/netty/buffer/AbstractByteBuf;IILjava/lang/CharSequence;II)I+79
j  io.netty.buffer.ByteBufUtil.writeUtf8(Lio/netty/buffer/AbstractByteBuf;IILjava/lang/CharSequence;I)I+7
j  io.netty.buffer.AbstractByteBuf.setCharSequence0(ILjava/lang/CharSequence;Ljava/nio/charset/Charset;Z)I+55
j  io.netty.buffer.AbstractByteBuf.writeCharSequence(Ljava/lang/CharSequence;Ljava/nio/charset/Charset;)I+8
j  io.netty.handler.codec.http.HttpRequestEncoder.encodeInitialLine(Lio/netty/buffer/ByteBuf;Lio/netty/handler/codec/http/HttpRequest;)V+144
j  io.netty.handler.codec.http.HttpRequestEncoder.encodeInitialLine(Lio/netty/buffer/ByteBuf;Lio/netty/handler/codec/http/HttpMessage;)V+6
j  io.netty.handler.codec.http.HttpObjectEncoder.encode(Lio/netty/channel/ChannelHandlerContext;Ljava/lang/Object;Ljava/util/List;)V+88
j  io.netty.handler.codec.http.HttpClientCodec$Encoder.encode(Lio/netty/channel/ChannelHandlerContext;Ljava/lang/Object;Ljava/util/List;)V+52
j  io.netty.handler.codec.MessageToMessageEncoder.write(Lio/netty/channel/ChannelHandlerContext;Ljava/lang/Object;Lio/netty/channel/ChannelPromise;)V+25
j  io.netty.channel.CombinedChannelDuplexHandler.write(Lio/netty/channel/ChannelHandlerContext;Ljava/lang/Object;Lio/netty/channel/ChannelPromise;)V+45
j  io.netty.channel.AbstractChannelHandlerContext.invokeWrite0(Ljava/lang/Object;Lio/netty/channel/ChannelPromise;)V+10
j  io.netty.channel.AbstractChannelHandlerContext.invokeWriteAndFlush(Ljava/lang/Object;Lio/netty/channel/ChannelPromise;)V+10
j  io.netty.channel.AbstractChannelHandlerContext$WriteTask.run()V+41
j  io.netty.util.concurrent.AbstractEventExecutor.safeExecute(Ljava/lang/Runnable;)V+1
j  io.netty.util.concurrent.SingleThreadEventExecutor.runAllTasks(J)Z+41
j  io.netty.channel.nio.NioEventLoop.run()V+329
j  io.netty.util.concurrent.SingleThreadEventExecutor$4.run()V+44
j  io.netty.util.internal.ThreadExecutorMap$2.run()V+11
j  io.netty.util.concurrent.FastThreadLocalRunnable.run()V+4
j  java.lang.Thread.run()V+11
v  ~StubRoutines::call_stub

---------------  P R O C E S S  ---------------

Java Threads: ( => current thread )
  0x00007fefc6394000 JavaThread "reactor-http-nio-8" daemon [_thread_in_native, id=29699, stack(0x000070000d166000,0x000070000d266000)]
  0x00007fefc6233000 JavaThread "reactor-http-nio-7" daemon [_thread_in_native, id=36099, stack(0x000070000d063000,0x000070000d163000)]
  0x00007fefc42a1000 JavaThread "reactor-http-nio-6" daemon [_thread_in_native, id=36355, stack(0x000070000cf60000,0x000070000d060000)]
=>0x00007fefbe8cd800 JavaThread "reactor-http-nio-5" daemon [_thread_in_vm, id=36867, stack(0x000070000ce5d000,0x000070000cf5d000)]
  0x00007fefc0872000 JavaThread "reactor-http-nio-4" daemon [_thread_in_native, id=28931, stack(0x000070000cd5a000,0x000070000ce5a000)]
  0x00007fefc7212800 JavaThread "pool-3-thread-1" [_thread_blocked, id=28419, stack(0x000070000cc57000,0x000070000cd57000)]
  0x00007fefc721b800 JavaThread "parallel-1" daemon [_thread_blocked, id=27907, stack(0x000070000cb54000,0x000070000cc54000)]
  0x00007fefc817f800 JavaThread "reactor-http-nio-3" daemon [_thread_in_native, id=27395, stack(0x000070000ca51000,0x000070000cb51000)]
  0x00007fefc097c800 JavaThread "reactor-http-nio-2" daemon [_thread_in_native, id=27139, stack(0x000070000c94e000,0x000070000ca4e000)]
  0x00007fefc58c5000 JavaThread "Keep-Alive-Timer" daemon [_thread_blocked, id=26883, stack(0x000070000c84b000,0x000070000c94b000)]
  0x00007fefc703f000 JavaThread "AsyncResolver-bootstrap-executor-0" daemon [_thread_blocked, id=37891, stack(0x000070000c748000,0x000070000c848000)]
  0x00007fefc8087000 JavaThread "DiscoveryClient-CacheRefreshExecutor-0" daemon [_thread_blocked, id=38147, stack(0x000070000c645000,0x000070000c745000)]
  0x00007fefc0a77800 JavaThread "DiscoveryClient-HeartbeatExecutor-0" daemon [_thread_blocked, id=26371, stack(0x000070000c542000,0x000070000c642000)]
  0x00007fefc01c5000 JavaThread "DestroyJavaVM" [_thread_blocked, id=10499, stack(0x000070000a0d3000,0x000070000a1d3000)]
  0x00007fefc735f000 JavaThread "server" [_thread_blocked, id=38915, stack(0x000070000c43f000,0x000070000c53f000)]
  0x00007fefbd8ca000 JavaThread "reactor-http-nio-1" daemon [_thread_in_native, id=39427, stack(0x000070000c33c000,0x000070000c43c000)]
  0x00007fefc09a4000 JavaThread "DiscoveryClient-InstanceInfoReplicator-0" daemon [_thread_blocked, id=25859, stack(0x000070000c239000,0x000070000c339000)]
  0x00007fefc09a3000 JavaThread "DiscoveryClient-1" daemon [_thread_blocked, id=39939, stack(0x000070000c136000,0x000070000c236000)]
  0x00007fefc7216000 JavaThread "DiscoveryClient-0" daemon [_thread_blocked, id=25347, stack(0x000070000c033000,0x000070000c133000)]
  0x00007fefc027a800 JavaThread "AsyncResolver-bootstrap-0" daemon [_thread_blocked, id=40195, stack(0x000070000bf30000,0x000070000c030000)]
  0x00007fefbc87e800 JavaThread "boundedElastic-evictor-7" daemon [_thread_blocked, id=40451, stack(0x000070000be2d000,0x000070000bf2d000)]
  0x00007fefbd4a9000 JavaThread "boundedElastic-evictor-6" daemon [_thread_blocked, id=40963, stack(0x000070000bd2a000,0x000070000be2a000)]
  0x00007fefc418c800 JavaThread "boundedElastic-evictor-5" daemon [_thread_blocked, id=41219, stack(0x000070000bc27000,0x000070000bd27000)]
  0x00007fefc08d7800 JavaThread "boundedElastic-evictor-4" daemon [_thread_blocked, id=41475, stack(0x000070000bb24000,0x000070000bc24000)]
  0x00007fefc4190800 JavaThread "boundedElastic-evictor-3" daemon [_thread_blocked, id=13835, stack(0x000070000ba21000,0x000070000bb21000)]
  0x00007fefbd4a4800 JavaThread "boundedElastic-evictor-2" daemon [_thread_blocked, id=42243, stack(0x000070000b91e000,0x000070000ba1e000)]
  0x00007fefc418d800 JavaThread "boundedElastic-evictor-1" daemon [_thread_blocked, id=23815, stack(0x000070000b81b000,0x000070000b91b000)]
  0x00007fefbfded000 JavaThread "spring.cloud.inetutils" daemon [_thread_blocked, id=23563, stack(0x000070000b718000,0x000070000b818000)]
  0x00007fefbd939800 JavaThread "Attach Listener" daemon [_thread_blocked, id=43015, stack(0x000070000b615000,0x000070000b715000)]
  0x00007fefbf873800 JavaThread "Service Thread" daemon [_thread_blocked, id=43267, stack(0x000070000b40f000,0x000070000b50f000)]
  0x00007fefbf092000 JavaThread "C1 CompilerThread3" daemon [_thread_blocked, id=22275, stack(0x000070000b30c000,0x000070000b40c000)]
  0x00007fefbf091800 JavaThread "C2 CompilerThread2" daemon [_thread_in_native, id=21763, stack(0x000070000b209000,0x000070000b309000)]
  0x00007fefbf090800 JavaThread "C2 CompilerThread1" daemon [_thread_in_native, id=16387, stack(0x000070000b106000,0x000070000b206000)]
  0x00007fefbf08f800 JavaThread "C2 CompilerThread0" daemon [_thread_in_native, id=16643, stack(0x000070000b003000,0x000070000b103000)]
  0x00007fefbc8c9800 JavaThread "Monitor Ctrl-Break" daemon [_thread_in_native, id=15619, stack(0x000070000af00000,0x000070000b000000)]
  0x00007fefbc815000 JavaThread "Signal Dispatcher" daemon [_thread_blocked, id=15363, stack(0x000070000adfd000,0x000070000aefd000)]
  0x00007fefc001f800 JavaThread "Finalizer" daemon [_thread_blocked, id=19715, stack(0x000070000abf4000,0x000070000acf4000)]
  0x00007fefc0822800 JavaThread "Reference Handler" daemon [_thread_blocked, id=12803, stack(0x000070000aaf1000,0x000070000abf1000)]

Other Threads:
  0x00007fefbe81d000 VMThread [stack: 0x000070000a9ee000,0x000070000aaee000] [id=12547]
  0x00007fefc00b6000 WatcherThread [stack: 0x000070000b512000,0x000070000b612000] [id=23043]

VM state:not at safepoint (normal execution)

VM Mutex/Monitor currently owned by a thread: None

heap address: 0x00000006c0000000, size: 4096 MB, Compressed Oops mode: Zero based, Oop shift amount: 3
Narrow klass base: 0x0000000000000000, Narrow klass shift: 3
Compressed class space size: 1073741824 Address: 0x00000007c0000000

Heap:
 PSYoungGen      total 272896K, used 243110K [0x000000076ab00000, 0x000000077cd00000, 0x00000007c0000000)
  eden space 262144K, 92% used [0x000000076ab00000,0x00000007798698d8,0x000000077ab00000)
  from space 10752K, 0% used [0x000000077ab00000,0x000000077ab00000,0x000000077b580000)
  to   space 14336K, 0% used [0x000000077bf00000,0x000000077bf00000,0x000000077cd00000)
 ParOldGen       total 167936K, used 16567K [0x00000006c0000000, 0x00000006ca400000, 0x000000076ab00000)
  object space 167936K, 9% used [0x00000006c0000000,0x00000006c102dc60,0x00000006ca400000)
 Metaspace       used 48875K, capacity 52194K, committed 52400K, reserved 1093632K
  class space    used 6697K, capacity 7298K, committed 7344K, reserved 1048576K

Card table byte_map: [0x0000000112594000,0x0000000112d95000] byte_map_base: 0x000000010ef94000

Marking Bits: (ParMarkBitMap*) 0x0000000111f0fc68
 Begin Bits: [0x00000001234b3000, 0x00000001274b3000)
 End Bits:   [0x00000001274b3000, 0x000000012b4b3000)

Polling page: 0x000000010d770000

CodeCache: size=245760Kb used=16390Kb max_used=16430Kb free=229369Kb
 bounds [0x00000001144b3000, 0x00000001154d3000, 0x00000001234b3000]
 total_blobs=5345 nmethods=4842 adapters=416
 compilation: enabled

Compilation events (10 events):
Event: 629.753 Thread 0x00007fefbf092000 5635       3       io.netty.channel.ChannelHandlerMask::isSkippable (20 bytes)
Event: 629.753 Thread 0x00007fefbf092000 nmethod 5635 0x00000001146080d0 code [0x0000000114608260, 0x00000001146086a8]
Event: 629.753 Thread 0x00007fefbf092000 5636       3       io.netty.channel.ChannelHandlerMask$2::run (5 bytes)
Event: 629.753 Thread 0x00007fefbf092000 nmethod 5636 0x0000000114c56b50 code [0x0000000114c56cc0, 0x0000000114c56ec8]
Event: 629.753 Thread 0x00007fefbf092000 5637       3       io.netty.channel.ChannelHandlerMask$2::<init> (20 bytes)
Event: 629.753 Thread 0x00007fefbf092000 nmethod 5637 0x0000000114729a50 code [0x0000000114729bc0, 0x0000000114729db0]
Event: 629.757 Thread 0x00007fefbf092000 5638       2       java.lang.String::regionMatches (149 bytes)
Event: 629.758 Thread 0x00007fefbf092000 nmethod 5638 0x0000000114728d50 code [0x0000000114728f40, 0x0000000114729478]
Event: 629.760 Thread 0x00007fefbf092000 5639       1       jdk.internal.org.objectweb.asm.MethodWriter::visitCode (1 bytes)
Event: 629.760 Thread 0x00007fefbf092000 nmethod 5639 0x000000011536a310 code [0x000000011536a460, 0x000000011536a570]

GC Heap History (10 events):
Event: 1.843 GC heap before
{Heap before GC invocations=3 (full 0):
 PSYoungGen      total 141824K, used 43469K [0x000000076ab00000, 0x0000000774000000, 0x00000007c0000000)
  eden space 131072K, 26% used [0x000000076ab00000,0x000000076ccbe470,0x0000000772b00000)
  from space 10752K, 82% used [0x0000000773580000,0x0000000773e35078,0x0000000774000000)
  to   space 10752K, 0% used [0x0000000772b00000,0x0000000772b00000,0x0000000773580000)
 ParOldGen       total 175104K, used 24K [0x00000006c0000000, 0x00000006cab00000, 0x000000076ab00000)
  object space 175104K, 0% used [0x00000006c0000000,0x00000006c0006000,0x00000006cab00000)
 Metaspace       used 20395K, capacity 21188K, committed 21296K, reserved 1067008K
  class space    used 2644K, capacity 2817K, committed 2864K, reserved 1048576K
Event: 1.854 GC heap after
Heap after GC invocations=3 (full 0):
 PSYoungGen      total 141824K, used 8238K [0x000000076ab00000, 0x000000077c000000, 0x00000007c0000000)
  eden space 131072K, 0% used [0x000000076ab00000,0x000000076ab00000,0x0000000772b00000)
  from space 10752K, 76% used [0x0000000772b00000,0x000000077330b828,0x0000000773580000)
  to   space 10752K, 0% used [0x000000077b580000,0x000000077b580000,0x000000077c000000)
 ParOldGen       total 175104K, used 32K [0x00000006c0000000, 0x00000006cab00000, 0x000000076ab00000)
  object space 175104K, 0% used [0x00000006c0000000,0x00000006c0008000,0x00000006cab00000)
 Metaspace       used 20395K, capacity 21188K, committed 21296K, reserved 1067008K
  class space    used 2644K, capacity 2817K, committed 2864K, reserved 1048576K
}
Event: 1.854 GC heap before
{Heap before GC invocations=4 (full 1):
 PSYoungGen      total 141824K, used 8238K [0x000000076ab00000, 0x000000077c000000, 0x00000007c0000000)
  eden space 131072K, 0% used [0x000000076ab00000,0x000000076ab00000,0x0000000772b00000)
  from space 10752K, 76% used [0x0000000772b00000,0x000000077330b828,0x0000000773580000)
  to   space 10752K, 0% used [0x000000077b580000,0x000000077b580000,0x000000077c000000)
 ParOldGen       total 175104K, used 32K [0x00000006c0000000, 0x00000006cab00000, 0x000000076ab00000)
  object space 175104K, 0% used [0x00000006c0000000,0x00000006c0008000,0x00000006cab00000)
 Metaspace       used 20395K, capacity 21188K, committed 21296K, reserved 1067008K
  class space    used 2644K, capacity 2817K, committed 2864K, reserved 1048576K
Event: 1.912 GC heap after
Heap after GC invocations=4 (full 1):
 PSYoungGen      total 141824K, used 0K [0x000000076ab00000, 0x000000077c000000, 0x00000007c0000000)
  eden space 131072K, 0% used [0x000000076ab00000,0x000000076ab00000,0x0000000772b00000)
  from space 10752K, 0% used [0x0000000772b00000,0x0000000772b00000,0x0000000773580000)
  to   space 10752K, 0% used [0x000000077b580000,0x000000077b580000,0x000000077c000000)
 ParOldGen       total 108032K, used 7921K [0x00000006c0000000, 0x00000006c6980000, 0x000000076ab00000)
  object space 108032K, 7% used [0x00000006c0000000,0x00000006c07bc778,0x00000006c6980000)
 Metaspace       used 20395K, capacity 21188K, committed 21296K, reserved 1067008K
  class space    used 2644K, capacity 2817K, committed 2864K, reserved 1048576K
}
Event: 3.993 GC heap before
{Heap before GC invocations=5 (full 1):
 PSYoungGen      total 141824K, used 131072K [0x000000076ab00000, 0x000000077c000000, 0x00000007c0000000)
  eden space 131072K, 100% used [0x000000076ab00000,0x0000000772b00000,0x0000000772b00000)
  from space 10752K, 0% used [0x0000000772b00000,0x0000000772b00000,0x0000000773580000)
  to   space 10752K, 0% used [0x000000077b580000,0x000000077b580000,0x000000077c000000)
 ParOldGen       total 108032K, used 7921K [0x00000006c0000000, 0x00000006c6980000, 0x000000076ab00000)
  object space 108032K, 7% used [0x00000006c0000000,0x00000006c07bc778,0x00000006c6980000)
 Metaspace       used 28067K, capacity 29378K, committed 29616K, reserved 1075200K
  class space    used 3679K, capacity 3928K, committed 4016K, reserved 1048576K
Event: 4.008 GC heap after
Heap after GC invocations=5 (full 1):
 PSYoungGen      total 198656K, used 10731K [0x000000076ab00000, 0x000000077c000000, 0x00000007c0000000)
  eden space 187904K, 0% used [0x000000076ab00000,0x000000076ab00000,0x0000000776280000)
  from space 10752K, 99% used [0x000000077b580000,0x000000077bffad58,0x000000077c000000)
  to   space 10752K, 0% used [0x000000077ab00000,0x000000077ab00000,0x000000077b580000)
 ParOldGen       total 108032K, used 10752K [0x00000006c0000000, 0x00000006c6980000, 0x000000076ab00000)
  object space 108032K, 9% used [0x00000006c0000000,0x00000006c0a800d0,0x00000006c6980000)
 Metaspace       used 28067K, capacity 29378K, committed 29616K, reserved 1075200K
  class space    used 3679K, capacity 3928K, committed 4016K, reserved 1048576K
}
Event: 5.231 GC heap before
{Heap before GC invocations=6 (full 1):
 PSYoungGen      total 198656K, used 85647K [0x000000076ab00000, 0x000000077c000000, 0x00000007c0000000)
  eden space 187904K, 39% used [0x000000076ab00000,0x000000076f428ef0,0x0000000776280000)
  from space 10752K, 99% used [0x000000077b580000,0x000000077bffad58,0x000000077c000000)
  to   space 10752K, 0% used [0x000000077ab00000,0x000000077ab00000,0x000000077b580000)
 ParOldGen       total 108032K, used 10752K [0x00000006c0000000, 0x00000006c6980000, 0x000000076ab00000)
  object space 108032K, 9% used [0x00000006c0000000,0x00000006c0a800d0,0x00000006c6980000)
 Metaspace       used 33620K, capacity 35358K, committed 35496K, reserved 1079296K
  class space    used 4502K, capacity 4828K, committed 4912K, reserved 1048576K
Event: 5.258 GC heap after
Heap after GC invocations=6 (full 1):
 PSYoungGen      total 272896K, used 10747K [0x000000076ab00000, 0x000000077cd00000, 0x00000007c0000000)
  eden space 262144K, 0% used [0x000000076ab00000,0x000000076ab00000,0x000000077ab00000)
  from space 10752K, 99% used [0x000000077ab00000,0x000000077b57ee40,0x000000077b580000)
  to   space 14336K, 0% used [0x000000077bf00000,0x000000077bf00000,0x000000077cd00000)
 ParOldGen       total 108032K, used 11980K [0x00000006c0000000, 0x00000006c6980000, 0x000000076ab00000)
  object space 108032K, 11% used [0x00000006c0000000,0x00000006c0bb33c0,0x00000006c6980000)
 Metaspace       used 33620K, capacity 35358K, committed 35496K, reserved 1079296K
  class space    used 4502K, capacity 4828K, committed 4912K, reserved 1048576K
}
Event: 5.258 GC heap before
{Heap before GC invocations=7 (full 2):
 PSYoungGen      total 272896K, used 10747K [0x000000076ab00000, 0x000000077cd00000, 0x00000007c0000000)
  eden space 262144K, 0% used [0x000000076ab00000,0x000000076ab00000,0x000000077ab00000)
  from space 10752K, 99% used [0x000000077ab00000,0x000000077b57ee40,0x000000077b580000)
  to   space 14336K, 0% used [0x000000077bf00000,0x000000077bf00000,0x000000077cd00000)
 ParOldGen       total 108032K, used 11980K [0x00000006c0000000, 0x00000006c6980000, 0x000000076ab00000)
  object space 108032K, 11% used [0x00000006c0000000,0x00000006c0bb33c0,0x00000006c6980000)
 Metaspace       used 33620K, capacity 35358K, committed 35496K, reserved 1079296K
  class space    used 4502K, capacity 4828K, committed 4912K, reserved 1048576K
Event: 5.303 GC heap after
Heap after GC invocations=7 (full 2):
 PSYoungGen      total 272896K, used 0K [0x000000076ab00000, 0x000000077cd00000, 0x00000007c0000000)
  eden space 262144K, 0% used [0x000000076ab00000,0x000000076ab00000,0x000000077ab00000)
  from space 10752K, 0% used [0x000000077ab00000,0x000000077ab00000,0x000000077b580000)
  to   space 14336K, 0% used [0x000000077bf00000,0x000000077bf00000,0x000000077cd00000)
 ParOldGen       total 167936K, used 16567K [0x00000006c0000000, 0x00000006ca400000, 0x000000076ab00000)
  object space 167936K, 9% used [0x00000006c0000000,0x00000006c102dc60,0x00000006ca400000)
 Metaspace       used 33620K, capacity 35358K, committed 35496K, reserved 1079296K
  class space    used 4502K, capacity 4828K, committed 4912K, reserved 1048576K
}

Deoptimization events (10 events):
Event: 629.592 Thread 0x00007fefc097c800 Uncommon trap: reason=class_check action=maybe_recompile pc=0x000000011504e220 method=java.util.AbstractList$Itr.next()Ljava/lang/Object; @ 14
Event: 629.598 Thread 0x00007fefc097c800 Uncommon trap: reason=class_check action=maybe_recompile pc=0x0000000115050a18 method=java.util.AbstractList$Itr.hasNext()Z @ 8
Event: 629.631 Thread 0x00007fefc097c800 Uncommon trap: reason=class_check action=maybe_recompile pc=0x000000011504e220 method=java.util.AbstractList$Itr.next()Ljava/lang/Object; @ 14
Event: 629.633 Thread 0x00007fefc097c800 Uncommon trap: reason=bimorphic action=maybe_recompile pc=0x0000000114e5df7c method=java.util.HashMap.putVal(ILjava/lang/Object;Ljava/lang/Object;ZZ)Ljava/lang/Object; @ 253
Event: 629.633 Thread 0x00007fefc097c800 Uncommon trap: reason=bimorphic action=maybe_recompile pc=0x0000000114e5df7c method=java.util.HashMap.putVal(ILjava/lang/Object;Ljava/lang/Object;ZZ)Ljava/lang/Object; @ 253
Event: 629.633 Thread 0x00007fefc097c800 Uncommon trap: reason=unstable_if action=reinterpret pc=0x00000001146c7604 method=java.lang.String.lastIndexOf([CII[CIII)I @ 118
Event: 629.633 Thread 0x00007fefc097c800 Uncommon trap: reason=bimorphic action=maybe_recompile pc=0x0000000114e5df7c method=java.util.HashMap.putVal(ILjava/lang/Object;Ljava/lang/Object;ZZ)Ljava/lang/Object; @ 253
Event: 629.633 Thread 0x00007fefc097c800 Uncommon trap: reason=bimorphic action=maybe_recompile pc=0x0000000114e5df7c method=java.util.HashMap.putVal(ILjava/lang/Object;Ljava/lang/Object;ZZ)Ljava/lang/Object; @ 253
Event: 629.704 Thread 0x00007fefc097c800 Uncommon trap: reason=unstable_if action=reinterpret pc=0x0000000115438f28 method=java.util.Arrays.hashCode([Ljava/lang/Object;)I @ 34
Event: 629.737 Thread 0x00007fefbe8cd800 Uncommon trap: reason=predicate action=maybe_recompile pc=0x00000001148c8db0 method=java.lang.String.regionMatches(ZILjava/lang/String;II)Z @ 63

Classes redefined (0 events):
No events

Internal exceptions (10 events):
Event: 307.306 Thread 0x00007fefc8087000 Exception <a 'java/net/ConnectException'> (0x000000077611ddb0) thrown at [/Users/admin/Downloads/openjdk/jdk8u/hotspot/src/share/vm/prims/jni.cpp, line 711]
Event: 307.313 Thread 0x00007fefc09a4000 Exception <a 'java/net/ConnectException'> (0x0000000776368180) thrown at [/Users/admin/Downloads/openjdk/jdk8u/hotspot/src/share/vm/prims/jni.cpp, line 711]
Event: 337.350 Thread 0x00007fefc0a77800 Exception <a 'java/net/SocketTimeoutException': Read timed out> (0x0000000776955978) thrown at [/Users/admin/Downloads/openjdk/jdk8u/hotspot/src/share/vm/prims/jni.cpp, line 738]
Event: 367.387 Thread 0x00007fefc8087000 Exception <a 'java/lang/NoSuchMethodError': java.lang.Object.lambda$static$0(Ljava/lang/Object;)Ljava/lang/Object;> (0x0000000776ce2a00) thrown at [/Users/admin/Downloads/openjdk/jdk8u/hotspot/src/share/vm/interpreter/linkResolver.cpp, line 620]
Event: 629.503 Thread 0x00007fefc097c800 Exception <a 'java/lang/NoSuchMethodError': java.lang.Object.lambda$getRequiredAttribute$0(Ljava/lang/String;)Ljava/lang/String;> (0x0000000778029650) thrown at [/Users/admin/Downloads/openjdk/jdk8u/hotspot/src/share/vm/interpreter/linkResolver.cpp, line 
Event: 629.565 Thread 0x00007fefc097c800 Exception <a 'java/lang/NoSuchMethodError': java.lang.Object.lambda$onCacheMissResume$0(Lreactor/core/publisher/Flux;)Lreactor/core/publisher/Flux;> (0x00000007784d6b18) thrown at [/Users/admin/Downloads/openjdk/jdk8u/hotspot/src/share/vm/interpreter/link
Event: 629.625 Thread 0x00007fefc097c800 Exception <a 'java/lang/NoSuchMethodError': java.lang.Object.lambda$filter$0(Lorg/springframework/cloud/gateway/filter/headers/HttpHeadersFilter$Type;Lorg/springframework/cloud/gateway/filter/headers/HttpHeadersFilter;)Z> (0x0000000778768c78) thrown at [/
Event: 629.625 Thread 0x00007fefc097c800 Exception <a 'java/lang/NoSuchMethodError': java.lang.Object.lambda$filter$1(Lorg/springframework/web/server/ServerWebExchange;Lorg/springframework/http/HttpHeaders;Lorg/springframework/cloud/gateway/filter/headers/HttpHeadersFilter;)Lorg/springframework/
Event: 629.626 Thread 0x00007fefc097c800 Exception <a 'java/lang/NoSuchMethodError': java.lang.Object.lambda$filter$2(Lorg/springframework/http/HttpHeaders;Lorg/springframework/http/HttpHeaders;)Lorg/springframework/http/HttpHeaders;> (0x00000007787740f0) thrown at [/Users/admin/Downloads/openjd
Event: 629.704 Thread 0x00007fefc097c800 Implicit null exception at 0x0000000115438e6f to 0x0000000115438f09

Events (10 events):
Event: 629.772 loading class reactor/netty/channel/FluxReceive
Event: 629.772 loading class reactor/netty/channel/FluxReceive done
Event: 629.772 Executing VM operation: RevokeBias
Event: 629.772 Executing VM operation: RevokeBias done
Event: 629.772 loading class io/netty/handler/codec/http/DefaultFullHttpRequest
Event: 629.772 loading class io/netty/handler/codec/http/DefaultFullHttpRequest done
Event: 629.774 loading class io/netty/channel/AbstractChannelHandlerContext$WriteTask
Event: 629.774 loading class io/netty/channel/AbstractChannelHandlerContext$WriteTask done
Event: 629.774 loading class io/netty/channel/AbstractChannelHandlerContext$WriteTask$1
Event: 629.774 loading class io/netty/channel/AbstractChannelHandlerContext$WriteTask$1 done


Dynamic libraries:
0x00007fff34f91000 	/System/Library/Frameworks/Cocoa.framework/Versions/A/Cocoa
0x00007fff221ce000 	/System/Library/Frameworks/Security.framework/Versions/A/Security
0x00007fff33190000 	/System/Library/Frameworks/ApplicationServices.framework/Versions/A/ApplicationServices
0x00007fff2a453000 	/usr/lib/libz.1.dylib
0x00007fff2a51b000 	/usr/lib/libSystem.B.dylib
0x00007fff20396000 	/System/Library/Frameworks/CoreFoundation.framework/Versions/A/CoreFoundation
0x00007fff21143000 	/System/Library/Frameworks/Foundation.framework/Versions/C/Foundation
0x00007fff201b6000 	/usr/lib/libobjc.A.dylib
0x00007fff22bf4000 	/System/Library/Frameworks/AppKit.framework/Versions/C/AppKit
0x00007fff25a8a000 	/System/Library/Frameworks/CoreData.framework/Versions/A/CoreData
0x00007fff23957000 	/System/Library/PrivateFrameworks/UIFoundation.framework/Versions/A/UIFoundation
0x00007fff2fb74000 	/System/Library/PrivateFrameworks/RemoteViewServices.framework/Versions/A/RemoteViewServices
0x00007fff2897d000 	/System/Library/PrivateFrameworks/XCTTargetBootstrap.framework/Versions/A/XCTTargetBootstrap
0x00007fff2b65a000 	/usr/lib/libspindump.dylib
0x00007fff23bab000 	/System/Library/Frameworks/UniformTypeIdentifiers.framework/Versions/A/UniformTypeIdentifiers
0x00007fff27154000 	/usr/lib/libapp_launch_measurement.dylib
0x00007fff27157000 	/System/Library/PrivateFrameworks/CoreAutoLayout.framework/Versions/A/CoreAutoLayout
0x00007fff282df000 	/System/Library/Frameworks/Metal.framework/Versions/A/Metal
0x00007fff28fce000 	/usr/lib/liblangid.dylib
0x00007fff28981000 	/System/Library/PrivateFrameworks/CoreSVG.framework/Versions/A/CoreSVG
0x00007fff24b92000 	/System/Library/PrivateFrameworks/SkyLight.framework/Versions/A/SkyLight
0x00007fff24ef8000 	/System/Library/Frameworks/CoreGraphics.framework/Versions/A/CoreGraphics
0x00007fff301cb000 	/System/Library/Frameworks/Accelerate.framework/Versions/A/Accelerate
0x00007fff2b095000 	/System/Library/PrivateFrameworks/IconServices.framework/Versions/A/IconServices
0x00007fff282c4000 	/System/Library/Frameworks/IOSurface.framework/Versions/A/IOSurface
0x00007fff26413000 	/usr/lib/libDiagnosticMessagesClient.dylib
0x00007fff28969000 	/System/Library/PrivateFrameworks/DFRFoundation.framework/Versions/A/DFRFoundation
0x00007fff22520000 	/usr/lib/libicucore.A.dylib
0x00007fff2cb9c000 	/System/Library/Frameworks/AudioToolbox.framework/Versions/A/AudioToolbox
0x00007fff2be42000 	/System/Library/PrivateFrameworks/DataDetectorsCore.framework/Versions/A/DataDetectorsCore
0x00007fff28669000 	/System/Library/Frameworks/Carbon.framework/Versions/A/Frameworks/HIToolbox.framework/Versions/A/HIToolbox
0x00007fff26bac000 	/System/Library/Frameworks/QuartzCore.framework/Versions/A/QuartzCore
0x00007fff2fbb0000 	/System/Library/Frameworks/Carbon.framework/Versions/A/Frameworks/SpeechRecognition.framework/Versions/A/SpeechRecognition
0x00007fff26ebc000 	/System/Library/PrivateFrameworks/CoreUI.framework/Versions/A/CoreUI
0x00007fff21b2a000 	/System/Library/Frameworks/CoreAudio.framework/Versions/A/CoreAudio
0x00007fff264fe000 	/System/Library/Frameworks/DiskArbitration.framework/Versions/A/DiskArbitration
0x00007fff2ba55000 	/System/Library/PrivateFrameworks/MultitouchSupport.framework/Versions/A/MultitouchSupport
0x00007fff2be39000 	/System/Library/PrivateFrameworks/InternationalSupport.framework/Versions/A/InternationalSupport
0x00007fff24b06000 	/usr/lib/libenergytrace.dylib
0x00007fff22aee000 	/System/Library/Frameworks/IOKit.framework/Versions/A/IOKit
0x00007fff2fefd000 	/System/Library/Frameworks/CoreServices.framework/Versions/A/CoreServices
0x00007fff270ea000 	/System/Library/PrivateFrameworks/PerformanceAnalysis.framework/Versions/A/PerformanceAnalysis
0x00007fff6c7fa000 	/System/Library/Frameworks/OpenGL.framework/Versions/A/OpenGL
0x00007fff2bebe000 	/System/Library/PrivateFrameworks/UserActivity.framework/Versions/A/UserActivity
0x00007fff2558c000 	/System/Library/Frameworks/ColorSync.framework/Versions/A/ColorSync
0x00007fff28be5000 	/System/Library/Frameworks/CoreImage.framework/Versions/A/CoreImage
0x00007fff21941000 	/System/Library/Frameworks/CoreText.framework/Versions/A/CoreText
0x00007fff289ab000 	/System/Library/Frameworks/ImageIO.framework/Versions/A/ImageIO
0x00007fff2a521000 	/System/Library/PrivateFrameworks/SoftLinking.framework/Versions/A/SoftLinking
0x00007fff271a0000 	/usr/lib/libxml2.2.dylib
0x00007fff2027b000 	/usr/lib/libc++.1.dylib
0x00007fff2a793000 	/usr/lib/libcompression.dylib
0x00007fff24b07000 	/usr/lib/libMobileGestalt.dylib
0x00007fff2bd6c000 	/System/Library/PrivateFrameworks/TextureIO.framework/Versions/A/TextureIO
0x00007fff2adb8000 	/usr/lib/libate.dylib
0x00007fff2a515000 	/usr/lib/system/libcache.dylib
0x00007fff2a4d1000 	/usr/lib/system/libcommonCrypto.dylib
0x00007fff2a4fb000 	/usr/lib/system/libcompiler_rt.dylib
0x00007fff2a4f0000 	/usr/lib/system/libcopyfile.dylib
0x00007fff200a5000 	/usr/lib/system/libcorecrypto.dylib
0x00007fff20171000 	/usr/lib/system/libdispatch.dylib
0x00007fff20325000 	/usr/lib/system/libdyld.dylib
0x00007fff2a50c000 	/usr/lib/system/libkeymgr.dylib
0x00007fff2d94e000 	/usr/lib/system/liblaunch.dylib
0x00007fff2a4af000 	/usr/lib/system/libmacho.dylib
0x00007fff29cca000 	/usr/lib/system/libquarantine.dylib
0x00007fff2a509000 	/usr/lib/system/libremovefile.dylib
0x00007fff24b63000 	/usr/lib/system/libsystem_asl.dylib
0x00007fff20055000 	/usr/lib/system/libsystem_blocks.dylib
0x00007fff201f2000 	/usr/lib/system/libsystem_c.dylib
0x00007fff2a503000 	/usr/lib/system/libsystem_collections.dylib
0x00007fff28fbf000 	/usr/lib/system/libsystem_configuration.dylib
0x00007fff282b3000 	/usr/lib/system/libsystem_containermanager.dylib
0x00007fff2a24b000 	/usr/lib/system/libsystem_coreservices.dylib
0x00007fff22782000 	/usr/lib/system/libsystem_darwin.dylib
0x00007fff2a50d000 	/usr/lib/system/libsystem_dnssd.dylib
0x00007fff201ef000 	/usr/lib/system/libsystem_featureflags.dylib
0x00007fff2036a000 	/usr/lib/system/libsystem_info.dylib
0x00007fff2a466000 	/usr/lib/system/libsystem_m.dylib
0x00007fff20144000 	/usr/lib/system/libsystem_malloc.dylib
0x00007fff24af7000 	/usr/lib/system/libsystem_networkextension.dylib
0x00007fff22b9c000 	/usr/lib/system/libsystem_notify.dylib
0x00007fff2fdfb000 	/usr/lib/system/libsystem_product_info_filter.dylib
0x00007fff28fc3000 	/usr/lib/system/libsystem_sandbox.dylib
0x00007fff2a506000 	/usr/lib/system/libsystem_secinit.dylib
0x00007fff202ea000 	/usr/lib/system/libsystem_kernel.dylib
0x00007fff20360000 	/usr/lib/system/libsystem_platform.dylib
0x00007fff20319000 	/usr/lib/system/libsystem_pthread.dylib
0x00007fff26261000 	/usr/lib/system/libsystem_symptoms.dylib
0x00007fff2008d000 	/usr/lib/system/libsystem_trace.dylib
0x00007fff2a4dd000 	/usr/lib/system/libunwind.dylib
0x00007fff20057000 	/usr/lib/system/libxpc.dylib
0x00007fff202d1000 	/usr/lib/libc++abi.dylib
0x00007fff2a4e8000 	/usr/lib/liboah.dylib
0x00007fff2ab9e000 	/usr/lib/liblzma.5.dylib
0x00007fff20e57000 	/System/Library/Frameworks/SystemConfiguration.framework/Versions/A/SystemConfiguration
0x00007fff2a51d000 	/usr/lib/libfakelink.dylib
0x00007fff24659000 	/System/Library/Frameworks/CFNetwork.framework/Versions/A/CFNetwork
0x00007fff2a65d000 	/usr/lib/libarchive.2.dylib
0x00007fff20ed5000 	/usr/lib/libCRFSuite.dylib
0x00007fff29cf1000 	/usr/lib/libbsm.0.dylib
0x00007fff24015000 	/usr/lib/libnetwork.dylib
0x00007fff2a522000 	/usr/lib/libpcap.A.dylib
0x00007fff2625a000 	/usr/lib/libdns_services.dylib
0x00007fff2abb7000 	/usr/lib/libcoretls_cfhelpers.dylib
0x00007fff2a761000 	/usr/lib/libapple_nghttp2.dylib
0x00007fff2a4b5000 	/usr/lib/system/libkxld.dylib
0x00007fff25ec0000 	/usr/lib/libsqlite3.dylib
0x00007fff2a22d000 	/System/Library/PrivateFrameworks/AppleFSCompression.framework/Versions/A/AppleFSCompression
0x00007fff29cd9000 	/usr/lib/libcoretls.dylib
0x00007fff2a78e000 	/usr/lib/libpam.2.dylib
0x00007fff2acb3000 	/usr/lib/libxar.1.dylib
0x00007fff28fca000 	/System/Library/PrivateFrameworks/AppleSystemInfo.framework/Versions/A/AppleSystemInfo
0x00007fff2991c000 	/System/Library/PrivateFrameworks/IOMobileFramebuffer.framework/Versions/A/IOMobileFramebuffer
0x00007fff2a23d000 	/usr/lib/libbz2.1.0.dylib
0x00007fff2a55a000 	/usr/lib/libiconv.2.dylib
0x00007fff2a4ae000 	/usr/lib/libcharset.1.dylib
0x00007fff27126000 	/System/Library/Frameworks/CoreServices.framework/Versions/A/Frameworks/FSEvents.framework/Versions/A/FSEvents
0x00007fff2278c000 	/System/Library/Frameworks/CoreServices.framework/Versions/A/Frameworks/CarbonCore.framework/Versions/A/CarbonCore
0x00007fff26463000 	/System/Library/Frameworks/CoreServices.framework/Versions/A/Frameworks/Metadata.framework/Versions/A/Metadata
0x00007fff2a250000 	/System/Library/Frameworks/CoreServices.framework/Versions/A/Frameworks/OSServices.framework/Versions/A/OSServices
0x00007fff2a6cf000 	/System/Library/Frameworks/CoreServices.framework/Versions/A/Frameworks/SearchKit.framework/Versions/A/SearchKit
0x00007fff261e4000 	/System/Library/Frameworks/CoreServices.framework/Versions/A/Frameworks/AE.framework/Versions/A/AE
0x00007fff20832000 	/System/Library/Frameworks/CoreServices.framework/Versions/A/Frameworks/LaunchServices.framework/Versions/A/LaunchServices
0x00007fff2ab4f000 	/System/Library/Frameworks/CoreServices.framework/Versions/A/Frameworks/DictionaryServices.framework/Versions/A/DictionaryServices
0x00007fff2712f000 	/System/Library/Frameworks/CoreServices.framework/Versions/A/Frameworks/SharedFileList.framework/Versions/A/SharedFileList
0x00007fff29ccd000 	/usr/lib/libCheckFix.dylib
0x00007fff24b7a000 	/System/Library/PrivateFrameworks/TCC.framework/Versions/A/TCC
0x00007fff28fd0000 	/System/Library/PrivateFrameworks/CoreNLP.framework/Versions/A/CoreNLP
0x00007fff26416000 	/System/Library/PrivateFrameworks/MetadataUtilities.framework/Versions/A/MetadataUtilities
0x00007fff20f0b000 	/usr/lib/libmecabra.dylib
0x00007fff29fe0000 	/System/Library/Frameworks/MLCompute.framework/Versions/A/MLCompute
0x00007fff29d02000 	/usr/lib/libmecab.dylib
0x00007fff29d4c000 	/usr/lib/libgermantok.dylib
0x00007fff2a737000 	/usr/lib/libThaiTokenizer.dylib
0x00007fff2acee000 	/usr/lib/libChineseTokenizer.dylib
0x00007fff2a78c000 	/System/Library/Frameworks/MetalPerformanceShaders.framework/Versions/A/MetalPerformanceShaders
0x00007fff26505000 	/System/Library/Frameworks/Accelerate.framework/Versions/A/Frameworks/vImage.framework/Versions/A/vImage
0x00007fff2fed6000 	/System/Library/Frameworks/Accelerate.framework/Versions/A/Frameworks/vecLib.framework/Versions/A/vecLib
0x00007fff2acf9000 	/System/Library/Frameworks/Accelerate.framework/Versions/A/Frameworks/vecLib.framework/Versions/A/libvMisc.dylib
0x00007fff29735000 	/System/Library/Frameworks/Accelerate.framework/Versions/A/Frameworks/vecLib.framework/Versions/A/libvDSP.dylib
0x00007fff20b36000 	/System/Library/Frameworks/Accelerate.framework/Versions/A/Frameworks/vecLib.framework/Versions/A/libBLAS.dylib
0x00007fff2a7b2000 	/System/Library/Frameworks/Accelerate.framework/Versions/A/Frameworks/vecLib.framework/Versions/A/libLAPACK.dylib
0x00007fff29d52000 	/System/Library/Frameworks/Accelerate.framework/Versions/A/Frameworks/vecLib.framework/Versions/A/libLinearAlgebra.dylib
0x00007fff2a779000 	/System/Library/Frameworks/Accelerate.framework/Versions/A/Frameworks/vecLib.framework/Versions/A/libSparseBLAS.dylib
0x00007fff2a7ac000 	/System/Library/Frameworks/Accelerate.framework/Versions/A/Frameworks/vecLib.framework/Versions/A/libQuadrature.dylib
0x00007fff29078000 	/System/Library/Frameworks/Accelerate.framework/Versions/A/Frameworks/vecLib.framework/Versions/A/libBNNS.dylib
0x00007fff20de8000 	/System/Library/Frameworks/Accelerate.framework/Versions/A/Frameworks/vecLib.framework/Versions/A/libSparse.dylib
0x00007fff28f63000 	/System/Library/Frameworks/MetalPerformanceShaders.framework/Versions/A/Frameworks/MPSCore.framework/Versions/A/MPSCore
0x00007fff2a19c000 	/System/Library/Frameworks/MetalPerformanceShaders.framework/Versions/A/Frameworks/MPSImage.framework/Versions/A/MPSImage
0x00007fff29d68000 	/System/Library/Frameworks/MetalPerformanceShaders.framework/Versions/A/Frameworks/MPSNeuralNetwork.framework/Versions/A/MPSNeuralNetwork
0x00007fff2a127000 	/System/Library/Frameworks/MetalPerformanceShaders.framework/Versions/A/Frameworks/MPSMatrix.framework/Versions/A/MPSMatrix
0x00007fff29f90000 	/System/Library/Frameworks/MetalPerformanceShaders.framework/Versions/A/Frameworks/MPSRayIntersector.framework/Versions/A/MPSRayIntersector
0x00007fff2a15e000 	/System/Library/Frameworks/MetalPerformanceShaders.framework/Versions/A/Frameworks/MPSNDArray.framework/Versions/A/MPSNDArray
0x00007fff20a62000 	/System/Library/PrivateFrameworks/MetalTools.framework/Versions/A/MetalTools
0x00007fff28fc8000 	/System/Library/PrivateFrameworks/AggregateDictionary.framework/Versions/A/AggregateDictionary
0x00007fff263ee000 	/System/Library/PrivateFrameworks/CoreAnalytics.framework/Versions/A/CoreAnalytics
0x00007fff2a739000 	/System/Library/PrivateFrameworks/AppleSauce.framework/Versions/A/AppleSauce
0x00007fff282d6000 	/System/Library/PrivateFrameworks/IOAccelerator.framework/Versions/A/IOAccelerator
0x00007fff6c7ee000 	/System/Library/Frameworks/OpenGL.framework/Versions/A/Libraries/libCoreFSCache.dylib
0x00007fff214a7000 	/System/Library/PrivateFrameworks/LanguageModeling.framework/Versions/A/LanguageModeling
0x00007fff29909000 	/System/Library/PrivateFrameworks/CoreEmoji.framework/Versions/A/CoreEmoji
0x00007fff29071000 	/System/Library/PrivateFrameworks/LinguisticData.framework/Versions/A/LinguisticData
0x00007fff20d9a000 	/System/Library/PrivateFrameworks/Lexicon.framework/Versions/A/Lexicon
0x00007fff2a64b000 	/usr/lib/libcmph.dylib
0x00007fff27106000 	/System/Library/Frameworks/OpenDirectory.framework/Versions/A/Frameworks/CFOpenDirectory.framework/Versions/A/CFOpenDirectory
0x00007fff270f6000 	/System/Library/Frameworks/OpenDirectory.framework/Versions/A/OpenDirectory
0x00007fff2abb9000 	/System/Library/PrivateFrameworks/APFS.framework/Versions/A/APFS
0x00007fff29c2e000 	/System/Library/Frameworks/SecurityFoundation.framework/Versions/A/SecurityFoundation
0x00007fff2acc1000 	/usr/lib/libutil.dylib
0x00007fff22ab3000 	/System/Library/PrivateFrameworks/CoreServicesStore.framework/Versions/A/CoreServicesStore
0x00007fff29cc5000 	/System/Library/Frameworks/ServiceManagement.framework/Versions/A/ServiceManagement
0x00007fff2acc5000 	/usr/lib/libxslt.1.dylib
0x00007fff29cbb000 	/System/Library/PrivateFrameworks/BackgroundTaskManagement.framework/Versions/A/BackgroundTaskManagement
0x00007fff2bcb6000 	/System/Library/Frameworks/ImageIO.framework/Versions/A/Resources/libRadiance.dylib
0x00007fff2bcc0000 	/System/Library/Frameworks/ImageIO.framework/Versions/A/Resources/libJPEG.dylib
0x00007fff2bc0f000 	/System/Library/Frameworks/ImageIO.framework/Versions/A/Resources/libPng.dylib
0x00007fff2bc36000 	/System/Library/Frameworks/ImageIO.framework/Versions/A/Resources/libTIFF.dylib
0x00007fff2bd15000 	/System/Library/Frameworks/ImageIO.framework/Versions/A/Resources/libGIF.dylib
0x00007fff2b972000 	/System/Library/Frameworks/ImageIO.framework/Versions/A/Resources/libJP2.dylib
0x00007fff2b05c000 	/usr/lib/libexpat.1.dylib
0x00007fff2b927000 	/System/Library/PrivateFrameworks/AppleJPEG.framework/Versions/A/AppleJPEG
0x00007fff2850c000 	/System/Library/PrivateFrameworks/FontServices.framework/libFontParser.dylib
0x00007fff26198000 	/System/Library/PrivateFrameworks/RunningBoardServices.framework/Versions/A/RunningBoardServices
0x00007fff2ba51000 	/System/Library/PrivateFrameworks/WatchdogClient.framework/Versions/A/WatchdogClient
0x00007fff21594000 	/System/Library/Frameworks/CoreDisplay.framework/Versions/A/CoreDisplay
0x00007fff28422000 	/System/Library/Frameworks/CoreMedia.framework/Versions/A/CoreMedia
0x00007fff27283000 	/System/Library/Frameworks/CoreVideo.framework/Versions/A/CoreVideo
0x00007fff2ba89000 	/System/Library/Frameworks/VideoToolbox.framework/Versions/A/VideoToolbox
0x00007fff26116000 	/System/Library/PrivateFrameworks/BaseBoard.framework/Versions/A/BaseBoard
0x00007fff2b1a1000 	/System/Library/PrivateFrameworks/PersistentConnection.framework/Versions/A/PersistentConnection
0x00007fff25ea9000 	/System/Library/PrivateFrameworks/ProtocolBuffer.framework/Versions/A/ProtocolBuffer
0x00007fff260fd000 	/System/Library/PrivateFrameworks/CommonUtilities.framework/Versions/A/CommonUtilities
0x00007fff2b8bc000 	/System/Library/PrivateFrameworks/Bom.framework/Versions/A/Bom
0x00007fff2bcaf000 	/System/Library/PrivateFrameworks/GPUWrangler.framework/Versions/A/GPUWrangler
0x00007fff2bc94000 	/System/Library/PrivateFrameworks/IOPresentment.framework/Versions/A/IOPresentment
0x00007fff2bcba000 	/System/Library/PrivateFrameworks/DSExternalDisplay.framework/Versions/A/DSExternalDisplay
0x00007fff2bd1a000 	/System/Library/PrivateFrameworks/CMCaptureCore.framework/Versions/A/CMCaptureCore
0x00007fff2b641000 	/System/Library/PrivateFrameworks/AppServerSupport.framework/Versions/A/AppServerSupport
0x00007fff2d6ed000 	/System/Library/PrivateFrameworks/perfdata.framework/Versions/A/perfdata
0x00007fff29c1d000 	/System/Library/PrivateFrameworks/AssertionServices.framework/Versions/A/AssertionServices
0x00007fff216cb000 	/System/Library/PrivateFrameworks/AudioToolboxCore.framework/Versions/A/AudioToolboxCore
0x00007fff28405000 	/System/Library/PrivateFrameworks/caulk.framework/Versions/A/caulk
0x00007fff3d37a000 	/System/Library/PrivateFrameworks/SystemPolicy.framework/Versions/A/SystemPolicy
0x00007fff2ae51000 	/usr/lib/libIOReport.dylib
0x00007fff2cf0f000 	/usr/lib/libSMC.dylib
0x00007fff2bbdc000 	/usr/lib/libAudioToolboxUtility.dylib
0x00007fff3dce4000 	/usr/lib/libmis.dylib
0x00007fff6c84a000 	/System/Library/Frameworks/OpenGL.framework/Versions/A/Libraries/libGLU.dylib
0x00007fff6c80d000 	/System/Library/Frameworks/OpenGL.framework/Versions/A/Libraries/libGFXShared.dylib
0x00007fff6ca1c000 	/System/Library/Frameworks/OpenGL.framework/Versions/A/Libraries/libGL.dylib
0x00007fff6c816000 	/System/Library/Frameworks/OpenGL.framework/Versions/A/Libraries/libGLImage.dylib
0x00007fff6c80a000 	/System/Library/Frameworks/OpenGL.framework/Versions/A/Libraries/libCVMSPluginSupport.dylib
0x00007fff6c7f5000 	/System/Library/Frameworks/OpenGL.framework/Versions/A/Libraries/libCoreVMClient.dylib
0x00007fff6de5d000 	/System/Library/Frameworks/OpenCL.framework/Versions/A/OpenCL
0x00007fff2b1cb000 	/System/Library/PrivateFrameworks/GraphVisualizer.framework/Versions/A/GraphVisualizer
0x00007fff2b1da000 	/System/Library/PrivateFrameworks/FaceCore.framework/Versions/A/FaceCore
0x00007fff2b5f6000 	/System/Library/PrivateFrameworks/OTSVG.framework/Versions/A/OTSVG
0x00007fff26e7a000 	/System/Library/Frameworks/ApplicationServices.framework/Versions/A/Frameworks/ATS.framework/Versions/A/Resources/libFontRegistry.dylib
0x00007fff2b648000 	/System/Library/PrivateFrameworks/FontServices.framework/libhvf.dylib
0x00007fff2b008000 	/System/Library/PrivateFrameworks/AppleVA.framework/Versions/A/AppleVA
0x00007fff2cd58000 	/System/Library/Frameworks/ApplicationServices.framework/Versions/A/Frameworks/ATS.framework/Versions/A/ATS
0x00007fff2d06a000 	/System/Library/Frameworks/ApplicationServices.framework/Versions/A/Frameworks/ColorSyncLegacy.framework/Versions/A/ColorSyncLegacy
0x00007fff25683000 	/System/Library/Frameworks/ApplicationServices.framework/Versions/A/Frameworks/HIServices.framework/Versions/A/HIServices
0x00007fff2d04f000 	/System/Library/Frameworks/ApplicationServices.framework/Versions/A/Frameworks/LangAnalysis.framework/Versions/A/LangAnalysis
0x00007fff2bd24000 	/System/Library/Frameworks/ApplicationServices.framework/Versions/A/Frameworks/PrintCore.framework/Versions/A/PrintCore
0x00007fff2d072000 	/System/Library/Frameworks/ApplicationServices.framework/Versions/A/Frameworks/QD.framework/Versions/A/QD
0x00007fff2cd48000 	/System/Library/Frameworks/ApplicationServices.framework/Versions/A/Frameworks/SpeechSynthesis.framework/Versions/A/SpeechSynthesis
0x00007fff2bce5000 	/System/Library/Frameworks/ApplicationServices.framework/Versions/A/Frameworks/ATSUI.framework/Versions/A/ATSUI
0x00007fff2cfef000 	/usr/lib/libcups.2.dylib
0x00007fff2d05f000 	/System/Library/PrivateFrameworks/NetAuth.framework/Versions/A/NetAuth
0x00007fff2d709000 	/System/Library/Frameworks/Kerberos.framework/Versions/A/Kerberos
0x00007fff2d719000 	/System/Library/Frameworks/GSS.framework/Versions/A/GSS
0x00007fff2cdc4000 	/usr/lib/libresolv.9.dylib
0x00007fff2b65d000 	/System/Library/PrivateFrameworks/Heimdal.framework/Versions/A/Heimdal
0x00007fff33490000 	/System/Library/Frameworks/Kerberos.framework/Versions/A/Libraries/libHeimdalProxy.dylib
0x00007fff26269000 	/System/Library/Frameworks/Network.framework/Versions/A/Network
0x00007fff2b076000 	/usr/lib/libheimdal-asn1.dylib
0x00007fff2d769000 	/System/Library/PrivateFrameworks/CommonAuth.framework/Versions/A/CommonAuth
0x00007fff272d0000 	/System/Library/PrivateFrameworks/login.framework/Versions/A/Frameworks/loginsupport.framework/Versions/A/loginsupport
0x00007fff2cccd000 	/System/Library/PrivateFrameworks/AudioSession.framework/Versions/A/AudioSession
0x00007fff2cd35000 	/usr/lib/libAudioStatistics.dylib
0x00007fff2b103000 	/System/Library/PrivateFrameworks/MediaExperience.framework/Versions/A/MediaExperience
0x00007fff2cb6a000 	/System/Library/PrivateFrameworks/AudioSession.framework/libSessionUtility.dylib
0x00007fff2d6fa000 	/usr/lib/libperfcheck.dylib
0x00007fff2d07e000 	/System/Library/PrivateFrameworks/AudioResourceArbitration.framework/Versions/A/AudioResourceArbitration
0x00007fff2b080000 	/System/Library/PrivateFrameworks/IconFoundation.framework/Versions/A/IconFoundation
0x00007fff2fba0000 	/System/Library/PrivateFrameworks/SpeechRecognitionCore.framework/Versions/A/SpeechRecognitionCore
0x0000000111800000 	/Library/Java/JavaVirtualMachines/openlogic-openjdk-8.jdk/Contents/Home/jre/lib/server/libjvm.dylib
0x000000010d72c000 	/Library/Java/JavaVirtualMachines/openlogic-openjdk-8.jdk/Contents/Home/jre/lib/libverify.dylib
0x000000010d73d000 	/Library/Java/JavaVirtualMachines/openlogic-openjdk-8.jdk/Contents/Home/jre/lib/libjava.dylib
0x000000010d771000 	/Library/Java/JavaVirtualMachines/openlogic-openjdk-8.jdk/Contents/Home/jre/lib/libinstrument.dylib
0x000000010d7dd000 	/Library/Java/JavaVirtualMachines/openlogic-openjdk-8.jdk/Contents/Home/jre/lib/libzip.dylib
0x000000012d75c000 	/Library/Java/JavaVirtualMachines/openlogic-openjdk-8.jdk/Contents/Home/jre/lib/libnio.dylib
0x000000012d76f000 	/Library/Java/JavaVirtualMachines/openlogic-openjdk-8.jdk/Contents/Home/jre/lib/libnet.dylib
0x000000012dbaf000 	/Library/Java/JavaVirtualMachines/openlogic-openjdk-8.jdk/Contents/Home/jre/lib/libmanagement.dylib

VM Arguments:
jvm_args: -javaagent:/Applications/IntelliJ IDEA.app/Contents/lib/idea_rt.jar=53701:/Applications/IntelliJ IDEA.app/Contents/bin -Dfile.encoding=UTF-8 
java_command: org.sid.gatewaysevice.GatewaySeviceApplication
java_class_path (initial): /Library/Java/JavaVirtualMachines/openlogic-openjdk-8.jdk/Contents/Home/jre/lib/charsets.jar:/Library/Java/JavaVirtualMachines/openlogic-openjdk-8.jdk/Contents/Home/jre/lib/ext/cldrdata.jar:/Library/Java/JavaVirtualMachines/openlogic-openjdk-8.jdk/Contents/Home/jre/lib/ext/dnsns.jar:/Library/Java/JavaVirtualMachines/openlogic-openjdk-8.jdk/Contents/Home/jre/lib/ext/jaccess.jar:/Library/Java/JavaVirtualMachines/openlogic-openjdk-8.jdk/Contents/Home/jre/lib/ext/localedata.jar:/Library/Java/JavaVirtualMachines/openlogic-openjdk-8.jdk/Contents/Home/jre/lib/ext/nashorn.jar:/Library/Java/JavaVirtualMachines/openlogic-openjdk-8.jdk/Contents/Home/jre/lib/ext/sunec.jar:/Library/Java/JavaVirtualMachines/openlogic-openjdk-8.jdk/Contents/Home/jre/lib/ext/sunjce_provider.jar:/Library/Java/JavaVirtualMachines/openlogic-openjdk-8.jdk/Contents/Home/jre/lib/ext/sunpkcs11.jar:/Library/Java/JavaVirtualMachines/openlogic-openjdk-8.jdk/Contents/Home/jre/lib/ext/zipfs.jar:/Library/Java/JavaVirtualMachines/openlogic-openjdk-8.jdk/Contents/Home/jre/lib/jce.jar:/Library/Java/JavaVirtualMachines/openlogic-openjdk-8.jdk/Contents/Home/jre/lib/jfr.jar:/Library/Java/JavaVirtualMachines/openlogic-openjdk-8.jdk/Contents/Home/jre/lib/jsse.jar:/Library/Java/JavaVirtualMachines/openlogic-openjdk-8.jdk/Contents/Home/jre/lib/management-agent.jar:/Library/Java/JavaVirtualMachines/openlogic-openjdk-8.jdk/Contents/Home/jre/lib/resources.jar:/Library/Java/JavaVirtualMachines/openlogic-openjdk-8.jdk/Contents/Home/jre/lib/rt.jar:/Library/Java/JavaVirtualMachines/openlogic-openjdk-8.jdk/Contents/Home/lib/dt.jar:/Library/Java/JavaVirtualMachines/openlogic-openjdk-8.jdk/Contents/Home/lib/jconsole.jar:/Library/Java/JavaVirtualMachines/openlogic-openjdk-8.jdk/Contents/Home/lib/sa-jdi.jar:/Library/Java/JavaVirtualMachines/openlogic-openjdk-8.jdk/Contents/Home/lib/tools.jar:/Users/mac/Desktop/TpJee/gateway-sevice/target/classes:/Users/mac/.m2/repository/org/springframework/boot/spring-b
Launcher Type: SUN_STANDARD

Environment Variables:
PATH=/opt/anaconda3/bin:/opt/anaconda3/condabin:/Library/Frameworks/Python.framework/Versions/3.9/bin:/usr/local/bin:/usr/bin:/bin:/usr/sbin:/sbin:/Library/Apple/usr/bin:/Users/mac/flutter/bin
SHELL=/bin/bash

Signal Handlers:
SIGSEGV: [libjvm.dylib+0x59bf4f], sa_mask[0]=11111111011111110111111111111111, sa_flags=SA_ONSTACK|SA_RESTART|SA_SIGINFO
SIGBUS: [libjvm.dylib+0x59bf4f], sa_mask[0]=11111111011111110111111111111111, sa_flags=SA_RESTART|SA_SIGINFO
SIGFPE: [libjvm.dylib+0x48c941], sa_mask[0]=11111111011111110111111111111111, sa_flags=SA_RESTART|SA_SIGINFO
SIGPIPE: [libjvm.dylib+0x48c941], sa_mask[0]=11111111011111110111111111111111, sa_flags=SA_RESTART|SA_SIGINFO
SIGXFSZ: [libjvm.dylib+0x48c941], sa_mask[0]=11111111011111110111111111111111, sa_flags=SA_RESTART|SA_SIGINFO
SIGILL: [libjvm.dylib+0x48c941], sa_mask[0]=11111111011111110111111111111111, sa_flags=SA_RESTART|SA_SIGINFO
SIGUSR1: SIG_DFL, sa_mask[0]=00000000000000000000000000000000, sa_flags=none
SIGUSR2: [libjvm.dylib+0x48d23a], sa_mask[0]=00100000000000000000000000000000, sa_flags=SA_RESTART|SA_SIGINFO
SIGHUP: [libjvm.dylib+0x48b3f9], sa_mask[0]=11111111011111110111111111111111, sa_flags=SA_RESTART|SA_SIGINFO
SIGINT: [libjvm.dylib+0x48b3f9], sa_mask[0]=11111111011111110111111111111111, sa_flags=SA_RESTART|SA_SIGINFO
SIGTERM: [libjvm.dylib+0x48b3f9], sa_mask[0]=11111111011111110111111111111111, sa_flags=SA_RESTART|SA_SIGINFO
SIGQUIT: [libjvm.dylib+0x48b3f9], sa_mask[0]=11111111011111110111111111111111, sa_flags=SA_RESTART|SA_SIGINFO


---------------  S Y S T E M  ---------------

OS:Bsduname:Darwin 20.2.0 Darwin Kernel Version 20.2.0: Wed Dec  2 20:39:59 PST 2020; root:xnu-7195.60.75~1/RELEASE_X86_64 x86_64
rlimit: STACK 8192k, CORE 0k, NPROC 2784, NOFILE 10240, AS infinity
load average:2.98 3.05 3.02

CPU:total 8 (initial active 8) (4 cores per cpu, 2 threads per core) family 6 model 158 stepping 9, cmov, cx8, fxsr, mmx, sse, sse2, sse3, ssse3, sse4.1, sse4.2, popcnt, avx, avx2, aes, clmul, erms, 3dnowpref, lzcnt, ht, tsc, tscinvbit, bmi1, bmi2, adx

Memory: 4k page, physical 16777216k(19540k free)

/proc/meminfo:


vm_info: OpenJDK 64-Bit Server VM (25.262-b10) for bsd-amd64 JRE (1.8.0_262-internal-b10), built on Aug  1 2020 12:09:44 by "admin" with gcc 4.2.1 Compatible Apple LLVM 10.0.0 (clang-1000.11.45.5)

time: Thu Dec 31 18:03:47 2020
timezone: +01
elapsed time: 629 seconds (0d 0h 10m 29s)

