#
# A fatal error has been detected by the Java Runtime Environment:
#
#  SIGSEGV (0xb) at pc=0x0000000109575436, pid=2508, tid=0x0000000000006c03
#
# JRE version: OpenJDK Runtime Environment (8.0_262-b10) (build 1.8.0_262-internal-b10)
# Java VM: OpenJDK 64-Bit Server VM (25.262-b10 mixed mode bsd-amd64 compressed oops)
# Problematic frame:
# V  [libjvm.dylib+0x575436]  Unsafe_SetByte+0xd2
#
# Failed to write core dump. Core dumps have been disabled. To enable core dumping, try "ulimit -c unlimited" before starting Java again
#
# If you would like to submit a bug report, please visit:
#   http://bugreport.java.com/bugreport/crash.jsp
#

---------------  T H R E A D  ---------------

Current thread (0x00007fca8b1d2800):  JavaThread "reactor-http-nio-5" daemon [_thread_in_vm, id=27651, stack(0x0000700005e37000,0x0000700005f37000)]

siginfo: si_signo: 11 (SIGSEGV), si_code: 1 (SEGV_MAPERR), si_addr: 0x0000000000000000

Registers:
RAX=0x00000001097101c0, RBX=0x00007fca8b1d2800, RCX=0x00007fca8d800004, RDX=0x0000000000000000
RSP=0x0000700005f35e60, RBP=0x0000700005f35e90, RSI=0x0000700005f35f48, RDI=0x00007fca8b1d2a50
R8 =0x000000000000002f, R9 =0x00000001096de608, R10=0x000000010c67d3db, R11=0x00000001094ec5d5
R12=0x0000000000000000, R13=0x000000010b474e60, R14=0x000000000000002f, R15=0x00007fca8d800004
RIP=0x0000000109575436, EFLAGS=0x0000000000010246, ERR=0x0000000000000004
  TRAPNO=0x000000000000000e

Top of Stack: (sp=0x0000700005f35e60)
0x0000700005f35e60:   00007fca8b1d2800 00007fca8b1d2800
0x0000700005f35e70:   000000010b474e60 0000000000000000
0x0000700005f35e80:   0000700005f35f48 00007fca8b1d2800
0x0000700005f35e90:   0000700005f35f08 000000010c67d407
0x0000700005f35ea0:   000000010b474e60 0000700005f35f48
0x0000700005f35eb0:   0000700005f35f08 000000010c67d167
0x0000700005f35ec0:   000000010c67d122 0000700005f35ec8
0x0000700005f35ed0:   000000010b474e60 0000700005f35f48
0x0000700005f35ee0:   000000010b4a49c8 0000000000000000
0x0000700005f35ef0:   000000010b474e60 0000000000000000
0x0000700005f35f00:   0000700005f35f28 0000700005f35f90
0x0000700005f35f10:   000000010c66cffd 0000000000000000
0x0000700005f35f20:   000000010c676a58 000000000000002f
0x0000700005f35f30:   00007fca8d800004 000000010c6784f9
0x0000700005f35f40:   0000000000000000 00000006c00035c0
0x0000700005f35f50:   0000700005f35f50 000000012621da0e
0x0000700005f35f60:   0000700005f35fb8 00000001262204e8
0x0000700005f35f70:   0000000000000000 000000012621da40
0x0000700005f35f80:   0000700005f35f28 0000700005f35fa0
0x0000700005f35f90:   0000700005f36000 000000010c66cffd
0x0000700005f35fa0:   000000000000002f 00007fca8d800004
0x0000700005f35fb0:   0000000000000000 0000000000000000
0x0000700005f35fc0:   0000700005f35fc0 00000001261d422b
0x0000700005f35fd0:   0000700005f36028 000000012620ceb8
0x0000700005f35fe0:   0000000000000000 00000001261d4260
0x0000700005f35ff0:   0000700005f35fa0 0000700005f36010
0x0000700005f36000:   0000700005f36070 000000010c66cffd
0x0000700005f36010:   000000000000002f 00007fca8d800004
0x0000700005f36020:   0000000000000000 0000000000000000
0x0000700005f36030:   0000700005f36030 00000001270bd7d9
0x0000700005f36040:   0000700005f360f0 00000001270d2028
0x0000700005f36050:   0000000000000000 00000001270bda00 

Instructions: (pc=0x0000000109575436)
0x0000000109575416:   00 30 74 08 48 89 df e8 02 96 fe ff c7 83 c8 02
0x0000000109575426:   00 00 06 00 00 00 48 89 5d d8 41 f6 c4 01 75 06
0x0000000109575436:   49 8b 04 24 eb 08 4c 89 e7 e8 06 f5 db ff 46 88
0x0000000109575446:   34 38 48 8d 7d d8 e8 cb 79 de ff 48 8d 7d d0 e8 

Register to memory mapping:

RAX=0x00000001097101c0: _ZN20SafepointSynchronize6_stateE+0 in /Library/Java/JavaVirtualMachines/openlogic-openjdk-8.jdk/Contents/Home/jre/lib/server/libjvm.dylib at 0x0000000109000000
RBX=0x00007fca8b1d2800 is a thread
RCX=0x00007fca8d800004 is an unknown value
RDX=0x0000000000000000 is an unknown value
RSP=0x0000700005f35e60 is pointing into the stack for thread: 0x00007fca8b1d2800
RBP=0x0000700005f35e90 is pointing into the stack for thread: 0x00007fca8b1d2800
RSI=0x0000700005f35f48 is pointing into the stack for thread: 0x00007fca8b1d2800
RDI=0x00007fca8b1d2a50 is an unknown value
R8 =0x000000000000002f is an unknown value
R9 =0x00000001096de608: _ZTV24external_word_Relocation+0x10 in /Library/Java/JavaVirtualMachines/openlogic-openjdk-8.jdk/Contents/Home/jre/lib/server/libjvm.dylib at 0x0000000109000000
R10=0x000000010c67d3db is at code_begin+859 in an Interpreter codelet
method entry point (kind = native)  [0x000000010c67d080, 0x000000010c67da00]  2432 bytes
R11=0x00000001094ec5d5: throw_unsatisfied_link_error+0 in /Library/Java/JavaVirtualMachines/openlogic-openjdk-8.jdk/Contents/Home/jre/lib/server/libjvm.dylib at 0x0000000109000000
R12=0x0000000000000000 is an unknown value
R13={method} {0x000000010b474e60} 'putByte' '(Ljava/lang/Object;JB)V' in 'sun/misc/Unsafe'
R14=0x000000000000002f is an unknown value
R15=0x00007fca8d800004 is an unknown value


Stack: [0x0000700005e37000,0x0000700005f37000],  sp=0x0000700005f35e60,  free space=1019k
Native frames: (J=compiled Java code, j=interpreted, Vv=VM code, C=native code)
V  [libjvm.dylib+0x575436]  Unsafe_SetByte+0xd2
j  sun.misc.Unsafe.putByte(Ljava/lang/Object;JB)V+0
j  io.netty.util.internal.PlatformDependent0.putByte(Ljava/lang/Object;JB)V+6
j  io.netty.util.internal.PlatformDependent.putByte(Ljava/lang/Object;JB)V+3
j  io.netty.buffer.ByteBufUtil.unsafeWriteUtf8([BJILjava/lang/CharSequence;II)I+73
j  io.netty.buffer.ByteBufUtil.writeUtf8(Lio/netty/buffer/AbstractByteBuf;IILjava/lang/CharSequence;II)I+79
j  io.netty.buffer.ByteBufUtil.writeUtf8(Lio/netty/buffer/AbstractByteBuf;IILjava/lang/CharSequence;I)I+7
j  io.netty.buffer.AbstractByteBuf.setCharSequence0(ILjava/lang/CharSequence;Ljava/nio/charset/Charset;Z)I+55
j  io.netty.buffer.AbstractByteBuf.writeCharSequence(Ljava/lang/CharSequence;Ljava/nio/charset/Charset;)I+8
j  io.netty.handler.codec.http.HttpRequestEncoder.encodeInitialLine(Lio/netty/buffer/ByteBuf;Lio/netty/handler/codec/http/HttpRequest;)V+144
j  io.netty.handler.codec.http.HttpRequestEncoder.encodeInitialLine(Lio/netty/buffer/ByteBuf;Lio/netty/handler/codec/http/HttpMessage;)V+6
j  io.netty.handler.codec.http.HttpObjectEncoder.encode(Lio/netty/channel/ChannelHandlerContext;Ljava/lang/Object;Ljava/util/List;)V+88
j  io.netty.handler.codec.http.HttpClientCodec$Encoder.encode(Lio/netty/channel/ChannelHandlerContext;Ljava/lang/Object;Ljava/util/List;)V+52
j  io.netty.handler.codec.MessageToMessageEncoder.write(Lio/netty/channel/ChannelHandlerContext;Ljava/lang/Object;Lio/netty/channel/ChannelPromise;)V+25
j  io.netty.channel.CombinedChannelDuplexHandler.write(Lio/netty/channel/ChannelHandlerContext;Ljava/lang/Object;Lio/netty/channel/ChannelPromise;)V+45
j  io.netty.channel.AbstractChannelHandlerContext.invokeWrite0(Ljava/lang/Object;Lio/netty/channel/ChannelPromise;)V+10
j  io.netty.channel.AbstractChannelHandlerContext.invokeWriteAndFlush(Ljava/lang/Object;Lio/netty/channel/ChannelPromise;)V+10
j  io.netty.channel.AbstractChannelHandlerContext$WriteTask.run()V+41
j  io.netty.util.concurrent.AbstractEventExecutor.safeExecute(Ljava/lang/Runnable;)V+1
j  io.netty.util.concurrent.SingleThreadEventExecutor.runAllTasks(J)Z+41
j  io.netty.channel.nio.NioEventLoop.run()V+329
j  io.netty.util.concurrent.SingleThreadEventExecutor$4.run()V+44
j  io.netty.util.internal.ThreadExecutorMap$2.run()V+11
j  io.netty.util.concurrent.FastThreadLocalRunnable.run()V+4
j  java.lang.Thread.run()V+11
v  ~StubRoutines::call_stub
V  [libjvm.dylib+0x2cd743]  JavaCalls::call_helper(JavaValue*, methodHandle*, JavaCallArguments*, Thread*)+0x771
V  [libjvm.dylib+0x2cc40e]  JavaCalls::call_virtual(JavaValue*, KlassHandle, Symbol*, Symbol*, JavaCallArguments*, Thread*)+0x14a
V  [libjvm.dylib+0x2cc629]  JavaCalls::call_virtual(JavaValue*, Handle, KlassHandle, Symbol*, Symbol*, Thread*)+0x57
V  [libjvm.dylib+0x343eaf]  thread_entry(JavaThread*, Thread*)+0x78
V  [libjvm.dylib+0x55d526]  JavaThread::thread_main_inner()+0x82
V  [libjvm.dylib+0x55d3eb]  JavaThread::run()+0x169
V  [libjvm.dylib+0x48a4a9]  java_start(Thread*)+0xfa
C  [libsystem_pthread.dylib+0x6950]  _pthread_start+0xe0
C  [libsystem_pthread.dylib+0x247b]  thread_start+0xf
C  0x0000000000000000

Java frames: (J=compiled Java code, j=interpreted, Vv=VM code)
j  sun.misc.Unsafe.putByte(Ljava/lang/Object;JB)V+0
j  io.netty.util.internal.PlatformDependent0.putByte(Ljava/lang/Object;JB)V+6
j  io.netty.util.internal.PlatformDependent.putByte(Ljava/lang/Object;JB)V+3
j  io.netty.buffer.ByteBufUtil.unsafeWriteUtf8([BJILjava/lang/CharSequence;II)I+73
j  io.netty.buffer.ByteBufUtil.writeUtf8(Lio/netty/buffer/AbstractByteBuf;IILjava/lang/CharSequence;II)I+79
j  io.netty.buffer.ByteBufUtil.writeUtf8(Lio/netty/buffer/AbstractByteBuf;IILjava/lang/CharSequence;I)I+7
j  io.netty.buffer.AbstractByteBuf.setCharSequence0(ILjava/lang/CharSequence;Ljava/nio/charset/Charset;Z)I+55
j  io.netty.buffer.AbstractByteBuf.writeCharSequence(Ljava/lang/CharSequence;Ljava/nio/charset/Charset;)I+8
j  io.netty.handler.codec.http.HttpRequestEncoder.encodeInitialLine(Lio/netty/buffer/ByteBuf;Lio/netty/handler/codec/http/HttpRequest;)V+144
j  io.netty.handler.codec.http.HttpRequestEncoder.encodeInitialLine(Lio/netty/buffer/ByteBuf;Lio/netty/handler/codec/http/HttpMessage;)V+6
j  io.netty.handler.codec.http.HttpObjectEncoder.encode(Lio/netty/channel/ChannelHandlerContext;Ljava/lang/Object;Ljava/util/List;)V+88
j  io.netty.handler.codec.http.HttpClientCodec$Encoder.encode(Lio/netty/channel/ChannelHandlerContext;Ljava/lang/Object;Ljava/util/List;)V+52
j  io.netty.handler.codec.MessageToMessageEncoder.write(Lio/netty/channel/ChannelHandlerContext;Ljava/lang/Object;Lio/netty/channel/ChannelPromise;)V+25
j  io.netty.channel.CombinedChannelDuplexHandler.write(Lio/netty/channel/ChannelHandlerContext;Ljava/lang/Object;Lio/netty/channel/ChannelPromise;)V+45
j  io.netty.channel.AbstractChannelHandlerContext.invokeWrite0(Ljava/lang/Object;Lio/netty/channel/ChannelPromise;)V+10
j  io.netty.channel.AbstractChannelHandlerContext.invokeWriteAndFlush(Ljava/lang/Object;Lio/netty/channel/ChannelPromise;)V+10
j  io.netty.channel.AbstractChannelHandlerContext$WriteTask.run()V+41
j  io.netty.util.concurrent.AbstractEventExecutor.safeExecute(Ljava/lang/Runnable;)V+1
j  io.netty.util.concurrent.SingleThreadEventExecutor.runAllTasks(J)Z+41
j  io.netty.channel.nio.NioEventLoop.run()V+329
j  io.netty.util.concurrent.SingleThreadEventExecutor$4.run()V+44
j  io.netty.util.internal.ThreadExecutorMap$2.run()V+11
j  io.netty.util.concurrent.FastThreadLocalRunnable.run()V+4
j  java.lang.Thread.run()V+11
v  ~StubRoutines::call_stub

---------------  P R O C E S S  ---------------

Java Threads: ( => current thread )
  0x00007fca868cb800 JavaThread "reactor-http-nio-8" daemon [_thread_in_native, id=28675, stack(0x0000700006140000,0x0000700006240000)]
  0x00007fca8b084000 JavaThread "reactor-http-nio-7" daemon [_thread_in_native, id=28163, stack(0x000070000603d000,0x000070000613d000)]
  0x00007fca8b083000 JavaThread "reactor-http-nio-6" daemon [_thread_in_native, id=35587, stack(0x0000700005f3a000,0x000070000603a000)]
=>0x00007fca8b1d2800 JavaThread "reactor-http-nio-5" daemon [_thread_in_vm, id=27651, stack(0x0000700005e37000,0x0000700005f37000)]
  0x00007fca8351a000 JavaThread "reactor-http-nio-4" daemon [_thread_in_native, id=27139, stack(0x0000700005d34000,0x0000700005e34000)]
  0x00007fca8458d000 JavaThread "pool-3-thread-1" [_thread_blocked, id=36099, stack(0x0000700005c31000,0x0000700005d31000)]
  0x00007fca866b0000 JavaThread "parallel-1" daemon [_thread_blocked, id=26627, stack(0x0000700005b2e000,0x0000700005c2e000)]
  0x00007fca8460d000 JavaThread "reactor-http-nio-3" daemon [_thread_in_native, id=26371, stack(0x0000700005a2b000,0x0000700005b2b000)]
  0x00007fca8b845800 JavaThread "reactor-http-nio-2" daemon [_thread_in_native, id=26115, stack(0x0000700005928000,0x0000700005a28000)]
  0x00007fca840f7800 JavaThread "Keep-Alive-Timer" daemon [_thread_blocked, id=38919, stack(0x0000700005110000,0x0000700005210000)]
  0x00007fca8b1db800 JavaThread "DiscoveryClient-HeartbeatExecutor-0" daemon [_thread_blocked, id=37123, stack(0x0000700005825000,0x0000700005925000)]
  0x00007fca8460c000 JavaThread "DiscoveryClient-CacheRefreshExecutor-0" daemon [_thread_blocked, id=19207, stack(0x0000700005722000,0x0000700005822000)]
  0x00007fca86472000 JavaThread "DestroyJavaVM" [_thread_blocked, id=10499, stack(0x00007000031b0000,0x00007000032b0000)]
  0x00007fca84ffe800 JavaThread "server" [_thread_blocked, id=25603, stack(0x000070000561f000,0x000070000571f000)]
  0x00007fca84a58800 JavaThread "reactor-http-nio-1" daemon [_thread_in_native, id=25091, stack(0x000070000551c000,0x000070000561c000)]
  0x00007fca8350b800 JavaThread "DiscoveryClient-InstanceInfoReplicator-0" daemon [_thread_blocked, id=37891, stack(0x0000700005419000,0x0000700005519000)]
  0x00007fca845ed000 JavaThread "DiscoveryClient-1" daemon [_thread_blocked, id=38147, stack(0x0000700005316000,0x0000700005416000)]
  0x00007fca8b061800 JavaThread "DiscoveryClient-0" daemon [_thread_blocked, id=24579, stack(0x0000700005213000,0x0000700005313000)]
  0x00007fca848d9000 JavaThread "AsyncResolver-bootstrap-0" daemon [_thread_blocked, id=24067, stack(0x000070000500d000,0x000070000510d000)]
  0x00007fca865f7000 JavaThread "boundedElastic-evictor-7" daemon [_thread_blocked, id=39427, stack(0x0000700004f0a000,0x000070000500a000)]
  0x00007fca838b3000 JavaThread "boundedElastic-evictor-6" daemon [_thread_blocked, id=39939, stack(0x0000700004e07000,0x0000700004f07000)]
  0x00007fca84896800 JavaThread "boundedElastic-evictor-5" daemon [_thread_blocked, id=40195, stack(0x0000700004d04000,0x0000700004e04000)]
  0x00007fca89337000 JavaThread "boundedElastic-evictor-4" daemon [_thread_blocked, id=23555, stack(0x0000700004c01000,0x0000700004d01000)]
  0x00007fca892b6800 JavaThread "boundedElastic-evictor-3" daemon [_thread_blocked, id=23299, stack(0x0000700004afe000,0x0000700004bfe000)]
  0x00007fca865e2800 JavaThread "boundedElastic-evictor-2" daemon [_thread_blocked, id=23043, stack(0x00007000049fb000,0x0000700004afb000)]
  0x00007fca8b03d000 JavaThread "boundedElastic-evictor-1" daemon [_thread_blocked, id=22791, stack(0x00007000048f8000,0x00007000049f8000)]
  0x00007fca8657c800 JavaThread "spring.cloud.inetutils" daemon [_thread_blocked, id=41739, stack(0x00007000047f5000,0x00007000048f5000)]
  0x00007fca839fd000 JavaThread "Attach Listener" daemon [_thread_blocked, id=42247, stack(0x00007000046f2000,0x00007000047f2000)]
  0x00007fca85840800 JavaThread "Service Thread" daemon [_thread_blocked, id=22275, stack(0x00007000044ec000,0x00007000045ec000)]
  0x00007fca89197800 JavaThread "C1 CompilerThread3" daemon [_thread_blocked, id=43267, stack(0x00007000043e9000,0x00007000044e9000)]
  0x00007fca89197000 JavaThread "C2 CompilerThread2" daemon [_thread_in_native, id=21763, stack(0x00007000042e6000,0x00007000043e6000)]
  0x00007fca89196000 JavaThread "C2 CompilerThread1" daemon [_thread_in_native, id=17155, stack(0x00007000041e3000,0x00007000042e3000)]
  0x00007fca83923800 JavaThread "C2 CompilerThread0" daemon [_thread_in_native, id=17411, stack(0x00007000040e0000,0x00007000041e0000)]
  0x00007fca83921000 JavaThread "Monitor Ctrl-Break" daemon [_thread_in_native, id=17923, stack(0x0000700003fdd000,0x00007000040dd000)]
  0x00007fca8481a800 JavaThread "Signal Dispatcher" daemon [_thread_blocked, id=18179, stack(0x0000700003eda000,0x0000700003fda000)]
  0x00007fca84824000 JavaThread "Finalizer" daemon [_thread_blocked, id=13315, stack(0x0000700003cd1000,0x0000700003dd1000)]
  0x00007fca83824000 JavaThread "Reference Handler" daemon [_thread_blocked, id=13059, stack(0x0000700003bce000,0x0000700003cce000)]

Other Threads:
  0x00007fca8603a000 VMThread [stack: 0x0000700003acb000,0x0000700003bcb000] [id=12803]
  0x00007fca86815000 WatcherThread [stack: 0x00007000045ef000,0x00007000046ef000] [id=42755]

VM state:not at safepoint (normal execution)

VM Mutex/Monitor currently owned by a thread: None

heap address: 0x00000006c0000000, size: 4096 MB, Compressed Oops mode: Zero based, Oop shift amount: 3
Narrow klass base: 0x0000000000000000, Narrow klass shift: 3
Compressed class space size: 1073741824 Address: 0x00000007c0000000

Heap:
 PSYoungGen      total 159744K, used 42136K [0x000000076ab00000, 0x0000000779280000, 0x00000007c0000000)
  eden space 147456K, 20% used [0x000000076ab00000,0x000000076c8278f0,0x0000000773b00000)
  from space 12288K, 99% used [0x0000000773b00000,0x00000007746fe838,0x0000000774700000)
  to   space 14848K, 0% used [0x0000000778400000,0x0000000778400000,0x0000000779280000)
 ParOldGen       total 161792K, used 16045K [0x00000006c0000000, 0x00000006c9e00000, 0x000000076ab00000)
  object space 161792K, 9% used [0x00000006c0000000,0x00000006c0fab720,0x00000006c9e00000)
 Metaspace       used 48308K, capacity 51578K, committed 51632K, reserved 1093632K
  class space    used 6708K, capacity 7292K, committed 7344K, reserved 1048576K

Card table byte_map: [0x0000000109e50000,0x000000010a651000] byte_map_base: 0x0000000106850000

Marking Bits: (ParMarkBitMap*) 0x000000010970fc68
 Begin Bits: [0x000000011b665000, 0x000000011f665000)
 End Bits:   [0x000000011f665000, 0x0000000123665000)

Polling page: 0x0000000104ffb000

CodeCache: size=245760Kb used=14043Kb max_used=14931Kb free=231716Kb
 bounds [0x000000010c665000, 0x000000010d505000, 0x000000011b665000]
 total_blobs=4544 nmethods=4038 adapters=419
 compilation: enabled

Compilation events (10 events):
Event: 46.828 Thread 0x00007fca89197800 4618       3       io.netty.channel.ChannelHandlerMask::isSkippable (20 bytes)
Event: 46.829 Thread 0x00007fca89197800 nmethod 4618 0x000000010ce81a10 code [0x000000010ce81ba0, 0x000000010ce81fe8]
Event: 46.829 Thread 0x00007fca89197800 4619       3       io.netty.channel.ChannelHandlerMask$2::run (5 bytes)
Event: 46.829 Thread 0x00007fca89197800 nmethod 4619 0x000000010c79e9d0 code [0x000000010c79eb40, 0x000000010c79ed48]
Event: 46.830 Thread 0x00007fca89197000 4620       4       java.net.URLClassLoader$1::run (5 bytes)
Event: 46.831 Thread 0x00007fca83923800 4621   !   4       java.net.URLClassLoader$1::run (63 bytes)
Event: 46.831 Thread 0x00007fca89197800 4622       3       java.util.concurrent.atomic.AtomicIntegerFieldUpdater$AtomicIntegerFieldUpdaterImpl::compareAndSet (19 bytes)
Event: 46.831 Thread 0x00007fca89197800 nmethod 4622 0x000000010ce81450 code [0x000000010ce815c0, 0x000000010ce818e8]
Event: 46.846 Thread 0x00007fca89197800 4624       3       java.util.concurrent.atomic.AtomicReferenceFieldUpdater$AtomicReferenceFieldUpdaterImpl::accessCheck (17 bytes)
Event: 46.846 Thread 0x00007fca89197800 nmethod 4624 0x000000010ce80f90 code [0x000000010ce81100, 0x000000010ce81388]

GC Heap History (10 events):
Event: 2.057 GC heap before
{Heap before GC invocations=5 (full 1):
 PSYoungGen      total 76288K, used 65536K [0x000000076ab00000, 0x0000000774000000, 0x00000007c0000000)
  eden space 65536K, 100% used [0x000000076ab00000,0x000000076eb00000,0x000000076eb00000)
  from space 10752K, 0% used [0x000000076eb00000,0x000000076eb00000,0x000000076f580000)
  to   space 10752K, 0% used [0x0000000773580000,0x0000000773580000,0x0000000774000000)
 ParOldGen       total 103936K, used 7976K [0x00000006c0000000, 0x00000006c6580000, 0x000000076ab00000)
  object space 103936K, 7% used [0x00000006c0000000,0x00000006c07ca148,0x00000006c6580000)
 Metaspace       used 23994K, capacity 25088K, committed 25136K, reserved 1071104K
  class space    used 3095K, capacity 3351K, committed 3376K, reserved 1048576K
Event: 2.066 GC heap after
Heap after GC invocations=5 (full 1):
 PSYoungGen      total 107520K, used 7540K [0x000000076ab00000, 0x0000000773d00000, 0x00000007c0000000)
  eden space 99840K, 0% used [0x000000076ab00000,0x000000076ab00000,0x0000000770c80000)
  from space 7680K, 98% used [0x0000000773580000,0x0000000773cdd098,0x0000000773d00000)
  to   space 10752K, 0% used [0x0000000772800000,0x0000000772800000,0x0000000773280000)
 ParOldGen       total 103936K, used 7984K [0x00000006c0000000, 0x00000006c6580000, 0x000000076ab00000)
  object space 103936K, 7% used [0x00000006c0000000,0x00000006c07cc148,0x00000006c6580000)
 Metaspace       used 23994K, capacity 25088K, committed 25136K, reserved 1071104K
  class space    used 3095K, capacity 3351K, committed 3376K, reserved 1048576K
}
Event: 3.082 GC heap before
{Heap before GC invocations=6 (full 1):
 PSYoungGen      total 107520K, used 107380K [0x000000076ab00000, 0x0000000773d00000, 0x00000007c0000000)
  eden space 99840K, 100% used [0x000000076ab00000,0x0000000770c80000,0x0000000770c80000)
  from space 7680K, 98% used [0x0000000773580000,0x0000000773cdd098,0x0000000773d00000)
  to   space 10752K, 0% used [0x0000000772800000,0x0000000772800000,0x0000000773280000)
 ParOldGen       total 103936K, used 7984K [0x00000006c0000000, 0x00000006c6580000, 0x000000076ab00000)
  object space 103936K, 7% used [0x00000006c0000000,0x00000006c07cc148,0x00000006c6580000)
 Metaspace       used 31369K, capacity 32934K, committed 33072K, reserved 1077248K
  class space    used 4209K, capacity 4534K, committed 4656K, reserved 1048576K
Event: 3.091 GC heap after
Heap after GC invocations=6 (full 1):
 PSYoungGen      total 138752K, used 10747K [0x000000076ab00000, 0x0000000775300000, 0x00000007c0000000)
  eden space 128000K, 0% used [0x000000076ab00000,0x000000076ab00000,0x0000000772800000)
  from space 10752K, 99% used [0x0000000772800000,0x000000077327ee40,0x0000000773280000)
  to   space 12288K, 0% used [0x0000000774700000,0x0000000774700000,0x0000000775300000)
 ParOldGen       total 103936K, used 9931K [0x00000006c0000000, 0x00000006c6580000, 0x000000076ab00000)
  object space 103936K, 9% used [0x00000006c0000000,0x00000006c09b2eb8,0x00000006c6580000)
 Metaspace       used 31369K, capacity 32934K, committed 33072K, reserved 1077248K
  class space    used 4209K, capacity 4534K, committed 4656K, reserved 1048576K
}
Event: 3.379 GC heap before
{Heap before GC invocations=7 (full 1):
 PSYoungGen      total 138752K, used 44222K [0x000000076ab00000, 0x0000000775300000, 0x00000007c0000000)
  eden space 128000K, 26% used [0x000000076ab00000,0x000000076cbb0a20,0x0000000772800000)
  from space 10752K, 99% used [0x0000000772800000,0x000000077327ee40,0x0000000773280000)
  to   space 12288K, 0% used [0x0000000774700000,0x0000000774700000,0x0000000775300000)
 ParOldGen       total 103936K, used 9931K [0x00000006c0000000, 0x00000006c6580000, 0x000000076ab00000)
  object space 103936K, 9% used [0x00000006c0000000,0x00000006c09b2eb8,0x00000006c6580000)
 Metaspace       used 33637K, capacity 35412K, committed 35496K, reserved 1079296K
  class space    used 4502K, capacity 4831K, committed 4912K, reserved 1048576K
Event: 3.386 GC heap after
Heap after GC invocations=7 (full 1):
 PSYoungGen      total 159744K, used 9580K [0x000000076ab00000, 0x0000000777e00000, 0x00000007c0000000)
  eden space 147456K, 0% used [0x000000076ab00000,0x000000076ab00000,0x0000000773b00000)
  from space 12288K, 77% used [0x0000000774700000,0x000000077505b198,0x0000000775300000)
  to   space 12288K, 0% used [0x0000000773b00000,0x0000000773b00000,0x0000000774700000)
 ParOldGen       total 103936K, used 9939K [0x00000006c0000000, 0x00000006c6580000, 0x000000076ab00000)
  object space 103936K, 9% used [0x00000006c0000000,0x00000006c09b4eb8,0x00000006c6580000)
 Metaspace       used 33637K, capacity 35412K, committed 35496K, reserved 1079296K
  class space    used 4502K, capacity 4831K, committed 4912K, reserved 1048576K
}
Event: 3.386 GC heap before
{Heap before GC invocations=8 (full 2):
 PSYoungGen      total 159744K, used 9580K [0x000000076ab00000, 0x0000000777e00000, 0x00000007c0000000)
  eden space 147456K, 0% used [0x000000076ab00000,0x000000076ab00000,0x0000000773b00000)
  from space 12288K, 77% used [0x0000000774700000,0x000000077505b198,0x0000000775300000)
  to   space 12288K, 0% used [0x0000000773b00000,0x0000000773b00000,0x0000000774700000)
 ParOldGen       total 103936K, used 9939K [0x00000006c0000000, 0x00000006c6580000, 0x000000076ab00000)
  object space 103936K, 9% used [0x00000006c0000000,0x00000006c09b4eb8,0x00000006c6580000)
 Metaspace       used 33637K, capacity 35412K, committed 35496K, reserved 1079296K
  class space    used 4502K, capacity 4831K, committed 4912K, reserved 1048576K
Event: 3.432 GC heap after
Heap after GC invocations=8 (full 2):
 PSYoungGen      total 159744K, used 0K [0x000000076ab00000, 0x0000000777e00000, 0x00000007c0000000)
  eden space 147456K, 0% used [0x000000076ab00000,0x000000076ab00000,0x0000000773b00000)
  from space 12288K, 0% used [0x0000000774700000,0x0000000774700000,0x0000000775300000)
  to   space 12288K, 0% used [0x0000000773b00000,0x0000000773b00000,0x0000000774700000)
 ParOldGen       total 161792K, used 13607K [0x00000006c0000000, 0x00000006c9e00000, 0x000000076ab00000)
  object space 161792K, 8% used [0x00000006c0000000,0x00000006c0d49de8,0x00000006c9e00000)
 Metaspace       used 33637K, capacity 35412K, committed 35496K, reserved 1079296K
  class space    used 4502K, capacity 4831K, committed 4912K, reserved 1048576K
}
Event: 46.573 GC heap before
{Heap before GC invocations=9 (full 2):
 PSYoungGen      total 159744K, used 147456K [0x000000076ab00000, 0x0000000777e00000, 0x00000007c0000000)
  eden space 147456K, 100% used [0x000000076ab00000,0x0000000773b00000,0x0000000773b00000)
  from space 12288K, 0% used [0x0000000774700000,0x0000000774700000,0x0000000775300000)
  to   space 12288K, 0% used [0x0000000773b00000,0x0000000773b00000,0x0000000774700000)
 ParOldGen       total 161792K, used 13607K [0x00000006c0000000, 0x00000006c9e00000, 0x000000076ab00000)
  object space 161792K, 8% used [0x00000006c0000000,0x00000006c0d49de8,0x00000006c9e00000)
 Metaspace       used 46034K, capacity 48810K, committed 48944K, reserved 1091584K
  class space    used 6355K, capacity 6872K, committed 6960K, reserved 1048576K
Event: 46.588 GC heap after
Heap after GC invocations=9 (full 2):
 PSYoungGen      total 159744K, used 12282K [0x000000076ab00000, 0x0000000779280000, 0x00000007c0000000)
  eden space 147456K, 0% used [0x000000076ab00000,0x000000076ab00000,0x0000000773b00000)
  from space 12288K, 99% used [0x0000000773b00000,0x00000007746fe838,0x0000000774700000)
  to   space 14848K, 0% used [0x0000000778400000,0x0000000778400000,0x0000000779280000)
 ParOldGen       total 161792K, used 16045K [0x00000006c0000000, 0x00000006c9e00000, 0x000000076ab00000)
  object space 161792K, 9% used [0x00000006c0000000,0x00000006c0fab720,0x00000006c9e00000)
 Metaspace       used 46034K, capacity 48810K, committed 48944K, reserved 1091584K
  class space    used 6355K, capacity 6872K, committed 6960K, reserved 1048576K
}

Deoptimization events (10 events):
Event: 46.710 Thread 0x00007fca8b845800 Uncommon trap: reason=class_check action=maybe_recompile pc=0x000000010d1ac8a0 method=java.util.AbstractList$Itr.next()Ljava/lang/Object; @ 14
Event: 46.712 Thread 0x00007fca8b845800 Uncommon trap: reason=class_check action=maybe_recompile pc=0x000000010d1a9558 method=java.util.AbstractList$Itr.hasNext()Z @ 8
Event: 46.740 Thread 0x00007fca8b845800 Uncommon trap: reason=class_check action=maybe_recompile pc=0x000000010d1ac8a0 method=java.util.AbstractList$Itr.next()Ljava/lang/Object; @ 14
Event: 46.742 Thread 0x00007fca8b845800 Uncommon trap: reason=bimorphic action=maybe_recompile pc=0x000000010cae9d10 method=java.util.HashMap.putVal(ILjava/lang/Object;Ljava/lang/Object;ZZ)Ljava/lang/Object; @ 253
Event: 46.742 Thread 0x00007fca8b845800 Uncommon trap: reason=bimorphic action=maybe_recompile pc=0x000000010cae9d10 method=java.util.HashMap.putVal(ILjava/lang/Object;Ljava/lang/Object;ZZ)Ljava/lang/Object; @ 253
Event: 46.743 Thread 0x00007fca8b845800 Uncommon trap: reason=unstable_if action=reinterpret pc=0x000000010c871bc4 method=java.lang.String.lastIndexOf([CII[CIII)I @ 118
Event: 46.743 Thread 0x00007fca8b845800 Uncommon trap: reason=bimorphic action=maybe_recompile pc=0x000000010cae9d10 method=java.util.HashMap.putVal(ILjava/lang/Object;Ljava/lang/Object;ZZ)Ljava/lang/Object; @ 253
Event: 46.743 Thread 0x00007fca8b845800 Uncommon trap: reason=bimorphic action=maybe_recompile pc=0x000000010cae9d10 method=java.util.HashMap.putVal(ILjava/lang/Object;Ljava/lang/Object;ZZ)Ljava/lang/Object; @ 253
Event: 46.799 Thread 0x00007fca8b845800 Uncommon trap: reason=unstable_if action=reinterpret pc=0x000000010c7cab68 method=java.util.Arrays.hashCode([Ljava/lang/Object;)I @ 34
Event: 46.820 Thread 0x00007fca8b1d2800 Uncommon trap: reason=predicate action=maybe_recompile pc=0x000000010ca7aff0 method=java.lang.String.regionMatches(ZILjava/lang/String;II)Z @ 63

Classes redefined (0 events):
No events

Internal exceptions (10 events):
Event: 4.746 Thread 0x00007fca84811800 Exception <a 'java/lang/ExceptionInInitializerError'> (0x0000000771f090c8) thrown at [/Users/admin/Downloads/openjdk/jdk8u/hotspot/src/share/vm/oops/instanceKlass.cpp, line 969]
Event: 4.837 Thread 0x00007fca8657c800 Exception <a 'java/net/UnknownHostException'> (0x000000076ce033c0) thrown at [/Users/admin/Downloads/openjdk/jdk8u/hotspot/src/share/vm/prims/jni.cpp, line 738]
Event: 4.838 Thread 0x00007fca8657c800 Exception <a 'java/net/UnknownHostException'> (0x000000076ce036c8) thrown at [/Users/admin/Downloads/openjdk/jdk8u/hotspot/src/share/vm/prims/jni.cpp, line 738]
Event: 46.634 Thread 0x00007fca8b845800 Exception <a 'java/lang/NoSuchMethodError': java.lang.Object.lambda$getRequiredAttribute$0(Ljava/lang/String;)Ljava/lang/String;> (0x000000076b22bc20) thrown at [/Users/admin/Downloads/openjdk/jdk8u/hotspot/src/share/vm/interpreter/linkResolver.cpp, line 
Event: 46.653 Thread 0x00007fca8b845800 Exception <a 'java/lang/ArrayStoreException'> (0x000000076b436150) thrown at [/Users/admin/Downloads/openjdk/jdk8u/hotspot/src/share/vm/runtime/sharedRuntime.cpp, line 605]
Event: 46.691 Thread 0x00007fca8b845800 Exception <a 'java/lang/NoSuchMethodError': java.lang.Object.lambda$onCacheMissResume$0(Lreactor/core/publisher/Flux;)Lreactor/core/publisher/Flux;> (0x000000076b6e2fa0) thrown at [/Users/admin/Downloads/openjdk/jdk8u/hotspot/src/share/vm/interpreter/link
Event: 46.734 Thread 0x00007fca8b845800 Exception <a 'java/lang/NoSuchMethodError': java.lang.Object.lambda$filter$0(Lorg/springframework/cloud/gateway/filter/headers/HttpHeadersFilter$Type;Lorg/springframework/cloud/gateway/filter/headers/HttpHeadersFilter;)Z> (0x000000076b9aa658) thrown at [/
Event: 46.734 Thread 0x00007fca8b845800 Exception <a 'java/lang/NoSuchMethodError': java.lang.Object.lambda$filter$1(Lorg/springframework/web/server/ServerWebExchange;Lorg/springframework/http/HttpHeaders;Lorg/springframework/cloud/gateway/filter/headers/HttpHeadersFilter;)Lorg/springframework/
Event: 46.734 Thread 0x00007fca8b845800 Exception <a 'java/lang/NoSuchMethodError': java.lang.Object.lambda$filter$2(Lorg/springframework/http/HttpHeaders;Lorg/springframework/http/HttpHeaders;)Lorg/springframework/http/HttpHeaders;> (0x000000076b9b5ad0) thrown at [/Users/admin/Downloads/openjd
Event: 46.799 Thread 0x00007fca8b845800 Implicit null exception at 0x000000010c7caaaf to 0x000000010c7cab49

Events (10 events):
Event: 46.846 Thread 0x00007fca89197800 flushing nmethod 0x000000010c7a4b50
Event: 46.846 Thread 0x00007fca89197800 flushing nmethod 0x000000010c7b9810
Event: 46.846 Thread 0x00007fca89197800 flushing nmethod 0x000000010c7bd010
Event: 46.846 Thread 0x00007fca89197800 flushing nmethod 0x000000010c7cad10
Event: 46.846 Thread 0x00007fca89197800 flushing nmethod 0x000000010c7dfd50
Event: 46.846 Thread 0x00007fca89197800 flushing nmethod 0x000000010c7e2490
Event: 46.847 loading class io/netty/channel/AbstractChannelHandlerContext$WriteTask
Event: 46.847 loading class io/netty/channel/AbstractChannelHandlerContext$WriteTask done
Event: 46.847 loading class io/netty/channel/AbstractChannelHandlerContext$WriteTask$1
Event: 46.847 loading class io/netty/channel/AbstractChannelHandlerContext$WriteTask$1 done


Dynamic libraries:
0x00007fff34f91000 	/System/Library/Frameworks/Cocoa.framework/Versions/A/Cocoa
0x00007fff221ce000 	/System/Library/Frameworks/Security.framework/Versions/A/Security
0x00007fff33190000 	/System/Library/Frameworks/ApplicationServices.framework/Versions/A/ApplicationServices
0x00007fff2a453000 	/usr/lib/libz.1.dylib
0x00007fff2a51b000 	/usr/lib/libSystem.B.dylib
0x00007fff20396000 	/System/Library/Frameworks/CoreFoundation.framework/Versions/A/CoreFoundation
0x00007fff21143000 	/System/Library/Frameworks/Foundation.framework/Versions/C/Foundation
0x00007fff201b6000 	/usr/lib/libobjc.A.dylib
0x00007fff22bf4000 	/System/Library/Frameworks/AppKit.framework/Versions/C/AppKit
0x00007fff25a8a000 	/System/Library/Frameworks/CoreData.framework/Versions/A/CoreData
0x00007fff23957000 	/System/Library/PrivateFrameworks/UIFoundation.framework/Versions/A/UIFoundation
0x00007fff2fb74000 	/System/Library/PrivateFrameworks/RemoteViewServices.framework/Versions/A/RemoteViewServices
0x00007fff2897d000 	/System/Library/PrivateFrameworks/XCTTargetBootstrap.framework/Versions/A/XCTTargetBootstrap
0x00007fff2b65a000 	/usr/lib/libspindump.dylib
0x00007fff23bab000 	/System/Library/Frameworks/UniformTypeIdentifiers.framework/Versions/A/UniformTypeIdentifiers
0x00007fff27154000 	/usr/lib/libapp_launch_measurement.dylib
0x00007fff27157000 	/System/Library/PrivateFrameworks/CoreAutoLayout.framework/Versions/A/CoreAutoLayout
0x00007fff282df000 	/System/Library/Frameworks/Metal.framework/Versions/A/Metal
0x00007fff28fce000 	/usr/lib/liblangid.dylib
0x00007fff28981000 	/System/Library/PrivateFrameworks/CoreSVG.framework/Versions/A/CoreSVG
0x00007fff24b92000 	/System/Library/PrivateFrameworks/SkyLight.framework/Versions/A/SkyLight
0x00007fff24ef8000 	/System/Library/Frameworks/CoreGraphics.framework/Versions/A/CoreGraphics
0x00007fff301cb000 	/System/Library/Frameworks/Accelerate.framework/Versions/A/Accelerate
0x00007fff2b095000 	/System/Library/PrivateFrameworks/IconServices.framework/Versions/A/IconServices
0x00007fff282c4000 	/System/Library/Frameworks/IOSurface.framework/Versions/A/IOSurface
0x00007fff26413000 	/usr/lib/libDiagnosticMessagesClient.dylib
0x00007fff28969000 	/System/Library/PrivateFrameworks/DFRFoundation.framework/Versions/A/DFRFoundation
0x00007fff22520000 	/usr/lib/libicucore.A.dylib
0x00007fff2cb9c000 	/System/Library/Frameworks/AudioToolbox.framework/Versions/A/AudioToolbox
0x00007fff2be42000 	/System/Library/PrivateFrameworks/DataDetectorsCore.framework/Versions/A/DataDetectorsCore
0x00007fff28669000 	/System/Library/Frameworks/Carbon.framework/Versions/A/Frameworks/HIToolbox.framework/Versions/A/HIToolbox
0x00007fff26bac000 	/System/Library/Frameworks/QuartzCore.framework/Versions/A/QuartzCore
0x00007fff2fbb0000 	/System/Library/Frameworks/Carbon.framework/Versions/A/Frameworks/SpeechRecognition.framework/Versions/A/SpeechRecognition
0x00007fff26ebc000 	/System/Library/PrivateFrameworks/CoreUI.framework/Versions/A/CoreUI
0x00007fff21b2a000 	/System/Library/Frameworks/CoreAudio.framework/Versions/A/CoreAudio
0x00007fff264fe000 	/System/Library/Frameworks/DiskArbitration.framework/Versions/A/DiskArbitration
0x00007fff2ba55000 	/System/Library/PrivateFrameworks/MultitouchSupport.framework/Versions/A/MultitouchSupport
0x00007fff2be39000 	/System/Library/PrivateFrameworks/InternationalSupport.framework/Versions/A/InternationalSupport
0x00007fff24b06000 	/usr/lib/libenergytrace.dylib
0x00007fff22aee000 	/System/Library/Frameworks/IOKit.framework/Versions/A/IOKit
0x00007fff2fefd000 	/System/Library/Frameworks/CoreServices.framework/Versions/A/CoreServices
0x00007fff270ea000 	/System/Library/PrivateFrameworks/PerformanceAnalysis.framework/Versions/A/PerformanceAnalysis
0x00007fff6c7fa000 	/System/Library/Frameworks/OpenGL.framework/Versions/A/OpenGL
0x00007fff2bebe000 	/System/Library/PrivateFrameworks/UserActivity.framework/Versions/A/UserActivity
0x00007fff2558c000 	/System/Library/Frameworks/ColorSync.framework/Versions/A/ColorSync
0x00007fff28be5000 	/System/Library/Frameworks/CoreImage.framework/Versions/A/CoreImage
0x00007fff21941000 	/System/Library/Frameworks/CoreText.framework/Versions/A/CoreText
0x00007fff289ab000 	/System/Library/Frameworks/ImageIO.framework/Versions/A/ImageIO
0x00007fff2a521000 	/System/Library/PrivateFrameworks/SoftLinking.framework/Versions/A/SoftLinking
0x00007fff271a0000 	/usr/lib/libxml2.2.dylib
0x00007fff2027b000 	/usr/lib/libc++.1.dylib
0x00007fff2a793000 	/usr/lib/libcompression.dylib
0x00007fff24b07000 	/usr/lib/libMobileGestalt.dylib
0x00007fff2bd6c000 	/System/Library/PrivateFrameworks/TextureIO.framework/Versions/A/TextureIO
0x00007fff2adb8000 	/usr/lib/libate.dylib
0x00007fff2a515000 	/usr/lib/system/libcache.dylib
0x00007fff2a4d1000 	/usr/lib/system/libcommonCrypto.dylib
0x00007fff2a4fb000 	/usr/lib/system/libcompiler_rt.dylib
0x00007fff2a4f0000 	/usr/lib/system/libcopyfile.dylib
0x00007fff200a5000 	/usr/lib/system/libcorecrypto.dylib
0x00007fff20171000 	/usr/lib/system/libdispatch.dylib
0x00007fff20325000 	/usr/lib/system/libdyld.dylib
0x00007fff2a50c000 	/usr/lib/system/libkeymgr.dylib
0x00007fff2d94e000 	/usr/lib/system/liblaunch.dylib
0x00007fff2a4af000 	/usr/lib/system/libmacho.dylib
0x00007fff29cca000 	/usr/lib/system/libquarantine.dylib
0x00007fff2a509000 	/usr/lib/system/libremovefile.dylib
0x00007fff24b63000 	/usr/lib/system/libsystem_asl.dylib
0x00007fff20055000 	/usr/lib/system/libsystem_blocks.dylib
0x00007fff201f2000 	/usr/lib/system/libsystem_c.dylib
0x00007fff2a503000 	/usr/lib/system/libsystem_collections.dylib
0x00007fff28fbf000 	/usr/lib/system/libsystem_configuration.dylib
0x00007fff282b3000 	/usr/lib/system/libsystem_containermanager.dylib
0x00007fff2a24b000 	/usr/lib/system/libsystem_coreservices.dylib
0x00007fff22782000 	/usr/lib/system/libsystem_darwin.dylib
0x00007fff2a50d000 	/usr/lib/system/libsystem_dnssd.dylib
0x00007fff201ef000 	/usr/lib/system/libsystem_featureflags.dylib
0x00007fff2036a000 	/usr/lib/system/libsystem_info.dylib
0x00007fff2a466000 	/usr/lib/system/libsystem_m.dylib
0x00007fff20144000 	/usr/lib/system/libsystem_malloc.dylib
0x00007fff24af7000 	/usr/lib/system/libsystem_networkextension.dylib
0x00007fff22b9c000 	/usr/lib/system/libsystem_notify.dylib
0x00007fff2fdfb000 	/usr/lib/system/libsystem_product_info_filter.dylib
0x00007fff28fc3000 	/usr/lib/system/libsystem_sandbox.dylib
0x00007fff2a506000 	/usr/lib/system/libsystem_secinit.dylib
0x00007fff202ea000 	/usr/lib/system/libsystem_kernel.dylib
0x00007fff20360000 	/usr/lib/system/libsystem_platform.dylib
0x00007fff20319000 	/usr/lib/system/libsystem_pthread.dylib
0x00007fff26261000 	/usr/lib/system/libsystem_symptoms.dylib
0x00007fff2008d000 	/usr/lib/system/libsystem_trace.dylib
0x00007fff2a4dd000 	/usr/lib/system/libunwind.dylib
0x00007fff20057000 	/usr/lib/system/libxpc.dylib
0x00007fff202d1000 	/usr/lib/libc++abi.dylib
0x00007fff2a4e8000 	/usr/lib/liboah.dylib
0x00007fff2ab9e000 	/usr/lib/liblzma.5.dylib
0x00007fff20e57000 	/System/Library/Frameworks/SystemConfiguration.framework/Versions/A/SystemConfiguration
0x00007fff2a51d000 	/usr/lib/libfakelink.dylib
0x00007fff24659000 	/System/Library/Frameworks/CFNetwork.framework/Versions/A/CFNetwork
0x00007fff2a65d000 	/usr/lib/libarchive.2.dylib
0x00007fff20ed5000 	/usr/lib/libCRFSuite.dylib
0x00007fff29cf1000 	/usr/lib/libbsm.0.dylib
0x00007fff24015000 	/usr/lib/libnetwork.dylib
0x00007fff2a522000 	/usr/lib/libpcap.A.dylib
0x00007fff2625a000 	/usr/lib/libdns_services.dylib
0x00007fff2abb7000 	/usr/lib/libcoretls_cfhelpers.dylib
0x00007fff2a761000 	/usr/lib/libapple_nghttp2.dylib
0x00007fff2a4b5000 	/usr/lib/system/libkxld.dylib
0x00007fff25ec0000 	/usr/lib/libsqlite3.dylib
0x00007fff2a22d000 	/System/Library/PrivateFrameworks/AppleFSCompression.framework/Versions/A/AppleFSCompression
0x00007fff29cd9000 	/usr/lib/libcoretls.dylib
0x00007fff2a78e000 	/usr/lib/libpam.2.dylib
0x00007fff2acb3000 	/usr/lib/libxar.1.dylib
0x00007fff28fca000 	/System/Library/PrivateFrameworks/AppleSystemInfo.framework/Versions/A/AppleSystemInfo
0x00007fff2991c000 	/System/Library/PrivateFrameworks/IOMobileFramebuffer.framework/Versions/A/IOMobileFramebuffer
0x00007fff2a23d000 	/usr/lib/libbz2.1.0.dylib
0x00007fff2a55a000 	/usr/lib/libiconv.2.dylib
0x00007fff2a4ae000 	/usr/lib/libcharset.1.dylib
0x00007fff27126000 	/System/Library/Frameworks/CoreServices.framework/Versions/A/Frameworks/FSEvents.framework/Versions/A/FSEvents
0x00007fff2278c000 	/System/Library/Frameworks/CoreServices.framework/Versions/A/Frameworks/CarbonCore.framework/Versions/A/CarbonCore
0x00007fff26463000 	/System/Library/Frameworks/CoreServices.framework/Versions/A/Frameworks/Metadata.framework/Versions/A/Metadata
0x00007fff2a250000 	/System/Library/Frameworks/CoreServices.framework/Versions/A/Frameworks/OSServices.framework/Versions/A/OSServices
0x00007fff2a6cf000 	/System/Library/Frameworks/CoreServices.framework/Versions/A/Frameworks/SearchKit.framework/Versions/A/SearchKit
0x00007fff261e4000 	/System/Library/Frameworks/CoreServices.framework/Versions/A/Frameworks/AE.framework/Versions/A/AE
0x00007fff20832000 	/System/Library/Frameworks/CoreServices.framework/Versions/A/Frameworks/LaunchServices.framework/Versions/A/LaunchServices
0x00007fff2ab4f000 	/System/Library/Frameworks/CoreServices.framework/Versions/A/Frameworks/DictionaryServices.framework/Versions/A/DictionaryServices
0x00007fff2712f000 	/System/Library/Frameworks/CoreServices.framework/Versions/A/Frameworks/SharedFileList.framework/Versions/A/SharedFileList
0x00007fff29ccd000 	/usr/lib/libCheckFix.dylib
0x00007fff24b7a000 	/System/Library/PrivateFrameworks/TCC.framework/Versions/A/TCC
0x00007fff28fd0000 	/System/Library/PrivateFrameworks/CoreNLP.framework/Versions/A/CoreNLP
0x00007fff26416000 	/System/Library/PrivateFrameworks/MetadataUtilities.framework/Versions/A/MetadataUtilities
0x00007fff20f0b000 	/usr/lib/libmecabra.dylib
0x00007fff29fe0000 	/System/Library/Frameworks/MLCompute.framework/Versions/A/MLCompute
0x00007fff29d02000 	/usr/lib/libmecab.dylib
0x00007fff29d4c000 	/usr/lib/libgermantok.dylib
0x00007fff2a737000 	/usr/lib/libThaiTokenizer.dylib
0x00007fff2acee000 	/usr/lib/libChineseTokenizer.dylib
0x00007fff2a78c000 	/System/Library/Frameworks/MetalPerformanceShaders.framework/Versions/A/MetalPerformanceShaders
0x00007fff26505000 	/System/Library/Frameworks/Accelerate.framework/Versions/A/Frameworks/vImage.framework/Versions/A/vImage
0x00007fff2fed6000 	/System/Library/Frameworks/Accelerate.framework/Versions/A/Frameworks/vecLib.framework/Versions/A/vecLib
0x00007fff2acf9000 	/System/Library/Frameworks/Accelerate.framework/Versions/A/Frameworks/vecLib.framework/Versions/A/libvMisc.dylib
0x00007fff29735000 	/System/Library/Frameworks/Accelerate.framework/Versions/A/Frameworks/vecLib.framework/Versions/A/libvDSP.dylib
0x00007fff20b36000 	/System/Library/Frameworks/Accelerate.framework/Versions/A/Frameworks/vecLib.framework/Versions/A/libBLAS.dylib
0x00007fff2a7b2000 	/System/Library/Frameworks/Accelerate.framework/Versions/A/Frameworks/vecLib.framework/Versions/A/libLAPACK.dylib
0x00007fff29d52000 	/System/Library/Frameworks/Accelerate.framework/Versions/A/Frameworks/vecLib.framework/Versions/A/libLinearAlgebra.dylib
0x00007fff2a779000 	/System/Library/Frameworks/Accelerate.framework/Versions/A/Frameworks/vecLib.framework/Versions/A/libSparseBLAS.dylib
0x00007fff2a7ac000 	/System/Library/Frameworks/Accelerate.framework/Versions/A/Frameworks/vecLib.framework/Versions/A/libQuadrature.dylib
0x00007fff29078000 	/System/Library/Frameworks/Accelerate.framework/Versions/A/Frameworks/vecLib.framework/Versions/A/libBNNS.dylib
0x00007fff20de8000 	/System/Library/Frameworks/Accelerate.framework/Versions/A/Frameworks/vecLib.framework/Versions/A/libSparse.dylib
0x00007fff28f63000 	/System/Library/Frameworks/MetalPerformanceShaders.framework/Versions/A/Frameworks/MPSCore.framework/Versions/A/MPSCore
0x00007fff2a19c000 	/System/Library/Frameworks/MetalPerformanceShaders.framework/Versions/A/Frameworks/MPSImage.framework/Versions/A/MPSImage
0x00007fff29d68000 	/System/Library/Frameworks/MetalPerformanceShaders.framework/Versions/A/Frameworks/MPSNeuralNetwork.framework/Versions/A/MPSNeuralNetwork
0x00007fff2a127000 	/System/Library/Frameworks/MetalPerformanceShaders.framework/Versions/A/Frameworks/MPSMatrix.framework/Versions/A/MPSMatrix
0x00007fff29f90000 	/System/Library/Frameworks/MetalPerformanceShaders.framework/Versions/A/Frameworks/MPSRayIntersector.framework/Versions/A/MPSRayIntersector
0x00007fff2a15e000 	/System/Library/Frameworks/MetalPerformanceShaders.framework/Versions/A/Frameworks/MPSNDArray.framework/Versions/A/MPSNDArray
0x00007fff20a62000 	/System/Library/PrivateFrameworks/MetalTools.framework/Versions/A/MetalTools
0x00007fff28fc8000 	/System/Library/PrivateFrameworks/AggregateDictionary.framework/Versions/A/AggregateDictionary
0x00007fff263ee000 	/System/Library/PrivateFrameworks/CoreAnalytics.framework/Versions/A/CoreAnalytics
0x00007fff2a739000 	/System/Library/PrivateFrameworks/AppleSauce.framework/Versions/A/AppleSauce
0x00007fff282d6000 	/System/Library/PrivateFrameworks/IOAccelerator.framework/Versions/A/IOAccelerator
0x00007fff6c7ee000 	/System/Library/Frameworks/OpenGL.framework/Versions/A/Libraries/libCoreFSCache.dylib
0x00007fff214a7000 	/System/Library/PrivateFrameworks/LanguageModeling.framework/Versions/A/LanguageModeling
0x00007fff29909000 	/System/Library/PrivateFrameworks/CoreEmoji.framework/Versions/A/CoreEmoji
0x00007fff29071000 	/System/Library/PrivateFrameworks/LinguisticData.framework/Versions/A/LinguisticData
0x00007fff20d9a000 	/System/Library/PrivateFrameworks/Lexicon.framework/Versions/A/Lexicon
0x00007fff2a64b000 	/usr/lib/libcmph.dylib
0x00007fff27106000 	/System/Library/Frameworks/OpenDirectory.framework/Versions/A/Frameworks/CFOpenDirectory.framework/Versions/A/CFOpenDirectory
0x00007fff270f6000 	/System/Library/Frameworks/OpenDirectory.framework/Versions/A/OpenDirectory
0x00007fff2abb9000 	/System/Library/PrivateFrameworks/APFS.framework/Versions/A/APFS
0x00007fff29c2e000 	/System/Library/Frameworks/SecurityFoundation.framework/Versions/A/SecurityFoundation
0x00007fff2acc1000 	/usr/lib/libutil.dylib
0x00007fff22ab3000 	/System/Library/PrivateFrameworks/CoreServicesStore.framework/Versions/A/CoreServicesStore
0x00007fff29cc5000 	/System/Library/Frameworks/ServiceManagement.framework/Versions/A/ServiceManagement
0x00007fff2acc5000 	/usr/lib/libxslt.1.dylib
0x00007fff29cbb000 	/System/Library/PrivateFrameworks/BackgroundTaskManagement.framework/Versions/A/BackgroundTaskManagement
0x00007fff2bcb6000 	/System/Library/Frameworks/ImageIO.framework/Versions/A/Resources/libRadiance.dylib
0x00007fff2bcc0000 	/System/Library/Frameworks/ImageIO.framework/Versions/A/Resources/libJPEG.dylib
0x00007fff2bc0f000 	/System/Library/Frameworks/ImageIO.framework/Versions/A/Resources/libPng.dylib
0x00007fff2bc36000 	/System/Library/Frameworks/ImageIO.framework/Versions/A/Resources/libTIFF.dylib
0x00007fff2bd15000 	/System/Library/Frameworks/ImageIO.framework/Versions/A/Resources/libGIF.dylib
0x00007fff2b972000 	/System/Library/Frameworks/ImageIO.framework/Versions/A/Resources/libJP2.dylib
0x00007fff2b05c000 	/usr/lib/libexpat.1.dylib
0x00007fff2b927000 	/System/Library/PrivateFrameworks/AppleJPEG.framework/Versions/A/AppleJPEG
0x00007fff2850c000 	/System/Library/PrivateFrameworks/FontServices.framework/libFontParser.dylib
0x00007fff26198000 	/System/Library/PrivateFrameworks/RunningBoardServices.framework/Versions/A/RunningBoardServices
0x00007fff2ba51000 	/System/Library/PrivateFrameworks/WatchdogClient.framework/Versions/A/WatchdogClient
0x00007fff21594000 	/System/Library/Frameworks/CoreDisplay.framework/Versions/A/CoreDisplay
0x00007fff28422000 	/System/Library/Frameworks/CoreMedia.framework/Versions/A/CoreMedia
0x00007fff27283000 	/System/Library/Frameworks/CoreVideo.framework/Versions/A/CoreVideo
0x00007fff2ba89000 	/System/Library/Frameworks/VideoToolbox.framework/Versions/A/VideoToolbox
0x00007fff26116000 	/System/Library/PrivateFrameworks/BaseBoard.framework/Versions/A/BaseBoard
0x00007fff2b1a1000 	/System/Library/PrivateFrameworks/PersistentConnection.framework/Versions/A/PersistentConnection
0x00007fff25ea9000 	/System/Library/PrivateFrameworks/ProtocolBuffer.framework/Versions/A/ProtocolBuffer
0x00007fff260fd000 	/System/Library/PrivateFrameworks/CommonUtilities.framework/Versions/A/CommonUtilities
0x00007fff2b8bc000 	/System/Library/PrivateFrameworks/Bom.framework/Versions/A/Bom
0x00007fff2bcaf000 	/System/Library/PrivateFrameworks/GPUWrangler.framework/Versions/A/GPUWrangler
0x00007fff2bc94000 	/System/Library/PrivateFrameworks/IOPresentment.framework/Versions/A/IOPresentment
0x00007fff2bcba000 	/System/Library/PrivateFrameworks/DSExternalDisplay.framework/Versions/A/DSExternalDisplay
0x00007fff2bd1a000 	/System/Library/PrivateFrameworks/CMCaptureCore.framework/Versions/A/CMCaptureCore
0x00007fff2b641000 	/System/Library/PrivateFrameworks/AppServerSupport.framework/Versions/A/AppServerSupport
0x00007fff2d6ed000 	/System/Library/PrivateFrameworks/perfdata.framework/Versions/A/perfdata
0x00007fff29c1d000 	/System/Library/PrivateFrameworks/AssertionServices.framework/Versions/A/AssertionServices
0x00007fff216cb000 	/System/Library/PrivateFrameworks/AudioToolboxCore.framework/Versions/A/AudioToolboxCore
0x00007fff28405000 	/System/Library/PrivateFrameworks/caulk.framework/Versions/A/caulk
0x00007fff3d37a000 	/System/Library/PrivateFrameworks/SystemPolicy.framework/Versions/A/SystemPolicy
0x00007fff2ae51000 	/usr/lib/libIOReport.dylib
0x00007fff2cf0f000 	/usr/lib/libSMC.dylib
0x00007fff2bbdc000 	/usr/lib/libAudioToolboxUtility.dylib
0x00007fff3dce4000 	/usr/lib/libmis.dylib
0x00007fff6c84a000 	/System/Library/Frameworks/OpenGL.framework/Versions/A/Libraries/libGLU.dylib
0x00007fff6c80d000 	/System/Library/Frameworks/OpenGL.framework/Versions/A/Libraries/libGFXShared.dylib
0x00007fff6ca1c000 	/System/Library/Frameworks/OpenGL.framework/Versions/A/Libraries/libGL.dylib
0x00007fff6c816000 	/System/Library/Frameworks/OpenGL.framework/Versions/A/Libraries/libGLImage.dylib
0x00007fff6c80a000 	/System/Library/Frameworks/OpenGL.framework/Versions/A/Libraries/libCVMSPluginSupport.dylib
0x00007fff6c7f5000 	/System/Library/Frameworks/OpenGL.framework/Versions/A/Libraries/libCoreVMClient.dylib
0x00007fff6de5d000 	/System/Library/Frameworks/OpenCL.framework/Versions/A/OpenCL
0x00007fff2b1cb000 	/System/Library/PrivateFrameworks/GraphVisualizer.framework/Versions/A/GraphVisualizer
0x00007fff2b1da000 	/System/Library/PrivateFrameworks/FaceCore.framework/Versions/A/FaceCore
0x00007fff2b5f6000 	/System/Library/PrivateFrameworks/OTSVG.framework/Versions/A/OTSVG
0x00007fff26e7a000 	/System/Library/Frameworks/ApplicationServices.framework/Versions/A/Frameworks/ATS.framework/Versions/A/Resources/libFontRegistry.dylib
0x00007fff2b648000 	/System/Library/PrivateFrameworks/FontServices.framework/libhvf.dylib
0x00007fff2b008000 	/System/Library/PrivateFrameworks/AppleVA.framework/Versions/A/AppleVA
0x00007fff2cd58000 	/System/Library/Frameworks/ApplicationServices.framework/Versions/A/Frameworks/ATS.framework/Versions/A/ATS
0x00007fff2d06a000 	/System/Library/Frameworks/ApplicationServices.framework/Versions/A/Frameworks/ColorSyncLegacy.framework/Versions/A/ColorSyncLegacy
0x00007fff25683000 	/System/Library/Frameworks/ApplicationServices.framework/Versions/A/Frameworks/HIServices.framework/Versions/A/HIServices
0x00007fff2d04f000 	/System/Library/Frameworks/ApplicationServices.framework/Versions/A/Frameworks/LangAnalysis.framework/Versions/A/LangAnalysis
0x00007fff2bd24000 	/System/Library/Frameworks/ApplicationServices.framework/Versions/A/Frameworks/PrintCore.framework/Versions/A/PrintCore
0x00007fff2d072000 	/System/Library/Frameworks/ApplicationServices.framework/Versions/A/Frameworks/QD.framework/Versions/A/QD
0x00007fff2cd48000 	/System/Library/Frameworks/ApplicationServices.framework/Versions/A/Frameworks/SpeechSynthesis.framework/Versions/A/SpeechSynthesis
0x00007fff2bce5000 	/System/Library/Frameworks/ApplicationServices.framework/Versions/A/Frameworks/ATSUI.framework/Versions/A/ATSUI
0x00007fff2cfef000 	/usr/lib/libcups.2.dylib
0x00007fff2d05f000 	/System/Library/PrivateFrameworks/NetAuth.framework/Versions/A/NetAuth
0x00007fff2d709000 	/System/Library/Frameworks/Kerberos.framework/Versions/A/Kerberos
0x00007fff2d719000 	/System/Library/Frameworks/GSS.framework/Versions/A/GSS
0x00007fff2cdc4000 	/usr/lib/libresolv.9.dylib
0x00007fff2b65d000 	/System/Library/PrivateFrameworks/Heimdal.framework/Versions/A/Heimdal
0x00007fff33490000 	/System/Library/Frameworks/Kerberos.framework/Versions/A/Libraries/libHeimdalProxy.dylib
0x00007fff26269000 	/System/Library/Frameworks/Network.framework/Versions/A/Network
0x00007fff2b076000 	/usr/lib/libheimdal-asn1.dylib
0x00007fff2d769000 	/System/Library/PrivateFrameworks/CommonAuth.framework/Versions/A/CommonAuth
0x00007fff272d0000 	/System/Library/PrivateFrameworks/login.framework/Versions/A/Frameworks/loginsupport.framework/Versions/A/loginsupport
0x00007fff2cccd000 	/System/Library/PrivateFrameworks/AudioSession.framework/Versions/A/AudioSession
0x00007fff2cd35000 	/usr/lib/libAudioStatistics.dylib
0x00007fff2b103000 	/System/Library/PrivateFrameworks/MediaExperience.framework/Versions/A/MediaExperience
0x00007fff2cb6a000 	/System/Library/PrivateFrameworks/AudioSession.framework/libSessionUtility.dylib
0x00007fff2d6fa000 	/usr/lib/libperfcheck.dylib
0x00007fff2d07e000 	/System/Library/PrivateFrameworks/AudioResourceArbitration.framework/Versions/A/AudioResourceArbitration
0x00007fff2b080000 	/System/Library/PrivateFrameworks/IconFoundation.framework/Versions/A/IconFoundation
0x00007fff2fba0000 	/System/Library/PrivateFrameworks/SpeechRecognitionCore.framework/Versions/A/SpeechRecognitionCore
0x0000000109000000 	/Library/Java/JavaVirtualMachines/openlogic-openjdk-8.jdk/Contents/Home/jre/lib/server/libjvm.dylib
0x00000001099d4000 	/Library/Java/JavaVirtualMachines/openlogic-openjdk-8.jdk/Contents/Home/jre/lib/libverify.dylib
0x00000001099e5000 	/Library/Java/JavaVirtualMachines/openlogic-openjdk-8.jdk/Contents/Home/jre/lib/libjava.dylib
0x0000000109a18000 	/Library/Java/JavaVirtualMachines/openlogic-openjdk-8.jdk/Contents/Home/jre/lib/libinstrument.dylib
0x0000000109a83000 	/Library/Java/JavaVirtualMachines/openlogic-openjdk-8.jdk/Contents/Home/jre/lib/libzip.dylib
0x000000010c252000 	/Library/Java/JavaVirtualMachines/openlogic-openjdk-8.jdk/Contents/Home/jre/lib/libnio.dylib
0x000000010c265000 	/Library/Java/JavaVirtualMachines/openlogic-openjdk-8.jdk/Contents/Home/jre/lib/libnet.dylib
0x000000010c4a5000 	/Library/Java/JavaVirtualMachines/openlogic-openjdk-8.jdk/Contents/Home/jre/lib/libmanagement.dylib

VM Arguments:
jvm_args: -javaagent:/Applications/IntelliJ IDEA.app/Contents/lib/idea_rt.jar=54247:/Applications/IntelliJ IDEA.app/Contents/bin -Dfile.encoding=UTF-8 
java_command: org.sid.gatewaysevice.GatewaySeviceApplication
java_class_path (initial): /Library/Java/JavaVirtualMachines/openlogic-openjdk-8.jdk/Contents/Home/jre/lib/charsets.jar:/Library/Java/JavaVirtualMachines/openlogic-openjdk-8.jdk/Contents/Home/jre/lib/ext/cldrdata.jar:/Library/Java/JavaVirtualMachines/openlogic-openjdk-8.jdk/Contents/Home/jre/lib/ext/dnsns.jar:/Library/Java/JavaVirtualMachines/openlogic-openjdk-8.jdk/Contents/Home/jre/lib/ext/jaccess.jar:/Library/Java/JavaVirtualMachines/openlogic-openjdk-8.jdk/Contents/Home/jre/lib/ext/localedata.jar:/Library/Java/JavaVirtualMachines/openlogic-openjdk-8.jdk/Contents/Home/jre/lib/ext/nashorn.jar:/Library/Java/JavaVirtualMachines/openlogic-openjdk-8.jdk/Contents/Home/jre/lib/ext/sunec.jar:/Library/Java/JavaVirtualMachines/openlogic-openjdk-8.jdk/Contents/Home/jre/lib/ext/sunjce_provider.jar:/Library/Java/JavaVirtualMachines/openlogic-openjdk-8.jdk/Contents/Home/jre/lib/ext/sunpkcs11.jar:/Library/Java/JavaVirtualMachines/openlogic-openjdk-8.jdk/Contents/Home/jre/lib/ext/zipfs.jar:/Library/Java/JavaVirtualMachines/openlogic-openjdk-8.jdk/Contents/Home/jre/lib/jce.jar:/Library/Java/JavaVirtualMachines/openlogic-openjdk-8.jdk/Contents/Home/jre/lib/jfr.jar:/Library/Java/JavaVirtualMachines/openlogic-openjdk-8.jdk/Contents/Home/jre/lib/jsse.jar:/Library/Java/JavaVirtualMachines/openlogic-openjdk-8.jdk/Contents/Home/jre/lib/management-agent.jar:/Library/Java/JavaVirtualMachines/openlogic-openjdk-8.jdk/Contents/Home/jre/lib/resources.jar:/Library/Java/JavaVirtualMachines/openlogic-openjdk-8.jdk/Contents/Home/jre/lib/rt.jar:/Library/Java/JavaVirtualMachines/openlogic-openjdk-8.jdk/Contents/Home/lib/dt.jar:/Library/Java/JavaVirtualMachines/openlogic-openjdk-8.jdk/Contents/Home/lib/jconsole.jar:/Library/Java/JavaVirtualMachines/openlogic-openjdk-8.jdk/Contents/Home/lib/sa-jdi.jar:/Library/Java/JavaVirtualMachines/openlogic-openjdk-8.jdk/Contents/Home/lib/tools.jar:/Users/mac/Desktop/TpJee/gateway-sevice/target/classes:/Users/mac/.m2/repository/org/springframework/boot/spring-b
Launcher Type: SUN_STANDARD

Environment Variables:
PATH=/opt/anaconda3/bin:/opt/anaconda3/condabin:/Library/Frameworks/Python.framework/Versions/3.9/bin:/usr/local/bin:/usr/bin:/bin:/usr/sbin:/sbin:/Library/Apple/usr/bin:/Users/mac/flutter/bin
SHELL=/bin/bash

Signal Handlers:
SIGSEGV: [libjvm.dylib+0x59bf4f], sa_mask[0]=11111111011111110111111111111111, sa_flags=SA_ONSTACK|SA_RESTART|SA_SIGINFO
SIGBUS: [libjvm.dylib+0x59bf4f], sa_mask[0]=11111111011111110111111111111111, sa_flags=SA_RESTART|SA_SIGINFO
SIGFPE: [libjvm.dylib+0x48c941], sa_mask[0]=11111111011111110111111111111111, sa_flags=SA_RESTART|SA_SIGINFO
SIGPIPE: [libjvm.dylib+0x48c941], sa_mask[0]=11111111011111110111111111111111, sa_flags=SA_RESTART|SA_SIGINFO
SIGXFSZ: [libjvm.dylib+0x48c941], sa_mask[0]=11111111011111110111111111111111, sa_flags=SA_RESTART|SA_SIGINFO
SIGILL: [libjvm.dylib+0x48c941], sa_mask[0]=11111111011111110111111111111111, sa_flags=SA_RESTART|SA_SIGINFO
SIGUSR1: SIG_DFL, sa_mask[0]=00000000000000000000000000000000, sa_flags=none
SIGUSR2: [libjvm.dylib+0x48d23a], sa_mask[0]=00100000000000000000000000000000, sa_flags=SA_RESTART|SA_SIGINFO
SIGHUP: [libjvm.dylib+0x48b3f9], sa_mask[0]=11111111011111110111111111111111, sa_flags=SA_RESTART|SA_SIGINFO
SIGINT: [libjvm.dylib+0x48b3f9], sa_mask[0]=11111111011111110111111111111111, sa_flags=SA_RESTART|SA_SIGINFO
SIGTERM: [libjvm.dylib+0x48b3f9], sa_mask[0]=11111111011111110111111111111111, sa_flags=SA_RESTART|SA_SIGINFO
SIGQUIT: [libjvm.dylib+0x48b3f9], sa_mask[0]=11111111011111110111111111111111, sa_flags=SA_RESTART|SA_SIGINFO


---------------  S Y S T E M  ---------------

OS:Bsduname:Darwin 20.2.0 Darwin Kernel Version 20.2.0: Wed Dec  2 20:39:59 PST 2020; root:xnu-7195.60.75~1/RELEASE_X86_64 x86_64
rlimit: STACK 8192k, CORE 0k, NPROC 2784, NOFILE 10240, AS infinity
load average:3.75 3.60 3.28

CPU:total 8 (initial active 8) (4 cores per cpu, 2 threads per core) family 6 model 158 stepping 9, cmov, cx8, fxsr, mmx, sse, sse2, sse3, ssse3, sse4.1, sse4.2, popcnt, avx, avx2, aes, clmul, erms, 3dnowpref, lzcnt, ht, tsc, tscinvbit, bmi1, bmi2, adx

Memory: 4k page, physical 16777216k(883536k free)

/proc/meminfo:


vm_info: OpenJDK 64-Bit Server VM (25.262-b10) for bsd-amd64 JRE (1.8.0_262-internal-b10), built on Aug  1 2020 12:09:44 by "admin" with gcc 4.2.1 Compatible Apple LLVM 10.0.0 (clang-1000.11.45.5)

time: Thu Dec 31 18:07:16 2020
timezone: +01
elapsed time: 46 seconds (0d 0h 0m 46s)

