#
# A fatal error has been detected by the Java Runtime Environment:
#
#  SIGSEGV (0xb) at pc=0x0000000106575436, pid=2523, tid=0x000000000000470f
#
# JRE version: OpenJDK Runtime Environment (8.0_262-b10) (build 1.8.0_262-internal-b10)
# Java VM: OpenJDK 64-Bit Server VM (25.262-b10 mixed mode bsd-amd64 compressed oops)
# Problematic frame:
# V  [libjvm.dylib+0x575436]  Unsafe_SetByte+0xd2
#
# Failed to write core dump. Core dumps have been disabled. To enable core dumping, try "ulimit -c unlimited" before starting Java again
#
# If you would like to submit a bug report, please visit:
#   http://bugreport.java.com/bugreport/crash.jsp
#

---------------  T H R E A D  ---------------

Current thread (0x00007ffc795d9000):  JavaThread "reactor-http-nio-2" daemon [_thread_in_vm, id=18191, stack(0x00007000049d6000,0x0000700004ad6000)]

siginfo: si_signo: 11 (SIGSEGV), si_code: 1 (SEGV_MAPERR), si_addr: 0x0000000000000000

Registers:
RAX=0x00000001067101c0, RBX=0x00007ffc795d9000, RCX=0x00007ffc7e002000, RDX=0x0000000000000000
RSP=0x0000700004ad19a0, RBP=0x0000700004ad19d0, RSI=0x0000700004ad1a90, RDI=0x00007ffc795d9250
R8 =0x000000000000003c, R9 =0x00000001066de608, R10=0x00000001069ec3db, R11=0x00000001064ec5d5
R12=0x0000000000000000, R13=0x000000011efa8e60, R14=0x000000000000003c, R15=0x00007ffc7e002000
RIP=0x0000000106575436, EFLAGS=0x0000000000010246, ERR=0x0000000000000004
  TRAPNO=0x000000000000000e

Top of Stack: (sp=0x0000700004ad19a0)
0x0000700004ad19a0:   00007ffc795d9000 00007ffc795d9000
0x0000700004ad19b0:   000000011efa8e60 0000000000000000
0x0000700004ad19c0:   0000700004ad1a90 00007ffc795d9000
0x0000700004ad19d0:   0000700004ad1a50 00000001069ec407
0x0000700004ad19e0:   000000011efa8e60 0000700004ad1a90
0x0000700004ad19f0:   0000700004ad1a50 00000001069ec159
0x0000700004ad1a00:   00007ffc795d9000 00000001069ec122
0x0000700004ad1a10:   0000700004ad1a10 000000011efa8e60
0x0000700004ad1a20:   0000700004ad1a90 000000011efd89c8
0x0000700004ad1a30:   0000000000000000 000000011efa8e60
0x0000700004ad1a40:   0000000000000000 0000700004ad1a70
0x0000700004ad1a50:   0000700004ad1ad8 00000001069dbffd
0x0000700004ad1a60:   0000000000000000 00000001069e5a58
0x0000700004ad1a70:   000000000000003c 00007ffc7e002000
0x0000700004ad1a80:   0000700004ad1ad8 0000000000000000
0x0000700004ad1a90:   00000006c0010398 0000700004ad1a98
0x0000700004ad1aa0:   00000001226dbfde 0000700004ad1b00
0x0000700004ad1ab0:   00000001226deab8 0000000000000000
0x0000700004ad1ac0:   00000001226dc010 0000700004ad1a70
0x0000700004ad1ad0:   0000700004ad1ae8 0000700004ad1b48
0x0000700004ad1ae0:   00000001069dbffd 000000000000003c
0x0000700004ad1af0:   00007ffc7e002000 00000001069e7507
0x0000700004ad1b00:   0000000000000000 0000700004ad1b08
0x0000700004ad1b10:   0000000122692a43 0000700004ad1b70
0x0000700004ad1b20:   00000001226cb2c0 0000000000000000
0x0000700004ad1b30:   0000000122692a78 0000700004ad1ae8
0x0000700004ad1b40:   0000700004ad1b58 0000700004ad1bb8
0x0000700004ad1b50:   00000001069dbffd 000000000000003c
0x0000700004ad1b60:   00007ffc7e002000 0000000000000000
0x0000700004ad1b70:   0000000000000000 0000700004ad1b78
0x0000700004ad1b80:   000000012356f439 0000700004ad1c38
0x0000700004ad1b90:   0000000123583860 0000000000000000 

Instructions: (pc=0x0000000106575436)
0x0000000106575416:   00 30 74 08 48 89 df e8 02 96 fe ff c7 83 c8 02
0x0000000106575426:   00 00 06 00 00 00 48 89 5d d8 41 f6 c4 01 75 06
0x0000000106575436:   49 8b 04 24 eb 08 4c 89 e7 e8 06 f5 db ff 46 88
0x0000000106575446:   34 38 48 8d 7d d8 e8 cb 79 de ff 48 8d 7d d0 e8 

Register to memory mapping:

RAX=0x00000001067101c0: _ZN20SafepointSynchronize6_stateE+0 in /Library/Java/JavaVirtualMachines/openlogic-openjdk-8.jdk/Contents/Home/jre/lib/server/libjvm.dylib at 0x0000000106000000
RBX=0x00007ffc795d9000 is a thread
RCX=0x00007ffc7e002000 is an unknown value
RDX=0x0000000000000000 is an unknown value
RSP=0x0000700004ad19a0 is pointing into the stack for thread: 0x00007ffc795d9000
RBP=0x0000700004ad19d0 is pointing into the stack for thread: 0x00007ffc795d9000
RSI=0x0000700004ad1a90 is pointing into the stack for thread: 0x00007ffc795d9000
RDI=0x00007ffc795d9250 is an unknown value
R8 =0x000000000000003c is an unknown value
R9 =0x00000001066de608: _ZTV24external_word_Relocation+0x10 in /Library/Java/JavaVirtualMachines/openlogic-openjdk-8.jdk/Contents/Home/jre/lib/server/libjvm.dylib at 0x0000000106000000
R10=0x00000001069ec3db is at code_begin+859 in an Interpreter codelet
method entry point (kind = native)  [0x00000001069ec080, 0x00000001069eca00]  2432 bytes
R11=0x00000001064ec5d5: throw_unsatisfied_link_error+0 in /Library/Java/JavaVirtualMachines/openlogic-openjdk-8.jdk/Contents/Home/jre/lib/server/libjvm.dylib at 0x0000000106000000
R12=0x0000000000000000 is an unknown value
R13={method} {0x000000011efa8e60} 'putByte' '(Ljava/lang/Object;JB)V' in 'sun/misc/Unsafe'
R14=0x000000000000003c is an unknown value
R15=0x00007ffc7e002000 is an unknown value


Stack: [0x00007000049d6000,0x0000700004ad6000],  sp=0x0000700004ad19a0,  free space=1006k
Native frames: (J=compiled Java code, j=interpreted, Vv=VM code, C=native code)
V  [libjvm.dylib+0x575436]  Unsafe_SetByte+0xd2
j  sun.misc.Unsafe.putByte(Ljava/lang/Object;JB)V+0
j  io.netty.util.internal.PlatformDependent0.putByte(Ljava/lang/Object;JB)V+6
j  io.netty.util.internal.PlatformDependent.putByte(Ljava/lang/Object;JB)V+3
j  io.netty.buffer.ByteBufUtil.unsafeWriteUtf8([BJILjava/lang/CharSequence;II)I+73
j  io.netty.buffer.ByteBufUtil.writeUtf8(Lio/netty/buffer/AbstractByteBuf;IILjava/lang/CharSequence;II)I+79
j  io.netty.buffer.ByteBufUtil.reserveAndWriteUtf8Seq(Lio/netty/buffer/ByteBuf;Ljava/lang/CharSequence;III)I+47
j  io.netty.buffer.ByteBufUtil.writeUtf8(Lio/netty/buffer/ByteBuf;Ljava/lang/CharSequence;)I+15
j  org.springframework.core.io.buffer.NettyDataBuffer.write(Ljava/lang/CharSequence;Ljava/nio/charset/Charset;)Lorg/springframework/core/io/buffer/DataBuffer;+27
j  org.springframework.core.codec.CharSequenceEncoder.encodeValue(Ljava/lang/CharSequence;Lorg/springframework/core/io/buffer/DataBufferFactory;Lorg/springframework/core/ResolvableType;Lorg/springframework/util/MimeType;Ljava/util/Map;)Lorg/springframework/core/io/buffer/DataBuffer;+58
j  org.springframework.core.codec.CharSequenceEncoder.lambda$encode$0(Lorg/springframework/core/io/buffer/DataBufferFactory;Lorg/springframework/core/ResolvableType;Lorg/springframework/util/MimeType;Ljava/util/Map;Ljava/lang/CharSequence;)Lorg/springframework/core/io/buffer/DataBuffer;+8
j  org.springframework.core.codec.CharSequenceEncoder$$Lambda$877.apply(Ljava/lang/Object;)Ljava/lang/Object;+24
j  reactor.core.publisher.FluxMapFuseable$MapFuseableSubscriber.onNext(Ljava/lang/Object;)V+47
j  reactor.core.publisher.FluxJust$WeakScalarSubscription.request(J)V+28
j  reactor.core.publisher.FluxMapFuseable$MapFuseableSubscriber.request(J)V+5
j  reactor.core.publisher.MonoSingle$SingleSubscriber.request(J)V+18
j  reactor.core.publisher.Operators$MultiSubscriptionSubscriber.set(Lorg/reactivestreams/Subscription;)V+92
j  reactor.core.publisher.Operators$MultiSubscriptionSubscriber.onSubscribe(Lorg/reactivestreams/Subscription;)V+2
j  reactor.core.publisher.MonoSingle$SingleSubscriber.onSubscribe(Lorg/reactivestreams/Subscription;)V+21
j  reactor.core.publisher.FluxMapFuseable$MapFuseableSubscriber.onSubscribe(Lorg/reactivestreams/Subscription;)V+24
j  reactor.core.publisher.FluxJust.subscribe(Lreactor/core/CoreSubscriber;)V+13
j  reactor.core.publisher.InternalMonoOperator.subscribe(Lreactor/core/CoreSubscriber;)V+33
j  reactor.core.publisher.MonoFlatMap$FlatMapMain.onNext(Ljava/lang/Object;)V+160
j  reactor.core.publisher.FluxPeekFuseable$PeekFuseableSubscriber.onNext(Ljava/lang/Object;)V+110
j  reactor.core.publisher.Operators$MonoSubscriber.complete(Ljava/lang/Object;)V+101
j  reactor.core.publisher.MonoFlatMap$FlatMapInner.onNext(Ljava/lang/Object;)V+29
j  reactor.core.publisher.MonoNext$NextSubscriber.onNext(Ljava/lang/Object;)V+35
j  reactor.core.publisher.FluxSwitchIfEmpty$SwitchIfEmptySubscriber.onNext(Ljava/lang/Object;)V+17
j  reactor.core.publisher.FluxMapFuseable$MapFuseableSubscriber.onNext(Ljava/lang/Object;)V+112
j  reactor.core.publisher.Operators$ScalarSubscription.request(J)V+29
j  reactor.core.publisher.FluxMapFuseable$MapFuseableSubscriber.request(J)V+5
j  reactor.core.publisher.Operators$MultiSubscriptionSubscriber.set(Lorg/reactivestreams/Subscription;)V+92
j  reactor.core.publisher.Operators$MultiSubscriptionSubscriber.onSubscribe(Lorg/reactivestreams/Subscription;)V+2
j  reactor.core.publisher.FluxMapFuseable$MapFuseableSubscriber.onSubscribe(Lorg/reactivestreams/Subscription;)V+24
j  reactor.core.publisher.MonoJust.subscribe(Lreactor/core/CoreSubscriber;)V+9
j  reactor.core.publisher.Mono.subscribe(Lorg/reactivestreams/Subscriber;)V+71
j  reactor.core.publisher.FluxSwitchIfEmpty$SwitchIfEmptySubscriber.onComplete()V+17
j  reactor.core.publisher.FluxFlatMap$FlatMapMain.checkTerminated(ZZLorg/reactivestreams/Subscriber;Ljava/lang/Object;)Z+210
j  reactor.core.publisher.FluxFlatMap$FlatMapMain.drainLoop()V+67
j  reactor.core.publisher.FluxFlatMap$FlatMapMain.drain(Ljava/lang/Object;)V+36
j  reactor.core.publisher.FluxFlatMap$FlatMapMain.onComplete()V+15
j  reactor.core.publisher.FluxArray$ArraySubscription.slowPath(J)V+133
j  reactor.core.publisher.FluxArray$ArraySubscription.request(J)V+37
j  reactor.core.publisher.FluxFlatMap$FlatMapMain.onSubscribe(Lorg/reactivestreams/Subscription;)V+34
j  reactor.core.publisher.FluxArray.subscribe(Lreactor/core/CoreSubscriber;[Ljava/lang/Object;)V+48
j  reactor.core.publisher.FluxArray.subscribe(Lreactor/core/CoreSubscriber;)V+5
j  reactor.core.publisher.MonoFromFluxOperator.subscribe(Lreactor/core/CoreSubscriber;)V+33
j  reactor.core.publisher.MonoFlatMap$FlatMapMain.onNext(Ljava/lang/Object;)V+160
j  reactor.core.publisher.FluxSwitchIfEmpty$SwitchIfEmptySubscriber.onNext(Ljava/lang/Object;)V+17
j  reactor.core.publisher.MonoNext$NextSubscriber.onNext(Ljava/lang/Object;)V+35
j  reactor.core.publisher.FluxConcatArray$ConcatArraySubscriber.onNext(Ljava/lang/Object;)V+15
j  reactor.core.publisher.Operators$ScalarSubscription.request(J)V+29
j  reactor.core.publisher.Operators$MultiSubscriptionSubscriber.set(Lorg/reactivestreams/Subscription;)V+92
j  reactor.core.publisher.Operators$MultiSubscriptionSubscriber.onSubscribe(Lorg/reactivestreams/Subscription;)V+2
j  reactor.core.publisher.MonoJust.subscribe(Lreactor/core/CoreSubscriber;)V+9
j  reactor.core.publisher.Mono.subscribe(Lorg/reactivestreams/Subscriber;)V+71
j  reactor.core.publisher.FluxConcatArray$ConcatArraySubscriber.onComplete()V+119
j  reactor.core.publisher.FluxConcatArray.subscribe(Lreactor/core/CoreSubscriber;)V+114
j  reactor.core.publisher.Mono.subscribe(Lorg/reactivestreams/Subscriber;)V+71
j  reactor.core.publisher.FluxOnErrorResume$ResumeSubscriber.onError(Ljava/lang/Throwable;)V+72
j  reactor.core.publisher.FluxOnErrorResume$ResumeSubscriber.onError(Ljava/lang/Throwable;)V+85
j  reactor.core.publisher.FluxOnAssembly$OnAssemblySubscriber.onError(Ljava/lang/Throwable;)V+9
j  reactor.core.publisher.Operators.error(Lorg/reactivestreams/Subscriber;Ljava/lang/Throwable;)V+11
j  reactor.core.publisher.MonoError.subscribe(Lreactor/core/CoreSubscriber;)V+5
j  reactor.core.publisher.Mono.subscribe(Lorg/reactivestreams/Subscriber;)V+71
j  reactor.core.publisher.FluxOnErrorResume$ResumeSubscriber.onError(Ljava/lang/Throwable;)V+72
j  reactor.core.publisher.FluxOnAssembly$OnAssemblySubscriber.onError(Ljava/lang/Throwable;)V+9
j  reactor.core.publisher.MonoPeekTerminal$MonoTerminalPeekSubscriber.onError(Ljava/lang/Throwable;)V+77
j  reactor.core.publisher.MonoPeekTerminal$MonoTerminalPeekSubscriber.onError(Ljava/lang/Throwable;)V+77
j  reactor.core.publisher.FluxOnAssembly$OnAssemblySubscriber.onError(Ljava/lang/Throwable;)V+9
j  reactor.core.publisher.MonoFlatMap$FlatMapMain.onError(Ljava/lang/Throwable;)V+31
j  reactor.core.publisher.MonoFlatMap$FlatMapMain.secondError(Ljava/lang/Throwable;)V+5
j  reactor.core.publisher.MonoFlatMap$FlatMapInner.onError(Ljava/lang/Throwable;)V+29
j  reactor.core.publisher.Operators$MonoSubscriber.onError(Ljava/lang/Throwable;)V+5
j  reactor.core.publisher.MonoIgnoreThen$ThenIgnoreInner.onError(Ljava/lang/Throwable;)V+5
j  reactor.core.publisher.MonoFlatMap$FlatMapMain.onError(Ljava/lang/Throwable;)V+31
j  reactor.core.publisher.Operators$MultiSubscriptionSubscriber.onError(Ljava/lang/Throwable;)V+5
j  reactor.core.publisher.Operators.error(Lorg/reactivestreams/Subscriber;Ljava/lang/Throwable;)V+11
j  reactor.core.publisher.MonoError.subscribe(Lreactor/core/CoreSubscriber;)V+5
j  reactor.core.publisher.MonoDefer.subscribe(Lreactor/core/CoreSubscriber;)V+39
j  reactor.core.publisher.Mono.subscribe(Lorg/reactivestreams/Subscriber;)V+71
j  reactor.core.publisher.FluxSwitchIfEmpty$SwitchIfEmptySubscriber.onComplete()V+17
j  reactor.core.publisher.Operators.complete(Lorg/reactivestreams/Subscriber;)V+10
j  reactor.core.publisher.MonoEmpty.subscribe(Lreactor/core/CoreSubscriber;)V+1
j  reactor.core.publisher.Mono.subscribe(Lorg/reactivestreams/Subscriber;)V+71
j  reactor.core.publisher.MonoIgnoreThen$ThenIgnoreMain.drain()V+208
j  reactor.core.publisher.MonoIgnoreThen.subscribe(Lreactor/core/CoreSubscriber;)V+25
j  reactor.core.publisher.MonoFlatMap$FlatMapMain.onNext(Ljava/lang/Object;)V+160
j  reactor.core.publisher.FluxSwitchIfEmpty$SwitchIfEmptySubscriber.onNext(Ljava/lang/Object;)V+17
j  reactor.core.publisher.MonoNext$NextSubscriber.onNext(Ljava/lang/Object;)V+35
j  reactor.core.publisher.FluxConcatMap$ConcatMapImmediate.innerNext(Ljava/lang/Object;)V+24
j  reactor.core.publisher.FluxConcatMap$ConcatMapInner.onNext(Ljava/lang/Object;)V+15
j  reactor.core.publisher.FluxMapFuseable$MapFuseableSubscriber.onNext(Ljava/lang/Object;)V+112
j  reactor.core.publisher.Operators$ScalarSubscription.request(J)V+29
j  reactor.core.publisher.FluxMapFuseable$MapFuseableSubscriber.request(J)V+5
j  reactor.core.publisher.Operators$MultiSubscriptionSubscriber.set(Lorg/reactivestreams/Subscription;)V+92
j  reactor.core.publisher.Operators$MultiSubscriptionSubscriber.onSubscribe(Lorg/reactivestreams/Subscription;)V+2
j  reactor.core.publisher.FluxMapFuseable$MapFuseableSubscriber.onSubscribe(Lorg/reactivestreams/Subscription;)V+24
j  reactor.core.publisher.MonoJust.subscribe(Lreactor/core/CoreSubscriber;)V+9
j  reactor.core.publisher.Mono.subscribe(Lorg/reactivestreams/Subscriber;)V+71
...<more frames>...

Java frames: (J=compiled Java code, j=interpreted, Vv=VM code)
j  sun.misc.Unsafe.putByte(Ljava/lang/Object;JB)V+0
j  io.netty.util.internal.PlatformDependent0.putByte(Ljava/lang/Object;JB)V+6
j  io.netty.util.internal.PlatformDependent.putByte(Ljava/lang/Object;JB)V+3
j  io.netty.buffer.ByteBufUtil.unsafeWriteUtf8([BJILjava/lang/CharSequence;II)I+73
j  io.netty.buffer.ByteBufUtil.writeUtf8(Lio/netty/buffer/AbstractByteBuf;IILjava/lang/CharSequence;II)I+79
j  io.netty.buffer.ByteBufUtil.reserveAndWriteUtf8Seq(Lio/netty/buffer/ByteBuf;Ljava/lang/CharSequence;III)I+47
j  io.netty.buffer.ByteBufUtil.writeUtf8(Lio/netty/buffer/ByteBuf;Ljava/lang/CharSequence;)I+15
j  org.springframework.core.io.buffer.NettyDataBuffer.write(Ljava/lang/CharSequence;Ljava/nio/charset/Charset;)Lorg/springframework/core/io/buffer/DataBuffer;+27
j  org.springframework.core.codec.CharSequenceEncoder.encodeValue(Ljava/lang/CharSequence;Lorg/springframework/core/io/buffer/DataBufferFactory;Lorg/springframework/core/ResolvableType;Lorg/springframework/util/MimeType;Ljava/util/Map;)Lorg/springframework/core/io/buffer/DataBuffer;+58
j  org.springframework.core.codec.CharSequenceEncoder.lambda$encode$0(Lorg/springframework/core/io/buffer/DataBufferFactory;Lorg/springframework/core/ResolvableType;Lorg/springframework/util/MimeType;Ljava/util/Map;Ljava/lang/CharSequence;)Lorg/springframework/core/io/buffer/DataBuffer;+8
j  org.springframework.core.codec.CharSequenceEncoder$$Lambda$877.apply(Ljava/lang/Object;)Ljava/lang/Object;+24
j  reactor.core.publisher.FluxMapFuseable$MapFuseableSubscriber.onNext(Ljava/lang/Object;)V+47
j  reactor.core.publisher.FluxJust$WeakScalarSubscription.request(J)V+28
j  reactor.core.publisher.FluxMapFuseable$MapFuseableSubscriber.request(J)V+5
j  reactor.core.publisher.MonoSingle$SingleSubscriber.request(J)V+18
j  reactor.core.publisher.Operators$MultiSubscriptionSubscriber.set(Lorg/reactivestreams/Subscription;)V+92
j  reactor.core.publisher.Operators$MultiSubscriptionSubscriber.onSubscribe(Lorg/reactivestreams/Subscription;)V+2
j  reactor.core.publisher.MonoSingle$SingleSubscriber.onSubscribe(Lorg/reactivestreams/Subscription;)V+21
j  reactor.core.publisher.FluxMapFuseable$MapFuseableSubscriber.onSubscribe(Lorg/reactivestreams/Subscription;)V+24
j  reactor.core.publisher.FluxJust.subscribe(Lreactor/core/CoreSubscriber;)V+13
j  reactor.core.publisher.InternalMonoOperator.subscribe(Lreactor/core/CoreSubscriber;)V+33
j  reactor.core.publisher.MonoFlatMap$FlatMapMain.onNext(Ljava/lang/Object;)V+160
j  reactor.core.publisher.FluxPeekFuseable$PeekFuseableSubscriber.onNext(Ljava/lang/Object;)V+110
j  reactor.core.publisher.Operators$MonoSubscriber.complete(Ljava/lang/Object;)V+101
j  reactor.core.publisher.MonoFlatMap$FlatMapInner.onNext(Ljava/lang/Object;)V+29
j  reactor.core.publisher.MonoNext$NextSubscriber.onNext(Ljava/lang/Object;)V+35
j  reactor.core.publisher.FluxSwitchIfEmpty$SwitchIfEmptySubscriber.onNext(Ljava/lang/Object;)V+17
j  reactor.core.publisher.FluxMapFuseable$MapFuseableSubscriber.onNext(Ljava/lang/Object;)V+112
j  reactor.core.publisher.Operators$ScalarSubscription.request(J)V+29
j  reactor.core.publisher.FluxMapFuseable$MapFuseableSubscriber.request(J)V+5
j  reactor.core.publisher.Operators$MultiSubscriptionSubscriber.set(Lorg/reactivestreams/Subscription;)V+92
j  reactor.core.publisher.Operators$MultiSubscriptionSubscriber.onSubscribe(Lorg/reactivestreams/Subscription;)V+2
j  reactor.core.publisher.FluxMapFuseable$MapFuseableSubscriber.onSubscribe(Lorg/reactivestreams/Subscription;)V+24
j  reactor.core.publisher.MonoJust.subscribe(Lreactor/core/CoreSubscriber;)V+9
j  reactor.core.publisher.Mono.subscribe(Lorg/reactivestreams/Subscriber;)V+71
j  reactor.core.publisher.FluxSwitchIfEmpty$SwitchIfEmptySubscriber.onComplete()V+17
j  reactor.core.publisher.FluxFlatMap$FlatMapMain.checkTerminated(ZZLorg/reactivestreams/Subscriber;Ljava/lang/Object;)Z+210
j  reactor.core.publisher.FluxFlatMap$FlatMapMain.drainLoop()V+67
j  reactor.core.publisher.FluxFlatMap$FlatMapMain.drain(Ljava/lang/Object;)V+36
j  reactor.core.publisher.FluxFlatMap$FlatMapMain.onComplete()V+15
j  reactor.core.publisher.FluxArray$ArraySubscription.slowPath(J)V+133
j  reactor.core.publisher.FluxArray$ArraySubscription.request(J)V+37
j  reactor.core.publisher.FluxFlatMap$FlatMapMain.onSubscribe(Lorg/reactivestreams/Subscription;)V+34
j  reactor.core.publisher.FluxArray.subscribe(Lreactor/core/CoreSubscriber;[Ljava/lang/Object;)V+48
j  reactor.core.publisher.FluxArray.subscribe(Lreactor/core/CoreSubscriber;)V+5
j  reactor.core.publisher.MonoFromFluxOperator.subscribe(Lreactor/core/CoreSubscriber;)V+33
j  reactor.core.publisher.MonoFlatMap$FlatMapMain.onNext(Ljava/lang/Object;)V+160
j  reactor.core.publisher.FluxSwitchIfEmpty$SwitchIfEmptySubscriber.onNext(Ljava/lang/Object;)V+17
j  reactor.core.publisher.MonoNext$NextSubscriber.onNext(Ljava/lang/Object;)V+35
j  reactor.core.publisher.FluxConcatArray$ConcatArraySubscriber.onNext(Ljava/lang/Object;)V+15
j  reactor.core.publisher.Operators$ScalarSubscription.request(J)V+29
j  reactor.core.publisher.Operators$MultiSubscriptionSubscriber.set(Lorg/reactivestreams/Subscription;)V+92
j  reactor.core.publisher.Operators$MultiSubscriptionSubscriber.onSubscribe(Lorg/reactivestreams/Subscription;)V+2
j  reactor.core.publisher.MonoJust.subscribe(Lreactor/core/CoreSubscriber;)V+9
j  reactor.core.publisher.Mono.subscribe(Lorg/reactivestreams/Subscriber;)V+71
j  reactor.core.publisher.FluxConcatArray$ConcatArraySubscriber.onComplete()V+119
j  reactor.core.publisher.FluxConcatArray.subscribe(Lreactor/core/CoreSubscriber;)V+114
j  reactor.core.publisher.Mono.subscribe(Lorg/reactivestreams/Subscriber;)V+71
j  reactor.core.publisher.FluxOnErrorResume$ResumeSubscriber.onError(Ljava/lang/Throwable;)V+72
j  reactor.core.publisher.FluxOnErrorResume$ResumeSubscriber.onError(Ljava/lang/Throwable;)V+85
j  reactor.core.publisher.FluxOnAssembly$OnAssemblySubscriber.onError(Ljava/lang/Throwable;)V+9
j  reactor.core.publisher.Operators.error(Lorg/reactivestreams/Subscriber;Ljava/lang/Throwable;)V+11
j  reactor.core.publisher.MonoError.subscribe(Lreactor/core/CoreSubscriber;)V+5
j  reactor.core.publisher.Mono.subscribe(Lorg/reactivestreams/Subscriber;)V+71
j  reactor.core.publisher.FluxOnErrorResume$ResumeSubscriber.onError(Ljava/lang/Throwable;)V+72
j  reactor.core.publisher.FluxOnAssembly$OnAssemblySubscriber.onError(Ljava/lang/Throwable;)V+9
j  reactor.core.publisher.MonoPeekTerminal$MonoTerminalPeekSubscriber.onError(Ljava/lang/Throwable;)V+77
j  reactor.core.publisher.MonoPeekTerminal$MonoTerminalPeekSubscriber.onError(Ljava/lang/Throwable;)V+77
j  reactor.core.publisher.FluxOnAssembly$OnAssemblySubscriber.onError(Ljava/lang/Throwable;)V+9
j  reactor.core.publisher.MonoFlatMap$FlatMapMain.onError(Ljava/lang/Throwable;)V+31
j  reactor.core.publisher.MonoFlatMap$FlatMapMain.secondError(Ljava/lang/Throwable;)V+5
j  reactor.core.publisher.MonoFlatMap$FlatMapInner.onError(Ljava/lang/Throwable;)V+29
j  reactor.core.publisher.Operators$MonoSubscriber.onError(Ljava/lang/Throwable;)V+5
j  reactor.core.publisher.MonoIgnoreThen$ThenIgnoreInner.onError(Ljava/lang/Throwable;)V+5
j  reactor.core.publisher.MonoFlatMap$FlatMapMain.onError(Ljava/lang/Throwable;)V+31
j  reactor.core.publisher.Operators$MultiSubscriptionSubscriber.onError(Ljava/lang/Throwable;)V+5
j  reactor.core.publisher.Operators.error(Lorg/reactivestreams/Subscriber;Ljava/lang/Throwable;)V+11
j  reactor.core.publisher.MonoError.subscribe(Lreactor/core/CoreSubscriber;)V+5
j  reactor.core.publisher.MonoDefer.subscribe(Lreactor/core/CoreSubscriber;)V+39
j  reactor.core.publisher.Mono.subscribe(Lorg/reactivestreams/Subscriber;)V+71
j  reactor.core.publisher.FluxSwitchIfEmpty$SwitchIfEmptySubscriber.onComplete()V+17
j  reactor.core.publisher.Operators.complete(Lorg/reactivestreams/Subscriber;)V+10
j  reactor.core.publisher.MonoEmpty.subscribe(Lreactor/core/CoreSubscriber;)V+1
j  reactor.core.publisher.Mono.subscribe(Lorg/reactivestreams/Subscriber;)V+71
j  reactor.core.publisher.MonoIgnoreThen$ThenIgnoreMain.drain()V+208
j  reactor.core.publisher.MonoIgnoreThen.subscribe(Lreactor/core/CoreSubscriber;)V+25
j  reactor.core.publisher.MonoFlatMap$FlatMapMain.onNext(Ljava/lang/Object;)V+160
j  reactor.core.publisher.FluxSwitchIfEmpty$SwitchIfEmptySubscriber.onNext(Ljava/lang/Object;)V+17
j  reactor.core.publisher.MonoNext$NextSubscriber.onNext(Ljava/lang/Object;)V+35
j  reactor.core.publisher.FluxConcatMap$ConcatMapImmediate.innerNext(Ljava/lang/Object;)V+24
j  reactor.core.publisher.FluxConcatMap$ConcatMapInner.onNext(Ljava/lang/Object;)V+15
j  reactor.core.publisher.FluxMapFuseable$MapFuseableSubscriber.onNext(Ljava/lang/Object;)V+112
j  reactor.core.publisher.Operators$ScalarSubscription.request(J)V+29
j  reactor.core.publisher.FluxMapFuseable$MapFuseableSubscriber.request(J)V+5
j  reactor.core.publisher.Operators$MultiSubscriptionSubscriber.set(Lorg/reactivestreams/Subscription;)V+92
j  reactor.core.publisher.Operators$MultiSubscriptionSubscriber.onSubscribe(Lorg/reactivestreams/Subscription;)V+2
j  reactor.core.publisher.FluxMapFuseable$MapFuseableSubscriber.onSubscribe(Lorg/reactivestreams/Subscription;)V+24
j  reactor.core.publisher.MonoJust.subscribe(Lreactor/core/CoreSubscriber;)V+9
j  reactor.core.publisher.Mono.subscribe(Lorg/reactivestreams/Subscriber;)V+71
j  reactor.core.publisher.FluxConcatMap$ConcatMapImmediate.drain()V+435
j  reactor.core.publisher.FluxConcatMap$ConcatMapImmediate.onSubscribe(Lorg/reactivestreams/Subscription;)V+68
j  reactor.core.publisher.FluxIterable.subscribe(Lreactor/core/CoreSubscriber;Ljava/util/Iterator;ZLjava/lang/Runnable;)V+151
j  reactor.core.publisher.FluxIterable.subscribe(Lreactor/core/CoreSubscriber;)V+46
j  reactor.core.publisher.InternalMonoOperator.subscribe(Lreactor/core/CoreSubscriber;)V+33
j  reactor.core.publisher.MonoDefer.subscribe(Lreactor/core/CoreSubscriber;)V+39
j  reactor.core.publisher.InternalMonoOperator.subscribe(Lreactor/core/CoreSubscriber;)V+33
j  reactor.core.publisher.MonoDefer.subscribe(Lreactor/core/CoreSubscriber;)V+39
j  reactor.core.publisher.InternalMonoOperator.subscribe(Lreactor/core/CoreSubscriber;)V+33
j  reactor.core.publisher.MonoDefer.subscribe(Lreactor/core/CoreSubscriber;)V+39
j  reactor.core.publisher.InternalMonoOperator.subscribe(Lreactor/core/CoreSubscriber;)V+33
j  reactor.core.publisher.MonoDefer.subscribe(Lreactor/core/CoreSubscriber;)V+39
j  reactor.core.publisher.Mono.subscribe(Lorg/reactivestreams/Subscriber;)V+71
j  reactor.core.publisher.MonoIgnoreThen$ThenIgnoreMain.drain()V+208
j  reactor.core.publisher.MonoIgnoreThen.subscribe(Lreactor/core/CoreSubscriber;)V+25
j  reactor.core.publisher.InternalMonoOperator.subscribe(Lreactor/core/CoreSubscriber;)V+33
j  reactor.netty.http.server.HttpServer$HttpServerHandle.onStateChange(Lreactor/netty/Connection;Lreactor/netty/ConnectionObserver$State;)V+102
j  reactor.netty.ReactorNetty$CompositeConnectionObserver.onStateChange(Lreactor/netty/Connection;Lreactor/netty/ConnectionObserver$State;)V+29
j  reactor.netty.transport.ServerTransport$ChildObserver.onStateChange(Lreactor/netty/Connection;Lreactor/netty/ConnectionObserver$State;)V+42
j  reactor.netty.http.server.HttpServerOperations.onInboundNext(Lio/netty/channel/ChannelHandlerContext;Ljava/lang/Object;)V+15
j  reactor.netty.channel.ChannelOperationsHandler.channelRead(Lio/netty/channel/ChannelHandlerContext;Ljava/lang/Object;)V+36
j  io.netty.channel.AbstractChannelHandlerContext.invokeChannelRead(Ljava/lang/Object;)V+16
j  io.netty.channel.AbstractChannelHandlerContext.invokeChannelRead(Lio/netty/channel/AbstractChannelHandlerContext;Ljava/lang/Object;)V+31
j  io.netty.channel.AbstractChannelHandlerContext.fireChannelRead(Ljava/lang/Object;)Lio/netty/channel/ChannelHandlerContext;+7
j  reactor.netty.http.server.HttpTrafficHandler.channelRead(Lio/netty/channel/ChannelHandlerContext;Ljava/lang/Object;)V+501
j  io.netty.channel.AbstractChannelHandlerContext.invokeChannelRead(Ljava/lang/Object;)V+16
j  io.netty.channel.AbstractChannelHandlerContext.invokeChannelRead(Lio/netty/channel/AbstractChannelHandlerContext;Ljava/lang/Object;)V+31
j  io.netty.channel.AbstractChannelHandlerContext.fireChannelRead(Ljava/lang/Object;)Lio/netty/channel/ChannelHandlerContext;+7
j  io.netty.channel.CombinedChannelDuplexHandler$DelegatingChannelHandlerContext.fireChannelRead(Ljava/lang/Object;)Lio/netty/channel/ChannelHandlerContext;+5
j  io.netty.handler.codec.ByteToMessageDecoder.fireChannelRead(Lio/netty/channel/ChannelHandlerContext;Lio/netty/handler/codec/CodecOutputList;I)V+13
j  io.netty.handler.codec.ByteToMessageDecoder.channelRead(Lio/netty/channel/ChannelHandlerContext;Ljava/lang/Object;)V+165
j  io.netty.channel.CombinedChannelDuplexHandler.channelRead(Lio/netty/channel/ChannelHandlerContext;Ljava/lang/Object;)V+44
j  io.netty.channel.AbstractChannelHandlerContext.invokeChannelRead(Ljava/lang/Object;)V+16
j  io.netty.channel.AbstractChannelHandlerContext.invokeChannelRead(Lio/netty/channel/AbstractChannelHandlerContext;Ljava/lang/Object;)V+31
j  io.netty.channel.AbstractChannelHandlerContext.fireChannelRead(Ljava/lang/Object;)Lio/netty/channel/ChannelHandlerContext;+7
j  io.netty.channel.DefaultChannelPipeline$HeadContext.channelRead(Lio/netty/channel/ChannelHandlerContext;Ljava/lang/Object;)V+2
j  io.netty.channel.AbstractChannelHandlerContext.invokeChannelRead(Ljava/lang/Object;)V+16
j  io.netty.channel.AbstractChannelHandlerContext.invokeChannelRead(Lio/netty/channel/AbstractChannelHandlerContext;Ljava/lang/Object;)V+31
j  io.netty.channel.DefaultChannelPipeline.fireChannelRead(Ljava/lang/Object;)Lio/netty/channel/ChannelPipeline;+5
j  io.netty.channel.nio.AbstractNioByteChannel$NioByteUnsafe.read()V+159
j  io.netty.channel.nio.NioEventLoop.processSelectedKey(Ljava/nio/channels/SelectionKey;Lio/netty/channel/nio/AbstractNioChannel;)V+113
j  io.netty.channel.nio.NioEventLoop.processSelectedKeysOptimized()V+51
j  io.netty.channel.nio.NioEventLoop.processSelectedKeys()V+8
j  io.netty.channel.nio.NioEventLoop.run()V+263
j  io.netty.util.concurrent.SingleThreadEventExecutor$4.run()V+44
j  io.netty.util.internal.ThreadExecutorMap$2.run()V+11
j  io.netty.util.concurrent.FastThreadLocalRunnable.run()V+4
j  java.lang.Thread.run()V+11
v  ~StubRoutines::call_stub

---------------  P R O C E S S  ---------------

Java Threads: ( => current thread )
  0x00007ffc7dd06000 JavaThread "reactor-http-nio-3" daemon [_thread_in_native, id=37891, stack(0x0000700004ad9000,0x0000700004bd9000)]
=>0x00007ffc795d9000 JavaThread "reactor-http-nio-2" daemon [_thread_in_vm, id=18191, stack(0x00007000049d6000,0x0000700004ad6000)]
  0x00007ffc7cafc800 JavaThread "DestroyJavaVM" [_thread_blocked, id=10499, stack(0x0000700002464000,0x0000700002564000)]
  0x00007ffc7956b000 JavaThread "server" [_thread_blocked, id=26371, stack(0x00007000048d3000,0x00007000049d3000)]
  0x00007ffc74043800 JavaThread "reactor-http-nio-1" daemon [_thread_in_native, id=25859, stack(0x00007000047d0000,0x00007000048d0000)]
  0x00007ffc75fff000 JavaThread "DiscoveryClient-InstanceInfoReplicator-0" daemon [_thread_blocked, id=25603, stack(0x00007000046cd000,0x00007000047cd000)]
  0x00007ffc75f33000 JavaThread "DiscoveryClient-1" daemon [_thread_blocked, id=25347, stack(0x00007000045ca000,0x00007000046ca000)]
  0x00007ffc75f3e800 JavaThread "DiscoveryClient-0" daemon [_thread_blocked, id=39171, stack(0x00007000044c7000,0x00007000045c7000)]
  0x00007ffc73d7f000 JavaThread "Keep-Alive-Timer" daemon [_thread_blocked, id=39683, stack(0x00007000043c4000,0x00007000044c4000)]
  0x00007ffc73906000 JavaThread "AsyncResolver-bootstrap-0" daemon [_thread_blocked, id=25091, stack(0x00007000042c1000,0x00007000043c1000)]
  0x00007ffc7b02f000 JavaThread "boundedElastic-evictor-7" daemon [_thread_blocked, id=40195, stack(0x00007000041be000,0x00007000042be000)]
  0x00007ffc75f22000 JavaThread "boundedElastic-evictor-6" daemon [_thread_blocked, id=24323, stack(0x00007000040bb000,0x00007000041bb000)]
  0x00007ffc73990800 JavaThread "boundedElastic-evictor-5" daemon [_thread_blocked, id=40451, stack(0x0000700003fb8000,0x00007000040b8000)]
  0x00007ffc750d6000 JavaThread "boundedElastic-evictor-4" daemon [_thread_blocked, id=40963, stack(0x0000700003eb5000,0x0000700003fb5000)]
  0x00007ffc7908f000 JavaThread "boundedElastic-evictor-3" daemon [_thread_blocked, id=41475, stack(0x0000700003db2000,0x0000700003eb2000)]
  0x00007ffc74090800 JavaThread "boundedElastic-evictor-2" daemon [_thread_blocked, id=23555, stack(0x0000700003caf000,0x0000700003daf000)]
  0x00007ffc75f0a800 JavaThread "boundedElastic-evictor-1" daemon [_thread_blocked, id=23303, stack(0x0000700003bac000,0x0000700003cac000)]
  0x00007ffc7b8a8800 JavaThread "spring.cloud.inetutils" daemon [_thread_blocked, id=42507, stack(0x00007000039a6000,0x0000700003aa6000)]
  0x00007ffc75237800 JavaThread "Attach Listener" daemon [_thread_blocked, id=41991, stack(0x0000700003aa9000,0x0000700003ba9000)]
  0x00007ffc7411e800 JavaThread "Service Thread" daemon [_thread_blocked, id=22275, stack(0x00007000037a0000,0x00007000038a0000)]
  0x00007ffc740f4000 JavaThread "C1 CompilerThread3" daemon [_thread_blocked, id=22019, stack(0x000070000369d000,0x000070000379d000)]
  0x00007ffc740f3000 JavaThread "C2 CompilerThread2" daemon [_thread_in_native, id=21763, stack(0x000070000359a000,0x000070000369a000)]
  0x00007ffc740f2000 JavaThread "C2 CompilerThread1" daemon [_thread_in_native, id=14851, stack(0x0000700003497000,0x0000700003597000)]
  0x00007ffc740f1000 JavaThread "C2 CompilerThread0" daemon [_thread_in_native, id=15619, stack(0x0000700003394000,0x0000700003494000)]
  0x00007ffc75157000 JavaThread "Monitor Ctrl-Break" daemon [_thread_in_native, id=14595, stack(0x0000700003291000,0x0000700003391000)]
  0x00007ffc73825800 JavaThread "Signal Dispatcher" daemon [_thread_blocked, id=16131, stack(0x000070000318e000,0x000070000328e000)]
  0x00007ffc75033800 JavaThread "Finalizer" daemon [_thread_blocked, id=19203, stack(0x0000700002f85000,0x0000700003085000)]
  0x00007ffc7381d000 JavaThread "Reference Handler" daemon [_thread_blocked, id=19715, stack(0x0000700002e82000,0x0000700002f82000)]

Other Threads:
  0x00007ffc75030800 VMThread [stack: 0x0000700002d7f000,0x0000700002e7f000] [id=20227]
  0x00007ffc7411f800 WatcherThread [stack: 0x00007000038a3000,0x00007000039a3000] [id=22531]

VM state:not at safepoint (normal execution)

VM Mutex/Monitor currently owned by a thread: None

heap address: 0x00000006c0000000, size: 4096 MB, Compressed Oops mode: Zero based, Oop shift amount: 3
Narrow klass base: 0x0000000000000000, Narrow klass shift: 3
Compressed class space size: 1073741824 Address: 0x00000007c0000000

Heap:
 PSYoungGen      total 236544K, used 149475K [0x000000076ab00000, 0x000000077a400000, 0x00000007c0000000)
  eden space 224768K, 66% used [0x000000076ab00000,0x0000000773cf8d38,0x0000000778680000)
  from space 11776K, 0% used [0x0000000779880000,0x0000000779880000,0x000000077a400000)
  to   space 13824K, 0% used [0x0000000778900000,0x0000000778900000,0x0000000779680000)
 ParOldGen       total 122368K, used 15893K [0x00000006c0000000, 0x00000006c7780000, 0x000000076ab00000)
  object space 122368K, 12% used [0x00000006c0000000,0x00000006c0f855e0,0x00000006c7780000)
 Metaspace       used 46868K, capacity 49862K, committed 50096K, reserved 1091584K
  class space    used 6490K, capacity 7020K, committed 7088K, reserved 1048576K

Card table byte_map: [0x00000001159d4000,0x00000001161d5000] byte_map_base: 0x00000001123d4000

Marking Bits: (ParMarkBitMap*) 0x000000010670fc68
 Begin Bits: [0x000000011672b000, 0x000000011a72b000)
 End Bits:   [0x000000011a72b000, 0x000000011e72b000)

Polling page: 0x0000000101580000

CodeCache: size=245760Kb used=13848Kb max_used=15019Kb free=231911Kb
 bounds [0x00000001069d4000, 0x00000001078b4000, 0x00000001159d4000]
 total_blobs=4388 nmethods=3894 adapters=407
 compilation: enabled

Compilation events (10 events):
Event: 27.450 Thread 0x00007ffc740f4000 4433       3       java.lang.Integer::parseInt (261 bytes)
Event: 27.453 Thread 0x00007ffc740f4000 nmethod 4433 0x000000010757bb50 code [0x000000010757c280, 0x0000000107580fe8]
Event: 27.453 Thread 0x00007ffc740f4000 4434       3       java.lang.Integer::parseInt (7 bytes)
Event: 27.453 Thread 0x00007ffc740f4000 nmethod 4434 0x000000010757b7d0 code [0x000000010757b940, 0x000000010757baa8]
Event: 27.453 Thread 0x00007ffc740f4000 4435       3       java.lang.Character::valueOf (21 bytes)
Event: 27.453 Thread 0x00007ffc740f4000 nmethod 4435 0x000000010706cb50 code [0x000000010706ccc0, 0x000000010706cf70]
Event: 27.455 Thread 0x00007ffc740f4000 4436       3       java.util.zip.ZipFile::access$500 (6 bytes)
Event: 27.455 Thread 0x00007ffc740f4000 nmethod 4436 0x0000000106e4e810 code [0x0000000106e4e980, 0x0000000106e4eae8]
Event: 27.457 Thread 0x00007ffc740f4000 4438       3       java.util.zip.ZipFile::access$900 (7 bytes)
Event: 27.458 Thread 0x00007ffc740f4000 nmethod 4438 0x0000000106fdf650 code [0x0000000106fdf7c0, 0x0000000106fdf928]

GC Heap History (10 events):
Event: 1.245 GC heap before
{Heap before GC invocations=4 (full 0):
 PSYoungGen      total 76288K, used 13727K [0x000000076ab00000, 0x0000000774000000, 0x00000007c0000000)
  eden space 65536K, 7% used [0x000000076ab00000,0x000000076afd8cc8,0x000000076eb00000)
  from space 10752K, 81% used [0x000000076eb00000,0x000000076f38f158,0x000000076f580000)
  to   space 10752K, 0% used [0x0000000773580000,0x0000000773580000,0x0000000774000000)
 ParOldGen       total 175104K, used 32K [0x00000006c0000000, 0x00000006cab00000, 0x000000076ab00000)
  object space 175104K, 0% used [0x00000006c0000000,0x00000006c0008000,0x00000006cab00000)
 Metaspace       used 20731K, capacity 21582K, committed 21628K, reserved 1069056K
  class space    used 2677K, capacity 2858K, committed 2864K, reserved 1048576K
Event: 1.252 GC heap after
Heap after GC invocations=4 (full 0):
 PSYoungGen      total 141824K, used 6930K [0x000000076ab00000, 0x0000000774000000, 0x00000007c0000000)
  eden space 131072K, 0% used [0x000000076ab00000,0x000000076ab00000,0x0000000772b00000)
  from space 10752K, 64% used [0x0000000773580000,0x0000000773c449f0,0x0000000774000000)
  to   space 10752K, 0% used [0x0000000772b00000,0x0000000772b00000,0x0000000773580000)
 ParOldGen       total 175104K, used 40K [0x00000006c0000000, 0x00000006cab00000, 0x000000076ab00000)
  object space 175104K, 0% used [0x00000006c0000000,0x00000006c000a000,0x00000006cab00000)
 Metaspace       used 20731K, capacity 21582K, committed 21628K, reserved 1069056K
  class space    used 2677K, capacity 2858K, committed 2864K, reserved 1048576K
}
Event: 1.252 GC heap before
{Heap before GC invocations=5 (full 1):
 PSYoungGen      total 141824K, used 6930K [0x000000076ab00000, 0x0000000774000000, 0x00000007c0000000)
  eden space 131072K, 0% used [0x000000076ab00000,0x000000076ab00000,0x0000000772b00000)
  from space 10752K, 64% used [0x0000000773580000,0x0000000773c449f0,0x0000000774000000)
  to   space 10752K, 0% used [0x0000000772b00000,0x0000000772b00000,0x0000000773580000)
 ParOldGen       total 175104K, used 40K [0x00000006c0000000, 0x00000006cab00000, 0x000000076ab00000)
  object space 175104K, 0% used [0x00000006c0000000,0x00000006c000a000,0x00000006cab00000)
 Metaspace       used 20731K, capacity 21582K, committed 21628K, reserved 1069056K
  class space    used 2677K, capacity 2858K, committed 2864K, reserved 1048576K
Event: 1.279 GC heap after
Heap after GC invocations=5 (full 1):
 PSYoungGen      total 141824K, used 0K [0x000000076ab00000, 0x0000000774000000, 0x00000007c0000000)
  eden space 131072K, 0% used [0x000000076ab00000,0x000000076ab00000,0x0000000772b00000)
  from space 10752K, 0% used [0x0000000773580000,0x0000000773580000,0x0000000774000000)
  to   space 10752K, 0% used [0x0000000772b00000,0x0000000772b00000,0x0000000773580000)
 ParOldGen       total 86528K, used 6735K [0x00000006c0000000, 0x00000006c5480000, 0x000000076ab00000)
  object space 86528K, 7% used [0x00000006c0000000,0x00000006c0693fb8,0x00000006c5480000)
 Metaspace       used 20731K, capacity 21582K, committed 21628K, reserved 1069056K
  class space    used 2677K, capacity 2858K, committed 2864K, reserved 1048576K
}
Event: 2.478 GC heap before
{Heap before GC invocations=6 (full 1):
 PSYoungGen      total 141824K, used 131072K [0x000000076ab00000, 0x0000000774000000, 0x00000007c0000000)
  eden space 131072K, 100% used [0x000000076ab00000,0x0000000772b00000,0x0000000772b00000)
  from space 10752K, 0% used [0x0000000773580000,0x0000000773580000,0x0000000774000000)
  to   space 10752K, 0% used [0x0000000772b00000,0x0000000772b00000,0x0000000773580000)
 ParOldGen       total 86528K, used 6735K [0x00000006c0000000, 0x00000006c5480000, 0x000000076ab00000)
  object space 86528K, 7% used [0x00000006c0000000,0x00000006c0693fb8,0x00000006c5480000)
 Metaspace       used 28668K, capacity 30010K, committed 30256K, reserved 1075200K
  class space    used 3776K, capacity 4038K, committed 4144K, reserved 1048576K
Event: 2.491 GC heap after
Heap after GC invocations=6 (full 1):
 PSYoungGen      total 141824K, used 10741K [0x000000076ab00000, 0x000000077a580000, 0x00000007c0000000)
  eden space 131072K, 0% used [0x000000076ab00000,0x000000076ab00000,0x0000000772b00000)
  from space 10752K, 99% used [0x0000000772b00000,0x000000077357d4c8,0x0000000773580000)
  to   space 13312K, 0% used [0x0000000779880000,0x0000000779880000,0x000000077a580000)
 ParOldGen       total 86528K, used 9264K [0x00000006c0000000, 0x00000006c5480000, 0x000000076ab00000)
  object space 86528K, 10% used [0x00000006c0000000,0x00000006c090c180,0x00000006c5480000)
 Metaspace       used 28668K, capacity 30010K, committed 30256K, reserved 1075200K
  class space    used 3776K, capacity 4038K, committed 4144K, reserved 1048576K
}
Event: 3.113 GC heap before
{Heap before GC invocations=7 (full 1):
 PSYoungGen      total 141824K, used 81314K [0x000000076ab00000, 0x000000077a580000, 0x00000007c0000000)
  eden space 131072K, 53% used [0x000000076ab00000,0x000000076efeb360,0x0000000772b00000)
  from space 10752K, 99% used [0x0000000772b00000,0x000000077357d4c8,0x0000000773580000)
  to   space 13312K, 0% used [0x0000000779880000,0x0000000779880000,0x000000077a580000)
 ParOldGen       total 86528K, used 9264K [0x00000006c0000000, 0x00000006c5480000, 0x000000076ab00000)
  object space 86528K, 10% used [0x00000006c0000000,0x00000006c090c180,0x00000006c5480000)
 Metaspace       used 34087K, capacity 35808K, committed 36016K, reserved 1081344K
  class space    used 4584K, capacity 4915K, committed 5040K, reserved 1048576K
Event: 3.124 GC heap after
Heap after GC invocations=7 (full 1):
 PSYoungGen      total 236544K, used 11325K [0x000000076ab00000, 0x000000077a400000, 0x00000007c0000000)
  eden space 224768K, 0% used [0x000000076ab00000,0x000000076ab00000,0x0000000778680000)
  from space 11776K, 96% used [0x0000000779880000,0x000000077a38f478,0x000000077a400000)
  to   space 13824K, 0% used [0x0000000778900000,0x0000000778900000,0x0000000779680000)
 ParOldGen       total 86528K, used 9272K [0x00000006c0000000, 0x00000006c5480000, 0x000000076ab00000)
  object space 86528K, 10% used [0x00000006c0000000,0x00000006c090e180,0x00000006c5480000)
 Metaspace       used 34087K, capacity 35808K, committed 36016K, reserved 1081344K
  class space    used 4584K, capacity 4915K, committed 5040K, reserved 1048576K
}
Event: 3.124 GC heap before
{Heap before GC invocations=8 (full 2):
 PSYoungGen      total 236544K, used 11325K [0x000000076ab00000, 0x000000077a400000, 0x00000007c0000000)
  eden space 224768K, 0% used [0x000000076ab00000,0x000000076ab00000,0x0000000778680000)
  from space 11776K, 96% used [0x0000000779880000,0x000000077a38f478,0x000000077a400000)
  to   space 13824K, 0% used [0x0000000778900000,0x0000000778900000,0x0000000779680000)
 ParOldGen       total 86528K, used 9272K [0x00000006c0000000, 0x00000006c5480000, 0x000000076ab00000)
  object space 86528K, 10% used [0x00000006c0000000,0x00000006c090e180,0x00000006c5480000)
 Metaspace       used 34087K, capacity 35808K, committed 36016K, reserved 1081344K
  class space    used 4584K, capacity 4915K, committed 5040K, reserved 1048576K
Event: 3.174 GC heap after
Heap after GC invocations=8 (full 2):
 PSYoungGen      total 236544K, used 0K [0x000000076ab00000, 0x000000077a400000, 0x00000007c0000000)
  eden space 224768K, 0% used [0x000000076ab00000,0x000000076ab00000,0x0000000778680000)
  from space 11776K, 0% used [0x0000000779880000,0x0000000779880000,0x000000077a400000)
  to   space 13824K, 0% used [0x0000000778900000,0x0000000778900000,0x0000000779680000)
 ParOldGen       total 122368K, used 15893K [0x00000006c0000000, 0x00000006c7780000, 0x000000076ab00000)
  object space 122368K, 12% used [0x00000006c0000000,0x00000006c0f855e0,0x00000006c7780000)
 Metaspace       used 34087K, capacity 35808K, committed 36016K, reserved 1081344K
  class space    used 4584K, capacity 4915K, committed 5040K, reserved 1048576K
}

Deoptimization events (10 events):
Event: 27.288 Thread 0x00007ffc795d9000 Uncommon trap: reason=unstable_if action=reinterpret pc=0x0000000107671b98 method=java.lang.Class.annotationData()Ljava/lang/Class$AnnotationData; @ 36
Event: 27.306 Thread 0x00007ffc795d9000 Uncommon trap: reason=unstable_if action=reinterpret pc=0x000000010700a1ac method=java.util.concurrent.ConcurrentHashMap.putVal(Ljava/lang/Object;Ljava/lang/Object;Z)Ljava/lang/Object; @ 98
Event: 27.323 Thread 0x00007ffc795d9000 Uncommon trap: reason=unstable_if action=reinterpret pc=0x00000001074a0540 method=java.lang.reflect.Executable.declaredAnnotations()Ljava/util/Map; @ 19
Event: 27.357 Thread 0x00007ffc795d9000 Uncommon trap: reason=unstable_if action=reinterpret pc=0x0000000107085ce4 method=java.lang.CharacterDataLatin1.isWhitespace(I)Z @ 14
Event: 27.357 Thread 0x00007ffc795d9000 Uncommon trap: reason=unstable_if action=reinterpret pc=0x0000000106ca3220 method=java.lang.CharacterDataLatin1.isWhitespace(I)Z @ 14
Event: 27.406 Thread 0x00007ffc795d9000 Uncommon trap: reason=class_check action=maybe_recompile pc=0x0000000107544b58 method=java.util.AbstractList$Itr.hasNext()Z @ 8
Event: 27.406 Thread 0x00007ffc795d9000 Uncommon trap: reason=class_check action=maybe_recompile pc=0x00000001075447a0 method=java.util.AbstractList$Itr.next()Ljava/lang/Object; @ 14
Event: 27.465 Thread 0x00007ffc795d9000 Uncommon trap: reason=class_check action=maybe_recompile pc=0x00000001075f7aec method=org.springframework.boot.context.properties.source.SpringConfigurationPropertySources$SourcesIterator.fetchNext()Lorg/springframework/boot/context/properties/source/Conf
Event: 27.467 Thread 0x00007ffc795d9000 Uncommon trap: reason=class_check action=maybe_recompile pc=0x00000001075f7abc method=org.springframework.boot.context.properties.source.SpringConfigurationPropertySources.adapt(Lorg/springframework/core/env/PropertySource;)Lorg/springframework/boot/conte
Event: 27.469 Thread 0x00007ffc795d9000 Uncommon trap: reason=class_check action=maybe_recompile pc=0x00000001075f7abc method=org.springframework.boot.context.properties.source.SpringConfigurationPropertySources.adapt(Lorg/springframework/core/env/PropertySource;)Lorg/springframework/boot/conte

Classes redefined (0 events):
No events

Internal exceptions (10 events):
Event: 3.697 Thread 0x00007ffc74015800 Exception <a 'java/lang/NoSuchMethodError': java.lang.Object.builder()Lreactor/netty/http/server/WebsocketServerSpec$Builder;> (0x000000076d603d90) thrown at [/Users/admin/Downloads/openjdk/jdk8u/hotspot/src/share/vm/interpreter/linkResolver.cpp, line 620
Event: 4.018 Thread 0x00007ffc74015800 Implicit null exception at 0x00000001070c5431 to 0x00000001070c5551
Event: 4.372 Thread 0x00007ffc75fff000 Exception <a 'java/net/SocketTimeoutException': Read timed out> (0x00000007715035a8) thrown at [/Users/admin/Downloads/openjdk/jdk8u/hotspot/src/share/vm/prims/jni.cpp, line 738]
Event: 4.389 Thread 0x00007ffc74015800 Exception <a 'java/lang/NoSuchMethodError': java.lang.Object.lambda$static$0(Ljava/lang/Object;)Ljava/lang/Object;> (0x00000007714dd800) thrown at [/Users/admin/Downloads/openjdk/jdk8u/hotspot/src/share/vm/interpreter/linkResolver.cpp, line 620]
Event: 4.457 Thread 0x00007ffc74015800 Exception <a 'java/lang/UnsatisfiedLinkError': io.netty.channel.epoll.Native.offsetofEpollData()I> (0x0000000771af76c8) thrown at [/Users/admin/Downloads/openjdk/jdk8u/hotspot/src/share/vm/prims/nativeLookup.cpp, line 384]
Event: 4.459 Thread 0x00007ffc74015800 Exception <a 'java/lang/ExceptionInInitializerError'> (0x0000000771af84a0) thrown at [/Users/admin/Downloads/openjdk/jdk8u/hotspot/src/share/vm/oops/instanceKlass.cpp, line 969]
Event: 4.560 Thread 0x00007ffc7b8a8800 Exception <a 'java/net/UnknownHostException'> (0x000000076c9dbd88) thrown at [/Users/admin/Downloads/openjdk/jdk8u/hotspot/src/share/vm/prims/jni.cpp, line 738]
Event: 4.562 Thread 0x00007ffc7b8a8800 Exception <a 'java/net/UnknownHostException'> (0x000000076c9dc090) thrown at [/Users/admin/Downloads/openjdk/jdk8u/hotspot/src/share/vm/prims/jni.cpp, line 738]
Event: 27.416 Thread 0x00007ffc795d9000 Exception <a 'java/lang/NoSuchMethodError': java.lang.Object.lambda$getRequiredAttribute$0(Ljava/lang/String;)Ljava/lang/String;> (0x000000077362c618) thrown at [/Users/admin/Downloads/openjdk/jdk8u/hotspot/src/share/vm/interpreter/linkResolver.cpp, line 
Event: 27.420 Thread 0x00007ffc795d9000 Exception <a 'java/lang/NoSuchMethodError': java.lang.Object.from(Ljava/lang/Object;)Lreactor/core/Scannable;> (0x00000007736a4870) thrown at [/Users/admin/Downloads/openjdk/jdk8u/hotspot/src/share/vm/interpreter/linkResolver.cpp, line 620]

Events (10 events):
Event: 27.482 loading class reactor/core/publisher/MonoSingle$SingleSubscriber
Event: 27.482 loading class reactor/core/publisher/MonoSingle$SingleSubscriber done
Event: 27.483 loading class java/lang/StrictMath
Event: 27.483 loading class java/lang/StrictMath done
Event: 27.483 loading class org/springframework/core/io/buffer/NettyDataBuffer
Event: 27.483 loading class org/springframework/core/io/buffer/NettyDataBuffer done
Event: 27.484 loading class io/netty/buffer/ByteBufOutputStream
Event: 27.484 loading class io/netty/buffer/ByteBufOutputStream done
Event: 27.485 loading class io/netty/buffer/ByteBufInputStream
Event: 27.485 loading class io/netty/buffer/ByteBufInputStream done


Dynamic libraries:
0x00007fff34f91000 	/System/Library/Frameworks/Cocoa.framework/Versions/A/Cocoa
0x00007fff221ce000 	/System/Library/Frameworks/Security.framework/Versions/A/Security
0x00007fff33190000 	/System/Library/Frameworks/ApplicationServices.framework/Versions/A/ApplicationServices
0x00007fff2a453000 	/usr/lib/libz.1.dylib
0x00007fff2a51b000 	/usr/lib/libSystem.B.dylib
0x00007fff20396000 	/System/Library/Frameworks/CoreFoundation.framework/Versions/A/CoreFoundation
0x00007fff21143000 	/System/Library/Frameworks/Foundation.framework/Versions/C/Foundation
0x00007fff201b6000 	/usr/lib/libobjc.A.dylib
0x00007fff22bf4000 	/System/Library/Frameworks/AppKit.framework/Versions/C/AppKit
0x00007fff25a8a000 	/System/Library/Frameworks/CoreData.framework/Versions/A/CoreData
0x00007fff23957000 	/System/Library/PrivateFrameworks/UIFoundation.framework/Versions/A/UIFoundation
0x00007fff2fb74000 	/System/Library/PrivateFrameworks/RemoteViewServices.framework/Versions/A/RemoteViewServices
0x00007fff2897d000 	/System/Library/PrivateFrameworks/XCTTargetBootstrap.framework/Versions/A/XCTTargetBootstrap
0x00007fff2b65a000 	/usr/lib/libspindump.dylib
0x00007fff23bab000 	/System/Library/Frameworks/UniformTypeIdentifiers.framework/Versions/A/UniformTypeIdentifiers
0x00007fff27154000 	/usr/lib/libapp_launch_measurement.dylib
0x00007fff27157000 	/System/Library/PrivateFrameworks/CoreAutoLayout.framework/Versions/A/CoreAutoLayout
0x00007fff282df000 	/System/Library/Frameworks/Metal.framework/Versions/A/Metal
0x00007fff28fce000 	/usr/lib/liblangid.dylib
0x00007fff28981000 	/System/Library/PrivateFrameworks/CoreSVG.framework/Versions/A/CoreSVG
0x00007fff24b92000 	/System/Library/PrivateFrameworks/SkyLight.framework/Versions/A/SkyLight
0x00007fff24ef8000 	/System/Library/Frameworks/CoreGraphics.framework/Versions/A/CoreGraphics
0x00007fff301cb000 	/System/Library/Frameworks/Accelerate.framework/Versions/A/Accelerate
0x00007fff2b095000 	/System/Library/PrivateFrameworks/IconServices.framework/Versions/A/IconServices
0x00007fff282c4000 	/System/Library/Frameworks/IOSurface.framework/Versions/A/IOSurface
0x00007fff26413000 	/usr/lib/libDiagnosticMessagesClient.dylib
0x00007fff28969000 	/System/Library/PrivateFrameworks/DFRFoundation.framework/Versions/A/DFRFoundation
0x00007fff22520000 	/usr/lib/libicucore.A.dylib
0x00007fff2cb9c000 	/System/Library/Frameworks/AudioToolbox.framework/Versions/A/AudioToolbox
0x00007fff2be42000 	/System/Library/PrivateFrameworks/DataDetectorsCore.framework/Versions/A/DataDetectorsCore
0x00007fff28669000 	/System/Library/Frameworks/Carbon.framework/Versions/A/Frameworks/HIToolbox.framework/Versions/A/HIToolbox
0x00007fff26bac000 	/System/Library/Frameworks/QuartzCore.framework/Versions/A/QuartzCore
0x00007fff2fbb0000 	/System/Library/Frameworks/Carbon.framework/Versions/A/Frameworks/SpeechRecognition.framework/Versions/A/SpeechRecognition
0x00007fff26ebc000 	/System/Library/PrivateFrameworks/CoreUI.framework/Versions/A/CoreUI
0x00007fff21b2a000 	/System/Library/Frameworks/CoreAudio.framework/Versions/A/CoreAudio
0x00007fff264fe000 	/System/Library/Frameworks/DiskArbitration.framework/Versions/A/DiskArbitration
0x00007fff2ba55000 	/System/Library/PrivateFrameworks/MultitouchSupport.framework/Versions/A/MultitouchSupport
0x00007fff2be39000 	/System/Library/PrivateFrameworks/InternationalSupport.framework/Versions/A/InternationalSupport
0x00007fff24b06000 	/usr/lib/libenergytrace.dylib
0x00007fff22aee000 	/System/Library/Frameworks/IOKit.framework/Versions/A/IOKit
0x00007fff2fefd000 	/System/Library/Frameworks/CoreServices.framework/Versions/A/CoreServices
0x00007fff270ea000 	/System/Library/PrivateFrameworks/PerformanceAnalysis.framework/Versions/A/PerformanceAnalysis
0x00007fff6c7fa000 	/System/Library/Frameworks/OpenGL.framework/Versions/A/OpenGL
0x00007fff2bebe000 	/System/Library/PrivateFrameworks/UserActivity.framework/Versions/A/UserActivity
0x00007fff2558c000 	/System/Library/Frameworks/ColorSync.framework/Versions/A/ColorSync
0x00007fff28be5000 	/System/Library/Frameworks/CoreImage.framework/Versions/A/CoreImage
0x00007fff21941000 	/System/Library/Frameworks/CoreText.framework/Versions/A/CoreText
0x00007fff289ab000 	/System/Library/Frameworks/ImageIO.framework/Versions/A/ImageIO
0x00007fff2a521000 	/System/Library/PrivateFrameworks/SoftLinking.framework/Versions/A/SoftLinking
0x00007fff271a0000 	/usr/lib/libxml2.2.dylib
0x00007fff2027b000 	/usr/lib/libc++.1.dylib
0x00007fff2a793000 	/usr/lib/libcompression.dylib
0x00007fff24b07000 	/usr/lib/libMobileGestalt.dylib
0x00007fff2bd6c000 	/System/Library/PrivateFrameworks/TextureIO.framework/Versions/A/TextureIO
0x00007fff2adb8000 	/usr/lib/libate.dylib
0x00007fff2a515000 	/usr/lib/system/libcache.dylib
0x00007fff2a4d1000 	/usr/lib/system/libcommonCrypto.dylib
0x00007fff2a4fb000 	/usr/lib/system/libcompiler_rt.dylib
0x00007fff2a4f0000 	/usr/lib/system/libcopyfile.dylib
0x00007fff200a5000 	/usr/lib/system/libcorecrypto.dylib
0x00007fff20171000 	/usr/lib/system/libdispatch.dylib
0x00007fff20325000 	/usr/lib/system/libdyld.dylib
0x00007fff2a50c000 	/usr/lib/system/libkeymgr.dylib
0x00007fff2d94e000 	/usr/lib/system/liblaunch.dylib
0x00007fff2a4af000 	/usr/lib/system/libmacho.dylib
0x00007fff29cca000 	/usr/lib/system/libquarantine.dylib
0x00007fff2a509000 	/usr/lib/system/libremovefile.dylib
0x00007fff24b63000 	/usr/lib/system/libsystem_asl.dylib
0x00007fff20055000 	/usr/lib/system/libsystem_blocks.dylib
0x00007fff201f2000 	/usr/lib/system/libsystem_c.dylib
0x00007fff2a503000 	/usr/lib/system/libsystem_collections.dylib
0x00007fff28fbf000 	/usr/lib/system/libsystem_configuration.dylib
0x00007fff282b3000 	/usr/lib/system/libsystem_containermanager.dylib
0x00007fff2a24b000 	/usr/lib/system/libsystem_coreservices.dylib
0x00007fff22782000 	/usr/lib/system/libsystem_darwin.dylib
0x00007fff2a50d000 	/usr/lib/system/libsystem_dnssd.dylib
0x00007fff201ef000 	/usr/lib/system/libsystem_featureflags.dylib
0x00007fff2036a000 	/usr/lib/system/libsystem_info.dylib
0x00007fff2a466000 	/usr/lib/system/libsystem_m.dylib
0x00007fff20144000 	/usr/lib/system/libsystem_malloc.dylib
0x00007fff24af7000 	/usr/lib/system/libsystem_networkextension.dylib
0x00007fff22b9c000 	/usr/lib/system/libsystem_notify.dylib
0x00007fff2fdfb000 	/usr/lib/system/libsystem_product_info_filter.dylib
0x00007fff28fc3000 	/usr/lib/system/libsystem_sandbox.dylib
0x00007fff2a506000 	/usr/lib/system/libsystem_secinit.dylib
0x00007fff202ea000 	/usr/lib/system/libsystem_kernel.dylib
0x00007fff20360000 	/usr/lib/system/libsystem_platform.dylib
0x00007fff20319000 	/usr/lib/system/libsystem_pthread.dylib
0x00007fff26261000 	/usr/lib/system/libsystem_symptoms.dylib
0x00007fff2008d000 	/usr/lib/system/libsystem_trace.dylib
0x00007fff2a4dd000 	/usr/lib/system/libunwind.dylib
0x00007fff20057000 	/usr/lib/system/libxpc.dylib
0x00007fff202d1000 	/usr/lib/libc++abi.dylib
0x00007fff2a4e8000 	/usr/lib/liboah.dylib
0x00007fff2ab9e000 	/usr/lib/liblzma.5.dylib
0x00007fff20e57000 	/System/Library/Frameworks/SystemConfiguration.framework/Versions/A/SystemConfiguration
0x00007fff2a51d000 	/usr/lib/libfakelink.dylib
0x00007fff24659000 	/System/Library/Frameworks/CFNetwork.framework/Versions/A/CFNetwork
0x00007fff2a65d000 	/usr/lib/libarchive.2.dylib
0x00007fff20ed5000 	/usr/lib/libCRFSuite.dylib
0x00007fff29cf1000 	/usr/lib/libbsm.0.dylib
0x00007fff24015000 	/usr/lib/libnetwork.dylib
0x00007fff2a522000 	/usr/lib/libpcap.A.dylib
0x00007fff2625a000 	/usr/lib/libdns_services.dylib
0x00007fff2abb7000 	/usr/lib/libcoretls_cfhelpers.dylib
0x00007fff2a761000 	/usr/lib/libapple_nghttp2.dylib
0x00007fff2a4b5000 	/usr/lib/system/libkxld.dylib
0x00007fff25ec0000 	/usr/lib/libsqlite3.dylib
0x00007fff2a22d000 	/System/Library/PrivateFrameworks/AppleFSCompression.framework/Versions/A/AppleFSCompression
0x00007fff29cd9000 	/usr/lib/libcoretls.dylib
0x00007fff2a78e000 	/usr/lib/libpam.2.dylib
0x00007fff2acb3000 	/usr/lib/libxar.1.dylib
0x00007fff28fca000 	/System/Library/PrivateFrameworks/AppleSystemInfo.framework/Versions/A/AppleSystemInfo
0x00007fff2991c000 	/System/Library/PrivateFrameworks/IOMobileFramebuffer.framework/Versions/A/IOMobileFramebuffer
0x00007fff2a23d000 	/usr/lib/libbz2.1.0.dylib
0x00007fff2a55a000 	/usr/lib/libiconv.2.dylib
0x00007fff2a4ae000 	/usr/lib/libcharset.1.dylib
0x00007fff27126000 	/System/Library/Frameworks/CoreServices.framework/Versions/A/Frameworks/FSEvents.framework/Versions/A/FSEvents
0x00007fff2278c000 	/System/Library/Frameworks/CoreServices.framework/Versions/A/Frameworks/CarbonCore.framework/Versions/A/CarbonCore
0x00007fff26463000 	/System/Library/Frameworks/CoreServices.framework/Versions/A/Frameworks/Metadata.framework/Versions/A/Metadata
0x00007fff2a250000 	/System/Library/Frameworks/CoreServices.framework/Versions/A/Frameworks/OSServices.framework/Versions/A/OSServices
0x00007fff2a6cf000 	/System/Library/Frameworks/CoreServices.framework/Versions/A/Frameworks/SearchKit.framework/Versions/A/SearchKit
0x00007fff261e4000 	/System/Library/Frameworks/CoreServices.framework/Versions/A/Frameworks/AE.framework/Versions/A/AE
0x00007fff20832000 	/System/Library/Frameworks/CoreServices.framework/Versions/A/Frameworks/LaunchServices.framework/Versions/A/LaunchServices
0x00007fff2ab4f000 	/System/Library/Frameworks/CoreServices.framework/Versions/A/Frameworks/DictionaryServices.framework/Versions/A/DictionaryServices
0x00007fff2712f000 	/System/Library/Frameworks/CoreServices.framework/Versions/A/Frameworks/SharedFileList.framework/Versions/A/SharedFileList
0x00007fff29ccd000 	/usr/lib/libCheckFix.dylib
0x00007fff24b7a000 	/System/Library/PrivateFrameworks/TCC.framework/Versions/A/TCC
0x00007fff28fd0000 	/System/Library/PrivateFrameworks/CoreNLP.framework/Versions/A/CoreNLP
0x00007fff26416000 	/System/Library/PrivateFrameworks/MetadataUtilities.framework/Versions/A/MetadataUtilities
0x00007fff20f0b000 	/usr/lib/libmecabra.dylib
0x00007fff29fe0000 	/System/Library/Frameworks/MLCompute.framework/Versions/A/MLCompute
0x00007fff29d02000 	/usr/lib/libmecab.dylib
0x00007fff29d4c000 	/usr/lib/libgermantok.dylib
0x00007fff2a737000 	/usr/lib/libThaiTokenizer.dylib
0x00007fff2acee000 	/usr/lib/libChineseTokenizer.dylib
0x00007fff2a78c000 	/System/Library/Frameworks/MetalPerformanceShaders.framework/Versions/A/MetalPerformanceShaders
0x00007fff26505000 	/System/Library/Frameworks/Accelerate.framework/Versions/A/Frameworks/vImage.framework/Versions/A/vImage
0x00007fff2fed6000 	/System/Library/Frameworks/Accelerate.framework/Versions/A/Frameworks/vecLib.framework/Versions/A/vecLib
0x00007fff2acf9000 	/System/Library/Frameworks/Accelerate.framework/Versions/A/Frameworks/vecLib.framework/Versions/A/libvMisc.dylib
0x00007fff29735000 	/System/Library/Frameworks/Accelerate.framework/Versions/A/Frameworks/vecLib.framework/Versions/A/libvDSP.dylib
0x00007fff20b36000 	/System/Library/Frameworks/Accelerate.framework/Versions/A/Frameworks/vecLib.framework/Versions/A/libBLAS.dylib
0x00007fff2a7b2000 	/System/Library/Frameworks/Accelerate.framework/Versions/A/Frameworks/vecLib.framework/Versions/A/libLAPACK.dylib
0x00007fff29d52000 	/System/Library/Frameworks/Accelerate.framework/Versions/A/Frameworks/vecLib.framework/Versions/A/libLinearAlgebra.dylib
0x00007fff2a779000 	/System/Library/Frameworks/Accelerate.framework/Versions/A/Frameworks/vecLib.framework/Versions/A/libSparseBLAS.dylib
0x00007fff2a7ac000 	/System/Library/Frameworks/Accelerate.framework/Versions/A/Frameworks/vecLib.framework/Versions/A/libQuadrature.dylib
0x00007fff29078000 	/System/Library/Frameworks/Accelerate.framework/Versions/A/Frameworks/vecLib.framework/Versions/A/libBNNS.dylib
0x00007fff20de8000 	/System/Library/Frameworks/Accelerate.framework/Versions/A/Frameworks/vecLib.framework/Versions/A/libSparse.dylib
0x00007fff28f63000 	/System/Library/Frameworks/MetalPerformanceShaders.framework/Versions/A/Frameworks/MPSCore.framework/Versions/A/MPSCore
0x00007fff2a19c000 	/System/Library/Frameworks/MetalPerformanceShaders.framework/Versions/A/Frameworks/MPSImage.framework/Versions/A/MPSImage
0x00007fff29d68000 	/System/Library/Frameworks/MetalPerformanceShaders.framework/Versions/A/Frameworks/MPSNeuralNetwork.framework/Versions/A/MPSNeuralNetwork
0x00007fff2a127000 	/System/Library/Frameworks/MetalPerformanceShaders.framework/Versions/A/Frameworks/MPSMatrix.framework/Versions/A/MPSMatrix
0x00007fff29f90000 	/System/Library/Frameworks/MetalPerformanceShaders.framework/Versions/A/Frameworks/MPSRayIntersector.framework/Versions/A/MPSRayIntersector
0x00007fff2a15e000 	/System/Library/Frameworks/MetalPerformanceShaders.framework/Versions/A/Frameworks/MPSNDArray.framework/Versions/A/MPSNDArray
0x00007fff20a62000 	/System/Library/PrivateFrameworks/MetalTools.framework/Versions/A/MetalTools
0x00007fff28fc8000 	/System/Library/PrivateFrameworks/AggregateDictionary.framework/Versions/A/AggregateDictionary
0x00007fff263ee000 	/System/Library/PrivateFrameworks/CoreAnalytics.framework/Versions/A/CoreAnalytics
0x00007fff2a739000 	/System/Library/PrivateFrameworks/AppleSauce.framework/Versions/A/AppleSauce
0x00007fff282d6000 	/System/Library/PrivateFrameworks/IOAccelerator.framework/Versions/A/IOAccelerator
0x00007fff6c7ee000 	/System/Library/Frameworks/OpenGL.framework/Versions/A/Libraries/libCoreFSCache.dylib
0x00007fff214a7000 	/System/Library/PrivateFrameworks/LanguageModeling.framework/Versions/A/LanguageModeling
0x00007fff29909000 	/System/Library/PrivateFrameworks/CoreEmoji.framework/Versions/A/CoreEmoji
0x00007fff29071000 	/System/Library/PrivateFrameworks/LinguisticData.framework/Versions/A/LinguisticData
0x00007fff20d9a000 	/System/Library/PrivateFrameworks/Lexicon.framework/Versions/A/Lexicon
0x00007fff2a64b000 	/usr/lib/libcmph.dylib
0x00007fff27106000 	/System/Library/Frameworks/OpenDirectory.framework/Versions/A/Frameworks/CFOpenDirectory.framework/Versions/A/CFOpenDirectory
0x00007fff270f6000 	/System/Library/Frameworks/OpenDirectory.framework/Versions/A/OpenDirectory
0x00007fff2abb9000 	/System/Library/PrivateFrameworks/APFS.framework/Versions/A/APFS
0x00007fff29c2e000 	/System/Library/Frameworks/SecurityFoundation.framework/Versions/A/SecurityFoundation
0x00007fff2acc1000 	/usr/lib/libutil.dylib
0x00007fff22ab3000 	/System/Library/PrivateFrameworks/CoreServicesStore.framework/Versions/A/CoreServicesStore
0x00007fff29cc5000 	/System/Library/Frameworks/ServiceManagement.framework/Versions/A/ServiceManagement
0x00007fff2acc5000 	/usr/lib/libxslt.1.dylib
0x00007fff29cbb000 	/System/Library/PrivateFrameworks/BackgroundTaskManagement.framework/Versions/A/BackgroundTaskManagement
0x00007fff2bcb6000 	/System/Library/Frameworks/ImageIO.framework/Versions/A/Resources/libRadiance.dylib
0x00007fff2bcc0000 	/System/Library/Frameworks/ImageIO.framework/Versions/A/Resources/libJPEG.dylib
0x00007fff2bc0f000 	/System/Library/Frameworks/ImageIO.framework/Versions/A/Resources/libPng.dylib
0x00007fff2bc36000 	/System/Library/Frameworks/ImageIO.framework/Versions/A/Resources/libTIFF.dylib
0x00007fff2bd15000 	/System/Library/Frameworks/ImageIO.framework/Versions/A/Resources/libGIF.dylib
0x00007fff2b972000 	/System/Library/Frameworks/ImageIO.framework/Versions/A/Resources/libJP2.dylib
0x00007fff2b05c000 	/usr/lib/libexpat.1.dylib
0x00007fff2b927000 	/System/Library/PrivateFrameworks/AppleJPEG.framework/Versions/A/AppleJPEG
0x00007fff2850c000 	/System/Library/PrivateFrameworks/FontServices.framework/libFontParser.dylib
0x00007fff26198000 	/System/Library/PrivateFrameworks/RunningBoardServices.framework/Versions/A/RunningBoardServices
0x00007fff2ba51000 	/System/Library/PrivateFrameworks/WatchdogClient.framework/Versions/A/WatchdogClient
0x00007fff21594000 	/System/Library/Frameworks/CoreDisplay.framework/Versions/A/CoreDisplay
0x00007fff28422000 	/System/Library/Frameworks/CoreMedia.framework/Versions/A/CoreMedia
0x00007fff27283000 	/System/Library/Frameworks/CoreVideo.framework/Versions/A/CoreVideo
0x00007fff2ba89000 	/System/Library/Frameworks/VideoToolbox.framework/Versions/A/VideoToolbox
0x00007fff26116000 	/System/Library/PrivateFrameworks/BaseBoard.framework/Versions/A/BaseBoard
0x00007fff2b1a1000 	/System/Library/PrivateFrameworks/PersistentConnection.framework/Versions/A/PersistentConnection
0x00007fff25ea9000 	/System/Library/PrivateFrameworks/ProtocolBuffer.framework/Versions/A/ProtocolBuffer
0x00007fff260fd000 	/System/Library/PrivateFrameworks/CommonUtilities.framework/Versions/A/CommonUtilities
0x00007fff2b8bc000 	/System/Library/PrivateFrameworks/Bom.framework/Versions/A/Bom
0x00007fff2bcaf000 	/System/Library/PrivateFrameworks/GPUWrangler.framework/Versions/A/GPUWrangler
0x00007fff2bc94000 	/System/Library/PrivateFrameworks/IOPresentment.framework/Versions/A/IOPresentment
0x00007fff2bcba000 	/System/Library/PrivateFrameworks/DSExternalDisplay.framework/Versions/A/DSExternalDisplay
0x00007fff2bd1a000 	/System/Library/PrivateFrameworks/CMCaptureCore.framework/Versions/A/CMCaptureCore
0x00007fff2b641000 	/System/Library/PrivateFrameworks/AppServerSupport.framework/Versions/A/AppServerSupport
0x00007fff2d6ed000 	/System/Library/PrivateFrameworks/perfdata.framework/Versions/A/perfdata
0x00007fff29c1d000 	/System/Library/PrivateFrameworks/AssertionServices.framework/Versions/A/AssertionServices
0x00007fff216cb000 	/System/Library/PrivateFrameworks/AudioToolboxCore.framework/Versions/A/AudioToolboxCore
0x00007fff28405000 	/System/Library/PrivateFrameworks/caulk.framework/Versions/A/caulk
0x00007fff3d37a000 	/System/Library/PrivateFrameworks/SystemPolicy.framework/Versions/A/SystemPolicy
0x00007fff2ae51000 	/usr/lib/libIOReport.dylib
0x00007fff2cf0f000 	/usr/lib/libSMC.dylib
0x00007fff2bbdc000 	/usr/lib/libAudioToolboxUtility.dylib
0x00007fff3dce4000 	/usr/lib/libmis.dylib
0x00007fff6c84a000 	/System/Library/Frameworks/OpenGL.framework/Versions/A/Libraries/libGLU.dylib
0x00007fff6c80d000 	/System/Library/Frameworks/OpenGL.framework/Versions/A/Libraries/libGFXShared.dylib
0x00007fff6ca1c000 	/System/Library/Frameworks/OpenGL.framework/Versions/A/Libraries/libGL.dylib
0x00007fff6c816000 	/System/Library/Frameworks/OpenGL.framework/Versions/A/Libraries/libGLImage.dylib
0x00007fff6c80a000 	/System/Library/Frameworks/OpenGL.framework/Versions/A/Libraries/libCVMSPluginSupport.dylib
0x00007fff6c7f5000 	/System/Library/Frameworks/OpenGL.framework/Versions/A/Libraries/libCoreVMClient.dylib
0x00007fff6de5d000 	/System/Library/Frameworks/OpenCL.framework/Versions/A/OpenCL
0x00007fff2b1cb000 	/System/Library/PrivateFrameworks/GraphVisualizer.framework/Versions/A/GraphVisualizer
0x00007fff2b1da000 	/System/Library/PrivateFrameworks/FaceCore.framework/Versions/A/FaceCore
0x00007fff2b5f6000 	/System/Library/PrivateFrameworks/OTSVG.framework/Versions/A/OTSVG
0x00007fff26e7a000 	/System/Library/Frameworks/ApplicationServices.framework/Versions/A/Frameworks/ATS.framework/Versions/A/Resources/libFontRegistry.dylib
0x00007fff2b648000 	/System/Library/PrivateFrameworks/FontServices.framework/libhvf.dylib
0x00007fff2b008000 	/System/Library/PrivateFrameworks/AppleVA.framework/Versions/A/AppleVA
0x00007fff2cd58000 	/System/Library/Frameworks/ApplicationServices.framework/Versions/A/Frameworks/ATS.framework/Versions/A/ATS
0x00007fff2d06a000 	/System/Library/Frameworks/ApplicationServices.framework/Versions/A/Frameworks/ColorSyncLegacy.framework/Versions/A/ColorSyncLegacy
0x00007fff25683000 	/System/Library/Frameworks/ApplicationServices.framework/Versions/A/Frameworks/HIServices.framework/Versions/A/HIServices
0x00007fff2d04f000 	/System/Library/Frameworks/ApplicationServices.framework/Versions/A/Frameworks/LangAnalysis.framework/Versions/A/LangAnalysis
0x00007fff2bd24000 	/System/Library/Frameworks/ApplicationServices.framework/Versions/A/Frameworks/PrintCore.framework/Versions/A/PrintCore
0x00007fff2d072000 	/System/Library/Frameworks/ApplicationServices.framework/Versions/A/Frameworks/QD.framework/Versions/A/QD
0x00007fff2cd48000 	/System/Library/Frameworks/ApplicationServices.framework/Versions/A/Frameworks/SpeechSynthesis.framework/Versions/A/SpeechSynthesis
0x00007fff2bce5000 	/System/Library/Frameworks/ApplicationServices.framework/Versions/A/Frameworks/ATSUI.framework/Versions/A/ATSUI
0x00007fff2cfef000 	/usr/lib/libcups.2.dylib
0x00007fff2d05f000 	/System/Library/PrivateFrameworks/NetAuth.framework/Versions/A/NetAuth
0x00007fff2d709000 	/System/Library/Frameworks/Kerberos.framework/Versions/A/Kerberos
0x00007fff2d719000 	/System/Library/Frameworks/GSS.framework/Versions/A/GSS
0x00007fff2cdc4000 	/usr/lib/libresolv.9.dylib
0x00007fff2b65d000 	/System/Library/PrivateFrameworks/Heimdal.framework/Versions/A/Heimdal
0x00007fff33490000 	/System/Library/Frameworks/Kerberos.framework/Versions/A/Libraries/libHeimdalProxy.dylib
0x00007fff26269000 	/System/Library/Frameworks/Network.framework/Versions/A/Network
0x00007fff2b076000 	/usr/lib/libheimdal-asn1.dylib
0x00007fff2d769000 	/System/Library/PrivateFrameworks/CommonAuth.framework/Versions/A/CommonAuth
0x00007fff272d0000 	/System/Library/PrivateFrameworks/login.framework/Versions/A/Frameworks/loginsupport.framework/Versions/A/loginsupport
0x00007fff2cccd000 	/System/Library/PrivateFrameworks/AudioSession.framework/Versions/A/AudioSession
0x00007fff2cd35000 	/usr/lib/libAudioStatistics.dylib
0x00007fff2b103000 	/System/Library/PrivateFrameworks/MediaExperience.framework/Versions/A/MediaExperience
0x00007fff2cb6a000 	/System/Library/PrivateFrameworks/AudioSession.framework/libSessionUtility.dylib
0x00007fff2d6fa000 	/usr/lib/libperfcheck.dylib
0x00007fff2d07e000 	/System/Library/PrivateFrameworks/AudioResourceArbitration.framework/Versions/A/AudioResourceArbitration
0x00007fff2b080000 	/System/Library/PrivateFrameworks/IconFoundation.framework/Versions/A/IconFoundation
0x00007fff2fba0000 	/System/Library/PrivateFrameworks/SpeechRecognitionCore.framework/Versions/A/SpeechRecognitionCore
0x0000000106000000 	/Library/Java/JavaVirtualMachines/openlogic-openjdk-8.jdk/Contents/Home/jre/lib/server/libjvm.dylib
0x000000010153c000 	/Library/Java/JavaVirtualMachines/openlogic-openjdk-8.jdk/Contents/Home/jre/lib/libverify.dylib
0x000000010154d000 	/Library/Java/JavaVirtualMachines/openlogic-openjdk-8.jdk/Contents/Home/jre/lib/libjava.dylib
0x0000000101581000 	/Library/Java/JavaVirtualMachines/openlogic-openjdk-8.jdk/Contents/Home/jre/lib/libinstrument.dylib
0x00000001015ed000 	/Library/Java/JavaVirtualMachines/openlogic-openjdk-8.jdk/Contents/Home/jre/lib/libzip.dylib
0x000000012156c000 	/Library/Java/JavaVirtualMachines/openlogic-openjdk-8.jdk/Contents/Home/jre/lib/libnio.dylib
0x000000012157f000 	/Library/Java/JavaVirtualMachines/openlogic-openjdk-8.jdk/Contents/Home/jre/lib/libnet.dylib
0x00000001219bf000 	/Library/Java/JavaVirtualMachines/openlogic-openjdk-8.jdk/Contents/Home/jre/lib/libmanagement.dylib

VM Arguments:
jvm_args: -javaagent:/Applications/IntelliJ IDEA.app/Contents/lib/idea_rt.jar=54325:/Applications/IntelliJ IDEA.app/Contents/bin -Dfile.encoding=UTF-8 
java_command: org.sid.gatewaysevice.GatewaySeviceApplication
java_class_path (initial): /Library/Java/JavaVirtualMachines/openlogic-openjdk-8.jdk/Contents/Home/jre/lib/charsets.jar:/Library/Java/JavaVirtualMachines/openlogic-openjdk-8.jdk/Contents/Home/jre/lib/ext/cldrdata.jar:/Library/Java/JavaVirtualMachines/openlogic-openjdk-8.jdk/Contents/Home/jre/lib/ext/dnsns.jar:/Library/Java/JavaVirtualMachines/openlogic-openjdk-8.jdk/Contents/Home/jre/lib/ext/jaccess.jar:/Library/Java/JavaVirtualMachines/openlogic-openjdk-8.jdk/Contents/Home/jre/lib/ext/localedata.jar:/Library/Java/JavaVirtualMachines/openlogic-openjdk-8.jdk/Contents/Home/jre/lib/ext/nashorn.jar:/Library/Java/JavaVirtualMachines/openlogic-openjdk-8.jdk/Contents/Home/jre/lib/ext/sunec.jar:/Library/Java/JavaVirtualMachines/openlogic-openjdk-8.jdk/Contents/Home/jre/lib/ext/sunjce_provider.jar:/Library/Java/JavaVirtualMachines/openlogic-openjdk-8.jdk/Contents/Home/jre/lib/ext/sunpkcs11.jar:/Library/Java/JavaVirtualMachines/openlogic-openjdk-8.jdk/Contents/Home/jre/lib/ext/zipfs.jar:/Library/Java/JavaVirtualMachines/openlogic-openjdk-8.jdk/Contents/Home/jre/lib/jce.jar:/Library/Java/JavaVirtualMachines/openlogic-openjdk-8.jdk/Contents/Home/jre/lib/jfr.jar:/Library/Java/JavaVirtualMachines/openlogic-openjdk-8.jdk/Contents/Home/jre/lib/jsse.jar:/Library/Java/JavaVirtualMachines/openlogic-openjdk-8.jdk/Contents/Home/jre/lib/management-agent.jar:/Library/Java/JavaVirtualMachines/openlogic-openjdk-8.jdk/Contents/Home/jre/lib/resources.jar:/Library/Java/JavaVirtualMachines/openlogic-openjdk-8.jdk/Contents/Home/jre/lib/rt.jar:/Library/Java/JavaVirtualMachines/openlogic-openjdk-8.jdk/Contents/Home/lib/dt.jar:/Library/Java/JavaVirtualMachines/openlogic-openjdk-8.jdk/Contents/Home/lib/jconsole.jar:/Library/Java/JavaVirtualMachines/openlogic-openjdk-8.jdk/Contents/Home/lib/sa-jdi.jar:/Library/Java/JavaVirtualMachines/openlogic-openjdk-8.jdk/Contents/Home/lib/tools.jar:/Users/mac/Desktop/TpJee/gateway-sevice/target/classes:/Users/mac/.m2/repository/org/springframework/boot/spring-b
Launcher Type: SUN_STANDARD

Environment Variables:
PATH=/opt/anaconda3/bin:/opt/anaconda3/condabin:/Library/Frameworks/Python.framework/Versions/3.9/bin:/usr/local/bin:/usr/bin:/bin:/usr/sbin:/sbin:/Library/Apple/usr/bin:/Users/mac/flutter/bin
SHELL=/bin/bash

Signal Handlers:
SIGSEGV: [libjvm.dylib+0x59bf4f], sa_mask[0]=11111111011111110111111111111111, sa_flags=SA_ONSTACK|SA_RESTART|SA_SIGINFO
SIGBUS: [libjvm.dylib+0x59bf4f], sa_mask[0]=11111111011111110111111111111111, sa_flags=SA_RESTART|SA_SIGINFO
SIGFPE: [libjvm.dylib+0x48c941], sa_mask[0]=11111111011111110111111111111111, sa_flags=SA_RESTART|SA_SIGINFO
SIGPIPE: [libjvm.dylib+0x48c941], sa_mask[0]=11111111011111110111111111111111, sa_flags=SA_RESTART|SA_SIGINFO
SIGXFSZ: [libjvm.dylib+0x48c941], sa_mask[0]=11111111011111110111111111111111, sa_flags=SA_RESTART|SA_SIGINFO
SIGILL: [libjvm.dylib+0x48c941], sa_mask[0]=11111111011111110111111111111111, sa_flags=SA_RESTART|SA_SIGINFO
SIGUSR1: SIG_DFL, sa_mask[0]=00000000000000000000000000000000, sa_flags=none
SIGUSR2: [libjvm.dylib+0x48d23a], sa_mask[0]=00100000000000000000000000000000, sa_flags=SA_RESTART|SA_SIGINFO
SIGHUP: [libjvm.dylib+0x48b3f9], sa_mask[0]=11111111011111110111111111111111, sa_flags=SA_RESTART|SA_SIGINFO
SIGINT: [libjvm.dylib+0x48b3f9], sa_mask[0]=11111111011111110111111111111111, sa_flags=SA_RESTART|SA_SIGINFO
SIGTERM: [libjvm.dylib+0x48b3f9], sa_mask[0]=11111111011111110111111111111111, sa_flags=SA_RESTART|SA_SIGINFO
SIGQUIT: [libjvm.dylib+0x48b3f9], sa_mask[0]=11111111011111110111111111111111, sa_flags=SA_RESTART|SA_SIGINFO


---------------  S Y S T E M  ---------------

OS:Bsduname:Darwin 20.2.0 Darwin Kernel Version 20.2.0: Wed Dec  2 20:39:59 PST 2020; root:xnu-7195.60.75~1/RELEASE_X86_64 x86_64
rlimit: STACK 8192k, CORE 0k, NPROC 2784, NOFILE 10240, AS infinity
load average:3.73 3.60 3.30

CPU:total 8 (initial active 8) (4 cores per cpu, 2 threads per core) family 6 model 158 stepping 9, cmov, cx8, fxsr, mmx, sse, sse2, sse3, ssse3, sse4.1, sse4.2, popcnt, avx, avx2, aes, clmul, erms, 3dnowpref, lzcnt, ht, tsc, tscinvbit, bmi1, bmi2, adx

Memory: 4k page, physical 16777216k(735672k free)

/proc/meminfo:


vm_info: OpenJDK 64-Bit Server VM (25.262-b10) for bsd-amd64 JRE (1.8.0_262-internal-b10), built on Aug  1 2020 12:09:44 by "admin" with gcc 4.2.1 Compatible Apple LLVM 10.0.0 (clang-1000.11.45.5)

time: Thu Dec 31 18:08:14 2020
timezone: +01
elapsed time: 27 seconds (0d 0h 0m 27s)

